file = ../llavezzo_Run2023C_NoBPTX_22Sep2023_v4_231110_181323_1042/JobCluster_3430/Job_3430912.tar.bz2
Could not extract report file from: ../llavezzo_Run2023C_NoBPTX_22Sep2023_v4_231110_181323_1042/JobCluster_3430/Job_3430912.tar.bz2, skipping.
file = ../llavezzo_Run2023C_NoBPTX_22Sep2023_v4_231110_181323_1042/JobCluster_3448/Job_3448311.tar.bz2
file = ../llavezzo_Run2023C_NoBPTX_22Sep2023_v4_231110_181323_1042/JobCluster_3441/Job_3441800.tar.bz2
file = ../llavezzo_Run2023C_NoBPTX_22Sep2023_v4_231110_181323_1042/JobCluster_3426/Job_3426821.tar.bz2
file = ../llavezzo_Run2023C_NoBPTX_22Sep2023_v4_231110_181323_1042/JobCluster_3481/Job_3481745.tar.bz2
file = ../llavezzo_Run2023C_NoBPTX_22Sep2023_v4_231110_181323_1042/JobCluster_3840/Job_3840042.tar.bz2
Could not extract report file from: ../llavezzo_Run2023C_NoBPTX_22Sep2023_v4_231110_181323_1042/JobCluster_3840/Job_3840042.tar.bz2, skipping.
file = ../llavezzo_Run2023C_NoBPTX_22Sep2023_v4_231110_181323_1042/JobCluster_3425/Job_3425315.tar.bz2
file = ../llavezzo_Run2023C_NoBPTX_22Sep2023_v4_231110_181323_1042/JobCluster_3504/Job_3504752.tar.bz2
Could not extract report file from: ../llavezzo_Run2023C_NoBPTX_22Sep2023_v4_231110_181323_1042/JobCluster_3504/Job_3504752.tar.bz2, skipping.
file = ../llavezzo_Run2023C_NoBPTX_22Sep2023_v4_231110_181323_1042/JobCluster_3433/Job_3433942.tar.bz2
Could not extract report file from: ../llavezzo_Run2023C_NoBPTX_22Sep2023_v4_231110_181323_1042/JobCluster_3433/Job_3433942.tar.bz2, skipping.
file = ../llavezzo_Run2023C_NoBPTX_22Sep2023_v4_231110_181323_1042/JobCluster_3463/Job_3463914.tar.bz2
file = ../llavezzo_Run2023C_NoBPTX_22Sep2023_v4_231110_181323_1042/JobCluster_3458/Job_3458732.tar.bz2
Could not extract report file from: ../llavezzo_Run2023C_NoBPTX_22Sep2023_v4_231110_181323_1042/JobCluster_3458/Job_3458732.tar.bz2, skipping.
file = ../llavezzo_Run2023C_NoBPTX_22Sep2023_v4_231110_181323_1042/JobCluster_3423/Job_3423783.tar.bz2
file = ../llavezzo_Run2023C_NoBPTX_22Sep2023_v4_231110_181323_1042/JobCluster_3915/Job_3915435.tar.bz2
file = ../llavezzo_Run2023C_NoBPTX_22Sep2023_v4_231110_181323_1042/JobCluster_3461/Job_3461113.tar.bz2
file = ../llavezzo_Run2023C_NoBPTX_22Sep2023_v4_231110_181323_1042/JobCluster_3923/Job_3923972.tar.bz2
Could not extract report file from: ../llavezzo_Run2023C_NoBPTX_22Sep2023_v4_231110_181323_1042/JobCluster_3923/Job_3923972.tar.bz2, skipping.
file = ../llavezzo_Run2023C_NoBPTX_22Sep2023_v4_231110_181323_1042/JobCluster_3392/Job_3392875.tar.bz2
file = ../llavezzo_Run2023C_NoBPTX_22Sep2023_v4_231110_181323_1042/JobCluster_3438/Job_3438199.tar.bz2
file = ../llavezzo_Run2023C_NoBPTX_22Sep2023_v4_231110_181323_1042/JobCluster_3439/Job_3439927.tar.bz2
file = ../llavezzo_Run2023C_NoBPTX_22Sep2023_v4_231110_181323_1042/JobCluster_3427/Job_3427015.tar.bz2
file = ../llavezzo_Run2023C_NoBPTX_22Sep2023_v4_231110_181323_1042/JobCluster_3924/Job_3924858.tar.bz2
file = ../llavezzo_Run2023C_NoBPTX_22Sep2023_v4_231110_181323_1042/JobCluster_3415/Job_3415893.tar.bz2
file = ../llavezzo_Run2023C_NoBPTX_22Sep2023_v4_231110_181323_1042/JobCluster_3855/Job_3855906.tar.bz2
file = ../llavezzo_Run2023C_NoBPTX_22Sep2023_v4_231110_181323_1042/JobCluster_3391/Job_3391199.tar.bz2
file = ../llavezzo_Run2023C_NoBPTX_22Sep2023_v4_231110_181323_1042/JobCluster_3854/Job_3854980.tar.bz2
file = ../llavezzo_Run2023C_NoBPTX_22Sep2023_v4_231110_181323_1042/JobCluster_3390/Job_3390914.tar.bz2
file = ../llavezzo_Run2023C_NoBPTX_22Sep2023_v4_231110_181323_1042/JobCluster_3428/Job_3428492.tar.bz2
Could not extract report file from: ../llavezzo_Run2023C_NoBPTX_22Sep2023_v4_231110_181323_1042/JobCluster_3428/Job_3428492.tar.bz2, skipping.
file = ../llavezzo_Run2023C_NoBPTX_22Sep2023_v4_231110_181323_1042/JobCluster_3447/Job_3447096.tar.bz2
file = ../llavezzo_Run2023C_NoBPTX_22Sep2023_v4_231110_181323_1042/JobCluster_3387/Job_3387672.tar.bz2
Could not extract report file from: ../llavezzo_Run2023C_NoBPTX_22Sep2023_v4_231110_181323_1042/JobCluster_3387/Job_3387672.tar.bz2, skipping.
file = ../llavezzo_Run2023C_NoBPTX_22Sep2023_v4_231110_181323_1042/JobCluster_3842/Job_3842950.tar.bz2
file = ../llavezzo_Run2023C_NoBPTX_22Sep2023_v4_231110_181323_1042/JobCluster_3443/Job_3443273.tar.bz2
file = ../llavezzo_Run2023C_NoBPTX_22Sep2023_v4_231110_181323_1042/JobCluster_3434/Job_3434156.tar.bz2
file = ../llavezzo_Run2023C_NoBPTX_22Sep2023_v4_231110_181323_1042/JobCluster_3892/Job_3892076.tar.bz2
file = ../llavezzo_Run2023C_NoBPTX_22Sep2023_v4_231110_181323_1042/JobCluster_3403/Job_3403569.tar.bz2
file = ../llavezzo_Run2023C_NoBPTX_22Sep2023_v4_231110_181323_1042/JobCluster_3385/Job_3385526.tar.bz2
file = ../llavezzo_Run2023C_NoBPTX_22Sep2023_v4_231110_181323_1042/JobCluster_3393/Job_3393001.tar.bz2
file = ../llavezzo_Run2023C_NoBPTX_22Sep2023_v4_231110_181323_1042/JobCluster_3474/Job_3474797.tar.bz2
file = ../llavezzo_Run2023C_NoBPTX_22Sep2023_v4_231110_181323_1042/JobCluster_3407/Job_3407502.tar.bz2
Could not extract report file from: ../llavezzo_Run2023C_NoBPTX_22Sep2023_v4_231110_181323_1042/JobCluster_3407/Job_3407502.tar.bz2, skipping.
file = ../llavezzo_Run2023C_NoBPTX_22Sep2023_v4_231110_181323_1042/JobCluster_3453/Job_3453611.tar.bz2
file = ../llavezzo_Run2023C_NoBPTX_22Sep2023_v4_231110_181323_1042/JobCluster_3440/Job_3440032.tar.bz2
Could not extract report file from: ../llavezzo_Run2023C_NoBPTX_22Sep2023_v4_231110_181323_1042/JobCluster_3440/Job_3440032.tar.bz2, skipping.
file = ../llavezzo_Run2023C_NoBPTX_22Sep2023_v4_231110_181323_1042/JobCluster_3435/Job_3435662.tar.bz2
Could not extract report file from: ../llavezzo_Run2023C_NoBPTX_22Sep2023_v4_231110_181323_1042/JobCluster_3435/Job_3435662.tar.bz2, skipping.
file = ../llavezzo_Run2023C_NoBPTX_22Sep2023_v4_231110_181323_1042/JobCluster_3839/Job_3839552.tar.bz2
Could not extract report file from: ../llavezzo_Run2023C_NoBPTX_22Sep2023_v4_231110_181323_1042/JobCluster_3839/Job_3839552.tar.bz2, skipping.
file = ../llavezzo_Run2023C_NoBPTX_22Sep2023_v4_231110_181323_1042/JobCluster_3927/Job_3927482.tar.bz2
Could not extract report file from: ../llavezzo_Run2023C_NoBPTX_22Sep2023_v4_231110_181323_1042/JobCluster_3927/Job_3927482.tar.bz2, skipping.
file = ../llavezzo_Run2023C_NoBPTX_22Sep2023_v4_231110_181323_1042/JobCluster_3444/Job_3444478.tar.bz2
file = ../llavezzo_Run2023C_NoBPTX_22Sep2023_v4_231110_181323_1042/JobCluster_3491/Job_3491141.tar.bz2
file = ../llavezzo_Run2023C_NoBPTX_22Sep2023_v4_231110_181323_1042/JobCluster_3404/Job_3404435.tar.bz2
file = ../llavezzo_Run2023C_NoBPTX_22Sep2023_v4_231110_181323_1042/JobCluster_3473/Job_3473037.tar.bz2
file = ../llavezzo_Run2023C_NoBPTX_22Sep2023_v4_231110_181323_1042/JobCluster_3388/Job_3388253.tar.bz2
file = ../llavezzo_Run2023C_NoBPTX_22Sep2023_v4_231110_181323_1042/JobCluster_3510/Job_3510718.tar.bz2
file = ../llavezzo_Run2023C_NoBPTX_22Sep2023_v4_231110_181323_1042/JobCluster_3371/Job_3371454.tar.bz2
file = ../llavezzo_Run2023C_NoBPTX_22Sep2023_v4_231110_181323_1042/JobCluster_3832/Job_3832703.tar.bz2
file = ../llavezzo_Run2023C_NoBPTX_22Sep2023_v4_231110_181323_1042/JobCluster_3926/Job_3926480.tar.bz2
file = ../llavezzo_Run2023C_NoBPTX_22Sep2023_v4_231110_181323_1042/JobCluster_3384/Job_3384726.tar.bz2
file = ../llavezzo_Run2023C_NoBPTX_22Sep2023_v4_231110_181323_1042/JobCluster_3506/Job_3506210.tar.bz2
file = ../llavezzo_Run2023C_NoBPTX_22Sep2023_v4_231110_181323_1042/JobCluster_3919/Job_3919557.tar.bz2
file = ../llavezzo_Run2023C_NoBPTX_22Sep2023_v4_231110_181323_1042/JobCluster_3422/Job_3422896.tar.bz2
file = ../llavezzo_Run2023C_NoBPTX_22Sep2023_v4_231110_181323_1042/JobCluster_3457/Job_3457763.tar.bz2
file = ../llavezzo_Run2023C_NoBPTX_22Sep2023_v4_231110_181323_1042/JobCluster_3835/Job_3835294.tar.bz2
file = ../llavezzo_Run2023C_NoBPTX_22Sep2023_v4_231110_181323_1042/JobCluster_3420/Job_3420185.tar.bz2
file = ../llavezzo_Run2023C_NoBPTX_22Sep2023_v4_231110_181323_1042/JobCluster_3419/Job_3419801.tar.bz2
file = ../llavezzo_Run2023C_NoBPTX_22Sep2023_v4_231110_181323_1042/JobCluster_3509/Job_3509905.tar.bz2
file = ../llavezzo_Run2023C_NoBPTX_22Sep2023_v4_231110_181323_1042/JobCluster_3450/Job_3450852.tar.bz2
Could not extract report file from: ../llavezzo_Run2023C_NoBPTX_22Sep2023_v4_231110_181323_1042/JobCluster_3450/Job_3450852.tar.bz2, skipping.
file = ../llavezzo_Run2023C_NoBPTX_22Sep2023_v4_231110_181323_1042/JobCluster_3856/Job_3856241.tar.bz2
file = ../llavezzo_Run2023C_NoBPTX_22Sep2023_v4_231110_181323_1042/JobCluster_3925/Job_3925030.tar.bz2
file = ../llavezzo_Run2023C_NoBPTX_22Sep2023_v4_231110_181323_1042/JobCluster_3850/Job_3850584.tar.bz2
file = ../llavezzo_Run2023C_NoBPTX_22Sep2023_v4_231110_181323_1042/JobCluster_3480/Job_3480382.tar.bz2
Could not extract report file from: ../llavezzo_Run2023C_NoBPTX_22Sep2023_v4_231110_181323_1042/JobCluster_3480/Job_3480382.tar.bz2, skipping.
file = ../llavezzo_Run2023C_NoBPTX_22Sep2023_v4_231110_181323_1042/JobCluster_3455/Job_3455592.tar.bz2
Could not extract report file from: ../llavezzo_Run2023C_NoBPTX_22Sep2023_v4_231110_181323_1042/JobCluster_3455/Job_3455592.tar.bz2, skipping.
file = ../llavezzo_Run2023C_NoBPTX_22Sep2023_v4_231110_181323_1042/JobCluster_3847/Job_3847350.tar.bz2
---------------------------------
Report file: ../llavezzo_Run2023C_NoBPTX_22Sep2023_v4_231110_181323_1042/JobCluster_3448/Job_3448311.tar.bz2
WMTimes collected: {'WM_wrapper': 428.0, 'cmsRun1': 417.3562169075012, 'cmsRun1--WMCMSSWSubprocess': 388.04194688796997, 'cmsRun1--TotalJobTime': 386.053, 'stageOut1': 7.9214160442352295, 'logArch1': 0.9386632442474365}
Efficiency of SumOfAllSteps vs Wrapper (WC time) = 99.58324677476259 %
- cmsRun metrics
[cmsRun1] Efficiency of cmsRun step TotalJobTime vs WMCMSSWSubprocess = 99.487440235799
Total Efficiency of cmsRuns totalJobTime vs Wrapper WC Time= 90.19929906542056 %
Total Efficiency of cmsRuns SubProcess WC Times vs Wrapper WC Time = 90.66400628223597 %
WM_subprocess_eff[cmsRun1] = 99.487440235799 %
---------------------------------
Report file: ../llavezzo_Run2023C_NoBPTX_22Sep2023_v4_231110_181323_1042/JobCluster_3441/Job_3441800.tar.bz2
WMTimes collected: {'WM_wrapper': 1002.0, 'cmsRun1': 992.2405297756195, 'cmsRun1--WMCMSSWSubprocess': 946.9277453422546, 'cmsRun1--TotalJobTime': 943.412, 'stageOut1': 6.739180088043213, 'logArch1': 0.7554922103881836}
Efficiency of SumOfAllSteps vs Wrapper (WC time) = 99.77397226287933 %
- cmsRun metrics
[cmsRun1] Efficiency of cmsRun step TotalJobTime vs WMCMSSWSubprocess = 99.62872084385025
Total Efficiency of cmsRuns totalJobTime vs Wrapper WC Time= 94.15289421157685 %
Total Efficiency of cmsRuns SubProcess WC Times vs Wrapper WC Time = 94.50376700022501 %
WM_subprocess_eff[cmsRun1] = 99.62872084385025 %
---------------------------------
Report file: ../llavezzo_Run2023C_NoBPTX_22Sep2023_v4_231110_181323_1042/JobCluster_3426/Job_3426821.tar.bz2
WMTimes collected: {'WM_wrapper': 7242.0, 'cmsRun1': 7229.596266746521, 'cmsRun1--WMCMSSWSubprocess': 7185.139768838882, 'cmsRun1--TotalJobTime': 7177.13, 'stageOut1': 1.386868953704834, 'logArch1': 7.870802879333496}
Efficiency of SumOfAllSteps vs Wrapper (WC time) = 99.95655811349847 %
- cmsRun metrics
[cmsRun1] Efficiency of cmsRun step TotalJobTime vs WMCMSSWSubprocess = 99.88852313112099
Total Efficiency of cmsRuns totalJobTime vs Wrapper WC Time= 99.10425296879315 %
Total Efficiency of cmsRuns SubProcess WC Times vs Wrapper WC Time = 99.2148545821442 %
WM_subprocess_eff[cmsRun1] = 99.88852313112099 %
---------------------------------
Report file: ../llavezzo_Run2023C_NoBPTX_22Sep2023_v4_231110_181323_1042/JobCluster_3481/Job_3481745.tar.bz2
There was an error collecting stats from report: /data/cmst1-tmp/scratch/Job_3481745/Report.0.pkl. Skip
'ConfigSection' object has no attribute 'WMCMSSWSubprocess'
---------------------------------
Report file: ../llavezzo_Run2023C_NoBPTX_22Sep2023_v4_231110_181323_1042/JobCluster_3425/Job_3425315.tar.bz2
WMTimes collected: {'WM_wrapper': 1690.0, 'cmsRun1': 1669.0712358951569, 'cmsRun1--WMCMSSWSubprocess': 1595.374180316925, 'cmsRun1--TotalJobTime': 1588.68, 'stageOut1': 14.06688904762268, 'logArch1': 2.77836012840271}
Efficiency of SumOfAllSteps vs Wrapper (WC time) = 99.75837189770309 %
- cmsRun metrics
[cmsRun1] Efficiency of cmsRun step TotalJobTime vs WMCMSSWSubprocess = 99.58040061074605
Total Efficiency of cmsRuns totalJobTime vs Wrapper WC Time= 94.00473372781065 %
Total Efficiency of cmsRuns SubProcess WC Times vs Wrapper WC Time = 94.4008390720074 %
WM_subprocess_eff[cmsRun1] = 99.58040061074605 %
---------------------------------
Report file: ../llavezzo_Run2023C_NoBPTX_22Sep2023_v4_231110_181323_1042/JobCluster_3463/Job_3463914.tar.bz2
WMTimes collected: {'WM_wrapper': 781.0, 'cmsRun1': 772.5653328895569, 'cmsRun1--WMCMSSWSubprocess': 723.4739849567413, 'cmsRun1--TotalJobTime': 719.422, 'stageOut1': 4.440704584121704, 'logArch1': 0.7819702625274658}
Efficiency of SumOfAllSteps vs Wrapper (WC time) = 99.58873338491755 %
- cmsRun metrics
[cmsRun1] Efficiency of cmsRun step TotalJobTime vs WMCMSSWSubprocess = 99.43992665375748
Total Efficiency of cmsRuns totalJobTime vs Wrapper WC Time= 92.11549295774648 %
Total Efficiency of cmsRuns SubProcess WC Times vs Wrapper WC Time = 92.63431305464037 %
WM_subprocess_eff[cmsRun1] = 99.43992665375748 %
---------------------------------
Report file: ../llavezzo_Run2023C_NoBPTX_22Sep2023_v4_231110_181323_1042/JobCluster_3423/Job_3423783.tar.bz2
WMTimes collected: {'WM_wrapper': 3446.0, 'cmsRun1': 3431.4737746715546, 'cmsRun1--WMCMSSWSubprocess': 3370.7268834114075, 'cmsRun1--TotalJobTime': 3364.59, 'stageOut1': 7.532124280929565, 'logArch1': 3.8043341636657715}
Efficiency of SumOfAllSteps vs Wrapper (WC time) = 99.90743566790917 %
- cmsRun metrics
[cmsRun1] Efficiency of cmsRun step TotalJobTime vs WMCMSSWSubprocess = 99.81793590451932
Total Efficiency of cmsRuns totalJobTime vs Wrapper WC Time= 97.63755078351713 %
Total Efficiency of cmsRuns SubProcess WC Times vs Wrapper WC Time = 97.8156379399712 %
WM_subprocess_eff[cmsRun1] = 99.81793590451932 %
---------------------------------
Report file: ../llavezzo_Run2023C_NoBPTX_22Sep2023_v4_231110_181323_1042/JobCluster_3915/Job_3915435.tar.bz2
WMTimes collected: {'WM_wrapper': 25.0, 'cleanupUnmergedMINIAODoutput': 21.638128519058228}
Efficiency of SumOfAllSteps vs Wrapper (WC time) = 86.55251407623291 %
- cmsRun metrics
---------------------------------
Report file: ../llavezzo_Run2023C_NoBPTX_22Sep2023_v4_231110_181323_1042/JobCluster_3461/Job_3461113.tar.bz2
WMTimes collected: {'WM_wrapper': 84.0, 'cleanupUnmergedNANOEDMAODoutput': 80.28044199943542}
Efficiency of SumOfAllSteps vs Wrapper (WC time) = 95.57195476123265 %
- cmsRun metrics
---------------------------------
Report file: ../llavezzo_Run2023C_NoBPTX_22Sep2023_v4_231110_181323_1042/JobCluster_3392/Job_3392875.tar.bz2
WMTimes collected: {'WM_wrapper': 4366.0, 'cmsRun1': 2403.6794939041138, 'cmsRun1--WMCMSSWSubprocess': 2324.237240076065, 'cmsRun1--TotalJobTime': 2314.12, 'stageOut1': 1675.252389907837, 'logArch1': 284.4559304714203}
Efficiency of SumOfAllSteps vs Wrapper (WC time) = 99.94016981867547 %
- cmsRun metrics
[cmsRun1] Efficiency of cmsRun step TotalJobTime vs WMCMSSWSubprocess = 99.56470708318338
Total Efficiency of cmsRuns totalJobTime vs Wrapper WC Time= 53.003206596426935 %
Total Efficiency of cmsRuns SubProcess WC Times vs Wrapper WC Time = 53.234934495558065 %
WM_subprocess_eff[cmsRun1] = 99.56470708318338 %
---------------------------------
Report file: ../llavezzo_Run2023C_NoBPTX_22Sep2023_v4_231110_181323_1042/JobCluster_3438/Job_3438199.tar.bz2
WMTimes collected: {'WM_wrapper': 3371.0, 'cmsRun1': 3361.4658074378967, 'cmsRun1--WMCMSSWSubprocess': 3337.0735149383545, 'cmsRun1--TotalJobTime': 3332.83, 'stageOut1': 2.6571240425109863, 'logArch1': 5.58472752571106}
Efficiency of SumOfAllSteps vs Wrapper (WC time) = 99.96166297852622 %
- cmsRun metrics
[cmsRun1] Efficiency of cmsRun step TotalJobTime vs WMCMSSWSubprocess = 99.87283723539926
Total Efficiency of cmsRuns totalJobTime vs Wrapper WC Time= 98.86769504598043 %
Total Efficiency of cmsRuns SubProcess WC Times vs Wrapper WC Time = 98.99357801656346 %
WM_subprocess_eff[cmsRun1] = 99.87283723539926 %
---------------------------------
Report file: ../llavezzo_Run2023C_NoBPTX_22Sep2023_v4_231110_181323_1042/JobCluster_3439/Job_3439927.tar.bz2
WMTimes collected: {'WM_wrapper': 4081.0, 'cmsRun1': 3761.43439245224, 'cmsRun1--WMCMSSWSubprocess': 3726.3036139011383, 'cmsRun1--TotalJobTime': 3720.76, 'stageOut1': 21.512895345687866, 'logArch1': 295.0777199268341}
Efficiency of SumOfAllSteps vs Wrapper (WC time) = 99.92710138997212 %
- cmsRun metrics
[cmsRun1] Efficiency of cmsRun step TotalJobTime vs WMCMSSWSubprocess = 99.85123021429447
Total Efficiency of cmsRuns totalJobTime vs Wrapper WC Time= 91.17275177652536 %
Total Efficiency of cmsRuns SubProcess WC Times vs Wrapper WC Time = 91.30859137224058 %
WM_subprocess_eff[cmsRun1] = 99.85123021429447 %
---------------------------------
Report file: ../llavezzo_Run2023C_NoBPTX_22Sep2023_v4_231110_181323_1042/JobCluster_3427/Job_3427015.tar.bz2
WMTimes collected: {'WM_wrapper': 641.0, 'cmsRun1': 611.0795006752014, 'cmsRun1--WMCMSSWSubprocess': 569.5025272369385, 'cmsRun1--TotalJobTime': 565.726, 'stageOut1': 25.370574235916138, 'logArch1': 1.098280668258667}
Efficiency of SumOfAllSteps vs Wrapper (WC time) = 99.46152193125994 %
- cmsRun metrics
[cmsRun1] Efficiency of cmsRun step TotalJobTime vs WMCMSSWSubprocess = 99.33687261138925
Total Efficiency of cmsRuns totalJobTime vs Wrapper WC Time= 88.25678627145086 %
Total Efficiency of cmsRuns SubProcess WC Times vs Wrapper WC Time = 88.84594808688587 %
WM_subprocess_eff[cmsRun1] = 99.33687261138925 %
---------------------------------
Report file: ../llavezzo_Run2023C_NoBPTX_22Sep2023_v4_231110_181323_1042/JobCluster_3924/Job_3924858.tar.bz2
WMTimes collected: {'WM_wrapper': 17.0, 'cleanupUnmergedMINIAODoutput': 13.451268196105957}
Efficiency of SumOfAllSteps vs Wrapper (WC time) = 79.1251070359174 %
- cmsRun metrics
---------------------------------
Report file: ../llavezzo_Run2023C_NoBPTX_22Sep2023_v4_231110_181323_1042/JobCluster_3415/Job_3415893.tar.bz2
WMTimes collected: {'WM_wrapper': 20.0, 'cleanupUnmergedMINIAODoutput': 19.17652440071106}
Efficiency of SumOfAllSteps vs Wrapper (WC time) = 95.8826220035553 %
- cmsRun metrics
---------------------------------
Report file: ../llavezzo_Run2023C_NoBPTX_22Sep2023_v4_231110_181323_1042/JobCluster_3855/Job_3855906.tar.bz2
WMTimes collected: {'WM_wrapper': 7.0, 'cleanupUnmergedMINIAODoutput': 6.080312013626099}
Efficiency of SumOfAllSteps vs Wrapper (WC time) = 86.86160019465855 %
- cmsRun metrics
---------------------------------
Report file: ../llavezzo_Run2023C_NoBPTX_22Sep2023_v4_231110_181323_1042/JobCluster_3391/Job_3391199.tar.bz2
WMTimes collected: {'WM_wrapper': 17651.0, 'cmsRun1': 17633.25096130371, 'cmsRun1--WMCMSSWSubprocess': 17512.787726402283, 'cmsRun1--TotalJobTime': 17507.5, 'stageOut1': 12.765079736709595, 'logArch1': 1.3838615417480469}
Efficiency of SumOfAllSteps vs Wrapper (WC time) = 99.9796040030716 %
- cmsRun metrics
[cmsRun1] Efficiency of cmsRun step TotalJobTime vs WMCMSSWSubprocess = 99.96980648378265
Total Efficiency of cmsRuns totalJobTime vs Wrapper WC Time= 99.18701490000566 %
Total Efficiency of cmsRuns SubProcess WC Times vs Wrapper WC Time = 99.2169719925346 %
WM_subprocess_eff[cmsRun1] = 99.96980648378265 %
---------------------------------
Report file: ../llavezzo_Run2023C_NoBPTX_22Sep2023_v4_231110_181323_1042/JobCluster_3854/Job_3854980.tar.bz2
WMTimes collected: {'WM_wrapper': 2.0, 'cleanupUnmergedNANOEDMAODoutput': 0.6507425308227539}
Efficiency of SumOfAllSteps vs Wrapper (WC time) = 32.537126541137695 %
- cmsRun metrics
---------------------------------
Report file: ../llavezzo_Run2023C_NoBPTX_22Sep2023_v4_231110_181323_1042/JobCluster_3390/Job_3390914.tar.bz2
WMTimes collected: {'WM_wrapper': 3026.0, 'cmsRun1': 3011.1189358234406, 'cmsRun1--WMCMSSWSubprocess': 2820.889289855957, 'cmsRun1--TotalJobTime': 2810.17, 'stageOut1': 4.65632963180542, 'logArch1': 3.124387502670288}
Efficiency of SumOfAllSteps vs Wrapper (WC time) = 99.76535535221137 %
- cmsRun metrics
[cmsRun1] Efficiency of cmsRun step TotalJobTime vs WMCMSSWSubprocess = 99.62000317082617
Total Efficiency of cmsRuns totalJobTime vs Wrapper WC Time= 92.86748182419035 %
Total Efficiency of cmsRuns SubProcess WC Times vs Wrapper WC Time = 93.22172140964828 %
WM_subprocess_eff[cmsRun1] = 99.62000317082617 %
---------------------------------
Report file: ../llavezzo_Run2023C_NoBPTX_22Sep2023_v4_231110_181323_1042/JobCluster_3447/Job_3447096.tar.bz2
WMTimes collected: {'WM_wrapper': 54.0, 'cleanupUnmergedNANOEDMAODoutput': 51.38115310668945}
Efficiency of SumOfAllSteps vs Wrapper (WC time) = 95.15028353090639 %
- cmsRun metrics
---------------------------------
Report file: ../llavezzo_Run2023C_NoBPTX_22Sep2023_v4_231110_181323_1042/JobCluster_3842/Job_3842950.tar.bz2
WMTimes collected: {'WM_wrapper': 206.0, 'cleanupUnmergedMINIAODoutput': 203.29228234291077}
Efficiency of SumOfAllSteps vs Wrapper (WC time) = 98.6855739528693 %
- cmsRun metrics
---------------------------------
Report file: ../llavezzo_Run2023C_NoBPTX_22Sep2023_v4_231110_181323_1042/JobCluster_3443/Job_3443273.tar.bz2
WMTimes collected: {'WM_wrapper': 980.0, 'cmsRun1': 956.1606693267822, 'cmsRun1--WMCMSSWSubprocess': 880.7889249324799, 'cmsRun1--TotalJobTime': 874.736, 'stageOut1': 17.879058361053467, 'logArch1': 1.3810300827026367}
Efficiency of SumOfAllSteps vs Wrapper (WC time) = 99.53273038474882 %
- cmsRun metrics
[cmsRun1] Efficiency of cmsRun step TotalJobTime vs WMCMSSWSubprocess = 99.31278371456091
Total Efficiency of cmsRuns totalJobTime vs Wrapper WC Time= 89.25877551020407 %
Total Efficiency of cmsRuns SubProcess WC Times vs Wrapper WC Time = 89.87642091147754 %
WM_subprocess_eff[cmsRun1] = 99.31278371456091 %
---------------------------------
Report file: ../llavezzo_Run2023C_NoBPTX_22Sep2023_v4_231110_181323_1042/JobCluster_3434/Job_3434156.tar.bz2
WMTimes collected: {'WM_wrapper': 587.0, 'cmsRun1': 576.8555545806885, 'cmsRun1--WMCMSSWSubprocess': 546.9071223735809, 'cmsRun1--TotalJobTime': 544.702, 'stageOut1': 8.089584589004517, 'logArch1': 1.030017375946045}
Efficiency of SumOfAllSteps vs Wrapper (WC time) = 99.82540997370342 %
- cmsRun metrics
[cmsRun1] Efficiency of cmsRun step TotalJobTime vs WMCMSSWSubprocess = 99.5968013062235
Total Efficiency of cmsRuns totalJobTime vs Wrapper WC Time= 92.79420783645655 %
Total Efficiency of cmsRuns SubProcess WC Times vs Wrapper WC Time = 93.16986752531191 %
WM_subprocess_eff[cmsRun1] = 99.5968013062235 %
---------------------------------
Report file: ../llavezzo_Run2023C_NoBPTX_22Sep2023_v4_231110_181323_1042/JobCluster_3892/Job_3892076.tar.bz2
WMTimes collected: {'WM_wrapper': 26.0, 'cleanupUnmergedMINIAODoutput': 22.33640193939209}
Efficiency of SumOfAllSteps vs Wrapper (WC time) = 85.90923822843112 %
- cmsRun metrics
---------------------------------
Report file: ../llavezzo_Run2023C_NoBPTX_22Sep2023_v4_231110_181323_1042/JobCluster_3403/Job_3403569.tar.bz2
WMTimes collected: {'WM_wrapper': 1005.0, 'cmsRun1': 989.7695684432983, 'cmsRun1--WMCMSSWSubprocess': 949.4866676330566, 'cmsRun1--TotalJobTime': 945.898, 'stageOut1': 10.763611793518066, 'logArch1': 1.835407018661499}
Efficiency of SumOfAllSteps vs Wrapper (WC time) = 99.7381678861172 %
- cmsRun metrics
[cmsRun1] Efficiency of cmsRun step TotalJobTime vs WMCMSSWSubprocess = 99.6220412823697
Total Efficiency of cmsRuns totalJobTime vs Wrapper WC Time= 94.11920398009951 %
Total Efficiency of cmsRuns SubProcess WC Times vs Wrapper WC Time = 94.47628533662255 %
WM_subprocess_eff[cmsRun1] = 99.6220412823697 %
---------------------------------
Report file: ../llavezzo_Run2023C_NoBPTX_22Sep2023_v4_231110_181323_1042/JobCluster_3385/Job_3385526.tar.bz2
WMTimes collected: {'WM_wrapper': 2368.0, 'cmsRun1': 2024.497938632965, 'cmsRun1--WMCMSSWSubprocess': 1966.237169265747, 'cmsRun1--TotalJobTime': 1962.67, 'stageOut1': 317.40956568717957, 'logArch1': 23.76201844215393}
Efficiency of SumOfAllSteps vs Wrapper (WC time) = 99.90158457611058 %
- cmsRun metrics
[cmsRun1] Efficiency of cmsRun step TotalJobTime vs WMCMSSWSubprocess = 99.81857889162582
Total Efficiency of cmsRuns totalJobTime vs Wrapper WC Time= 82.88302364864866 %
Total Efficiency of cmsRuns SubProcess WC Times vs Wrapper WC Time = 83.03366424264135 %
WM_subprocess_eff[cmsRun1] = 99.81857889162582 %
---------------------------------
Report file: ../llavezzo_Run2023C_NoBPTX_22Sep2023_v4_231110_181323_1042/JobCluster_3393/Job_3393001.tar.bz2
WMTimes collected: {'WM_wrapper': 5006.0, 'cmsRun1': 4994.895862340927, 'cmsRun1--WMCMSSWSubprocess': 4916.362502813339, 'cmsRun1--TotalJobTime': 4909.8, 'stageOut1': 6.015926361083984, 'logArch1': 1.2268798351287842}
Efficiency of SumOfAllSteps vs Wrapper (WC time) = 99.92286593162486 %
- cmsRun metrics
[cmsRun1] Efficiency of cmsRun step TotalJobTime vs WMCMSSWSubprocess = 99.86651710874486
Total Efficiency of cmsRuns totalJobTime vs Wrapper WC Time= 98.0783060327607 %
Total Efficiency of cmsRuns SubProcess WC Times vs Wrapper WC Time = 98.2093987777335 %
WM_subprocess_eff[cmsRun1] = 99.86651710874486 %
---------------------------------
Report file: ../llavezzo_Run2023C_NoBPTX_22Sep2023_v4_231110_181323_1042/JobCluster_3474/Job_3474797.tar.bz2
WMTimes collected: {'WM_wrapper': 985.0, 'cmsRun1': 960.9173746109009, 'cmsRun1--WMCMSSWSubprocess': 898.5238344669342, 'cmsRun1--TotalJobTime': 893.322, 'stageOut1': 19.31223225593567, 'logArch1': 1.115182638168335}
Efficiency of SumOfAllSteps vs Wrapper (WC time) = 99.62891264010202 %
- cmsRun metrics
[cmsRun1] Efficiency of cmsRun step TotalJobTime vs WMCMSSWSubprocess = 99.42106883897851
Total Efficiency of cmsRuns totalJobTime vs Wrapper WC Time= 90.6925888324873 %
Total Efficiency of cmsRuns SubProcess WC Times vs Wrapper WC Time = 91.22069385451108 %
WM_subprocess_eff[cmsRun1] = 99.42106883897851 %
---------------------------------
Report file: ../llavezzo_Run2023C_NoBPTX_22Sep2023_v4_231110_181323_1042/JobCluster_3453/Job_3453611.tar.bz2
WMTimes collected: {'WM_wrapper': 5274.0, 'cmsRun1': 5264.099895954132, 'cmsRun1--WMCMSSWSubprocess': 5225.030138015747, 'cmsRun1--TotalJobTime': 5218.24, 'stageOut1': 1.5355703830718994, 'logArch1': 5.68688440322876}
Efficiency of SumOfAllSteps vs Wrapper (WC time) = 99.94922925180948 %
- cmsRun metrics
[cmsRun1] Efficiency of cmsRun step TotalJobTime vs WMCMSSWSubprocess = 99.87004595502054
Total Efficiency of cmsRuns totalJobTime vs Wrapper WC Time= 98.94273795980281 %
Total Efficiency of cmsRuns SubProcess WC Times vs Wrapper WC Time = 99.07148536245253 %
WM_subprocess_eff[cmsRun1] = 99.87004595502054 %
---------------------------------
Report file: ../llavezzo_Run2023C_NoBPTX_22Sep2023_v4_231110_181323_1042/JobCluster_3444/Job_3444478.tar.bz2
WMTimes collected: {'WM_wrapper': 16.0, 'cleanupUnmergedNANOEDMAODoutput': 14.808762311935425}
Efficiency of SumOfAllSteps vs Wrapper (WC time) = 92.5547644495964 %
- cmsRun metrics
---------------------------------
Report file: ../llavezzo_Run2023C_NoBPTX_22Sep2023_v4_231110_181323_1042/JobCluster_3491/Job_3491141.tar.bz2
WMTimes collected: {'WM_wrapper': 151.0, 'cmsRun1': 146.13596558570862, 'cmsRun1--WMCMSSWSubprocess': 97.0088803768158, 'cmsRun1--TotalJobTime': 93.744, 'stageOut1': 0.6682217121124268, 'logArch1': 0.8234491348266602}
Efficiency of SumOfAllSteps vs Wrapper (WC time) = 97.76664664413755 %
- cmsRun metrics
[cmsRun1] Efficiency of cmsRun step TotalJobTime vs WMCMSSWSubprocess = 96.63445205827149
Total Efficiency of cmsRuns totalJobTime vs Wrapper WC Time= 62.082119205298014 %
Total Efficiency of cmsRuns SubProcess WC Times vs Wrapper WC Time = 64.24429164027536 %
WM_subprocess_eff[cmsRun1] = 96.63445205827149 %
---------------------------------
Report file: ../llavezzo_Run2023C_NoBPTX_22Sep2023_v4_231110_181323_1042/JobCluster_3404/Job_3404435.tar.bz2
WMTimes collected: {'WM_wrapper': 1442.0, 'cmsRun1': 1431.2279932498932, 'cmsRun1--WMCMSSWSubprocess': 1385.0861639976501, 'cmsRun1--TotalJobTime': 1380.89, 'stageOut1': 5.672537565231323, 'logArch1': 2.2253615856170654}
Efficiency of SumOfAllSteps vs Wrapper (WC time) = 99.8006860194689 %
- cmsRun metrics
[cmsRun1] Efficiency of cmsRun step TotalJobTime vs WMCMSSWSubprocess = 99.697046717618
Total Efficiency of cmsRuns totalJobTime vs Wrapper WC Time= 95.7621359223301 %
Total Efficiency of cmsRuns SubProcess WC Times vs Wrapper WC Time = 96.05313203867199 %
WM_subprocess_eff[cmsRun1] = 99.697046717618 %
---------------------------------
Report file: ../llavezzo_Run2023C_NoBPTX_22Sep2023_v4_231110_181323_1042/JobCluster_3473/Job_3473037.tar.bz2
WMTimes collected: {'WM_wrapper': 980.0, 'cmsRun1': 957.1888794898987, 'cmsRun1--WMCMSSWSubprocess': 884.9195976257324, 'cmsRun1--TotalJobTime': 879.661, 'stageOut1': 17.148671627044678, 'logArch1': 1.670304298400879}
Efficiency of SumOfAllSteps vs Wrapper (WC time) = 99.59263830768819 %
- cmsRun metrics
[cmsRun1] Efficiency of cmsRun step TotalJobTime vs WMCMSSWSubprocess = 99.4057541905681
Total Efficiency of cmsRuns totalJobTime vs Wrapper WC Time= 89.76132653061224 %
Total Efficiency of cmsRuns SubProcess WC Times vs Wrapper WC Time = 90.29791812507474 %
WM_subprocess_eff[cmsRun1] = 99.4057541905681 %
---------------------------------
Report file: ../llavezzo_Run2023C_NoBPTX_22Sep2023_v4_231110_181323_1042/JobCluster_3388/Job_3388253.tar.bz2
WMTimes collected: {'WM_wrapper': 114.0, 'cmsRun1': 109.53393459320068, 'cmsRun1--WMCMSSWSubprocess': 43.89081883430481, 'cmsRun1--TotalJobTime': 40.8089, 'stageOut1': 1.3474843502044678, 'logArch1': 1.009159803390503}
Efficiency of SumOfAllSteps vs Wrapper (WC time) = 98.14963047964531 %
- cmsRun metrics
[cmsRun1] Efficiency of cmsRun step TotalJobTime vs WMCMSSWSubprocess = 92.97821522551318
Total Efficiency of cmsRuns totalJobTime vs Wrapper WC Time= 35.79728070175439 %
Total Efficiency of cmsRuns SubProcess WC Times vs Wrapper WC Time = 38.50071827570598 %
WM_subprocess_eff[cmsRun1] = 92.97821522551318 %
---------------------------------
Report file: ../llavezzo_Run2023C_NoBPTX_22Sep2023_v4_231110_181323_1042/JobCluster_3510/Job_3510718.tar.bz2
WMTimes collected: {'WM_wrapper': 3.0, 'cleanupUnmergedMINIAODoutput': 0.9298038482666016}
Efficiency of SumOfAllSteps vs Wrapper (WC time) = 30.99346160888672 %
- cmsRun metrics
---------------------------------
Report file: ../llavezzo_Run2023C_NoBPTX_22Sep2023_v4_231110_181323_1042/JobCluster_3371/Job_3371454.tar.bz2
WMTimes collected: {'WM_wrapper': 1611.0, 'cmsRun1': 1602.0853106975555, 'cmsRun1--WMCMSSWSubprocess': 1493.3988375663757, 'cmsRun1--TotalJobTime': 1486.71, 'stageOut1': 3.108062744140625, 'logArch1': 1.7995386123657227}
Efficiency of SumOfAllSteps vs Wrapper (WC time) = 99.75126704246195 %
- cmsRun metrics
[cmsRun1] Efficiency of cmsRun step TotalJobTime vs WMCMSSWSubprocess = 99.55210641671077
Total Efficiency of cmsRuns totalJobTime vs Wrapper WC Time= 92.28491620111731 %
Total Efficiency of cmsRuns SubProcess WC Times vs Wrapper WC Time = 92.70011406371047 %
WM_subprocess_eff[cmsRun1] = 99.55210641671077 %
---------------------------------
Report file: ../llavezzo_Run2023C_NoBPTX_22Sep2023_v4_231110_181323_1042/JobCluster_3832/Job_3832703.tar.bz2
WMTimes collected: {'WM_wrapper': 561.0, 'cleanupUnmergedMINIAODoutput': 559.7338802814484}
Efficiency of SumOfAllSteps vs Wrapper (WC time) = 99.77431021059687 %
- cmsRun metrics
---------------------------------
Report file: ../llavezzo_Run2023C_NoBPTX_22Sep2023_v4_231110_181323_1042/JobCluster_3926/Job_3926480.tar.bz2
WMTimes collected: {'WM_wrapper': 4.0, 'cleanupUnmergedMINIAODoutput': 1.2328345775604248}
Efficiency of SumOfAllSteps vs Wrapper (WC time) = 30.82086443901062 %
- cmsRun metrics
---------------------------------
Report file: ../llavezzo_Run2023C_NoBPTX_22Sep2023_v4_231110_181323_1042/JobCluster_3384/Job_3384726.tar.bz2
WMTimes collected: {'WM_wrapper': 1249.0, 'cmsRun1': 1192.4811987876892, 'cmsRun1--WMCMSSWSubprocess': 1138.62229013443, 'cmsRun1--TotalJobTime': 1134.93, 'stageOut1': 38.95529294013977, 'logArch1': 15.244946718215942}
Efficiency of SumOfAllSteps vs Wrapper (WC time) = 99.81436656893874 %
- cmsRun metrics
[cmsRun1] Efficiency of cmsRun step TotalJobTime vs WMCMSSWSubprocess = 99.67572300609064
Total Efficiency of cmsRuns totalJobTime vs Wrapper WC Time= 90.86709367493995 %
Total Efficiency of cmsRuns SubProcess WC Times vs Wrapper WC Time = 91.16271338145955 %
WM_subprocess_eff[cmsRun1] = 99.67572300609064 %
---------------------------------
Report file: ../llavezzo_Run2023C_NoBPTX_22Sep2023_v4_231110_181323_1042/JobCluster_3506/Job_3506210.tar.bz2
WMTimes collected: {'WM_wrapper': 19.0, 'cleanupUnmergedMINIAODoutput': 17.89604878425598}
Efficiency of SumOfAllSteps vs Wrapper (WC time) = 94.18973044345253 %
- cmsRun metrics
---------------------------------
Report file: ../llavezzo_Run2023C_NoBPTX_22Sep2023_v4_231110_181323_1042/JobCluster_3919/Job_3919557.tar.bz2
WMTimes collected: {'WM_wrapper': 10.0, 'cleanupUnmergedMINIAODoutput': 7.678981065750122}
Efficiency of SumOfAllSteps vs Wrapper (WC time) = 76.78981065750122 %
- cmsRun metrics
---------------------------------
Report file: ../llavezzo_Run2023C_NoBPTX_22Sep2023_v4_231110_181323_1042/JobCluster_3422/Job_3422896.tar.bz2
There was an error collecting stats from report: /data/cmst1-tmp/scratch/Job_3422896/Report.0.pkl. Skip
'ConfigSection' object has no attribute 'WMCMSSWSubprocess'
---------------------------------
Report file: ../llavezzo_Run2023C_NoBPTX_22Sep2023_v4_231110_181323_1042/JobCluster_3457/Job_3457763.tar.bz2
WMTimes collected: {'WM_wrapper': 30.0, 'cleanupUnmergedMINIAODoutput': 28.719709634780884}
Efficiency of SumOfAllSteps vs Wrapper (WC time) = 95.73236544926961 %
- cmsRun metrics
---------------------------------
Report file: ../llavezzo_Run2023C_NoBPTX_22Sep2023_v4_231110_181323_1042/JobCluster_3835/Job_3835294.tar.bz2
WMTimes collected: {'WM_wrapper': 163.0, 'cleanupUnmergedMINIAODoutput': 158.2290267944336}
Efficiency of SumOfAllSteps vs Wrapper (WC time) = 97.07302257327214 %
- cmsRun metrics
---------------------------------
Report file: ../llavezzo_Run2023C_NoBPTX_22Sep2023_v4_231110_181323_1042/JobCluster_3420/Job_3420185.tar.bz2
WMTimes collected: {'WM_wrapper': 1035.0, 'cmsRun1': 1020.7610278129578, 'cmsRun1--WMCMSSWSubprocess': 985.8251814842224, 'cmsRun1--TotalJobTime': 982.637, 'stageOut1': 10.732820510864258, 'logArch1': 2.081819772720337}
Efficiency of SumOfAllSteps vs Wrapper (WC time) = 99.86238339097028 %
- cmsRun metrics
[cmsRun1] Efficiency of cmsRun step TotalJobTime vs WMCMSSWSubprocess = 99.67659768241846
Total Efficiency of cmsRuns totalJobTime vs Wrapper WC Time= 94.9407729468599 %
Total Efficiency of cmsRuns SubProcess WC Times vs Wrapper WC Time = 95.24880980523888 %
WM_subprocess_eff[cmsRun1] = 99.67659768241846 %
---------------------------------
Report file: ../llavezzo_Run2023C_NoBPTX_22Sep2023_v4_231110_181323_1042/JobCluster_3419/Job_3419801.tar.bz2
WMTimes collected: {'WM_wrapper': 2528.0, 'cmsRun1': 2519.8297049999237, 'cmsRun1--WMCMSSWSubprocess': 2498.9882180690765, 'cmsRun1--TotalJobTime': 2495.05, 'stageOut1': 1.9608333110809326, 'logArch1': 5.468341827392578}
Efficiency of SumOfAllSteps vs Wrapper (WC time) = 99.97068354977837 %
- cmsRun metrics
[cmsRun1] Efficiency of cmsRun step TotalJobTime vs WMCMSSWSubprocess = 99.84240749753836
Total Efficiency of cmsRuns totalJobTime vs Wrapper WC Time= 98.69659810126583 %
Total Efficiency of cmsRuns SubProcess WC Times vs Wrapper WC Time = 98.8523820438717 %
WM_subprocess_eff[cmsRun1] = 99.84240749753836 %
---------------------------------
Report file: ../llavezzo_Run2023C_NoBPTX_22Sep2023_v4_231110_181323_1042/JobCluster_3509/Job_3509905.tar.bz2
WMTimes collected: {'WM_wrapper': 3.0, 'cleanupUnmergedNANOEDMAODoutput': 0.8398885726928711}
Efficiency of SumOfAllSteps vs Wrapper (WC time) = 27.996285756429035 %
- cmsRun metrics
---------------------------------
Report file: ../llavezzo_Run2023C_NoBPTX_22Sep2023_v4_231110_181323_1042/JobCluster_3856/Job_3856241.tar.bz2
WMTimes collected: {'WM_wrapper': 243.0, 'cleanupUnmergedNANOEDMAODoutput': 241.97202396392822}
Efficiency of SumOfAllSteps vs Wrapper (WC time) = 99.57696459420914 %
- cmsRun metrics
---------------------------------
Report file: ../llavezzo_Run2023C_NoBPTX_22Sep2023_v4_231110_181323_1042/JobCluster_3925/Job_3925030.tar.bz2
WMTimes collected: {'WM_wrapper': 51.0, 'logCollect1': 48.60446524620056}
Efficiency of SumOfAllSteps vs Wrapper (WC time) = 95.30287303176581 %
- cmsRun metrics
---------------------------------
Report file: ../llavezzo_Run2023C_NoBPTX_22Sep2023_v4_231110_181323_1042/JobCluster_3850/Job_3850584.tar.bz2
WMTimes collected: {'WM_wrapper': 262.0, 'cleanupUnmergedMINIAODoutput': 260.5914671421051}
Efficiency of SumOfAllSteps vs Wrapper (WC time) = 99.46239203897142 %
- cmsRun metrics
---------------------------------
Report file: ../llavezzo_Run2023C_NoBPTX_22Sep2023_v4_231110_181323_1042/JobCluster_3847/Job_3847350.tar.bz2
WMTimes collected: {'WM_wrapper': 1058.0, 'cleanupUnmergedMINIAODoutput': 1057.1561172008514}
Efficiency of SumOfAllSteps vs Wrapper (WC time) = 99.9202379206854 %
- cmsRun metrics
