file = ../pdmvserv_Run2017E_SinglePhoton_UL2017_MiniAODv2_BParking_231108_233223_2058/JobCluster_3215/Job_3215419.tar.bz2
file = ../pdmvserv_Run2017E_SinglePhoton_UL2017_MiniAODv2_BParking_231108_233223_2058/JobCluster_3202/Job_3202145.tar.bz2
file = ../pdmvserv_Run2017E_SinglePhoton_UL2017_MiniAODv2_BParking_231108_233223_2058/JobCluster_3337/Job_3337766.tar.bz2
file = ../pdmvserv_Run2017E_SinglePhoton_UL2017_MiniAODv2_BParking_231108_233223_2058/JobCluster_3198/Job_3198942.tar.bz2
Could not extract report file from: ../pdmvserv_Run2017E_SinglePhoton_UL2017_MiniAODv2_BParking_231108_233223_2058/JobCluster_3198/Job_3198942.tar.bz2, skipping.
file = ../pdmvserv_Run2017E_SinglePhoton_UL2017_MiniAODv2_BParking_231108_233223_2058/JobCluster_3533/Job_3533594.tar.bz2
file = ../pdmvserv_Run2017E_SinglePhoton_UL2017_MiniAODv2_BParking_231108_233223_2058/JobCluster_3266/Job_3266541.tar.bz2
file = ../pdmvserv_Run2017E_SinglePhoton_UL2017_MiniAODv2_BParking_231108_233223_2058/JobCluster_3146/Job_3146474.tar.bz2
file = ../pdmvserv_Run2017E_SinglePhoton_UL2017_MiniAODv2_BParking_231108_233223_2058/JobCluster_3138/Job_3138169.tar.bz2
file = ../pdmvserv_Run2017E_SinglePhoton_UL2017_MiniAODv2_BParking_231108_233223_2058/JobCluster_3315/Job_3315003.tar.bz2
file = ../pdmvserv_Run2017E_SinglePhoton_UL2017_MiniAODv2_BParking_231108_233223_2058/JobCluster_3134/Job_3134721.tar.bz2
file = ../pdmvserv_Run2017E_SinglePhoton_UL2017_MiniAODv2_BParking_231108_233223_2058/JobCluster_3132/Job_3132566.tar.bz2
file = ../pdmvserv_Run2017E_SinglePhoton_UL2017_MiniAODv2_BParking_231108_233223_2058/JobCluster_3208/Job_3208315.tar.bz2
file = ../pdmvserv_Run2017E_SinglePhoton_UL2017_MiniAODv2_BParking_231108_233223_2058/JobCluster_3329/Job_3329110.tar.bz2
file = ../pdmvserv_Run2017E_SinglePhoton_UL2017_MiniAODv2_BParking_231108_233223_2058/JobCluster_3352/Job_3352177.tar.bz2
file = ../pdmvserv_Run2017E_SinglePhoton_UL2017_MiniAODv2_BParking_231108_233223_2058/JobCluster_4450/Job_4450070.tar.bz2
file = ../pdmvserv_Run2017E_SinglePhoton_UL2017_MiniAODv2_BParking_231108_233223_2058/JobCluster_3220/Job_3220131.tar.bz2
file = ../pdmvserv_Run2017E_SinglePhoton_UL2017_MiniAODv2_BParking_231108_233223_2058/JobCluster_3135/Job_3135837.tar.bz2
file = ../pdmvserv_Run2017E_SinglePhoton_UL2017_MiniAODv2_BParking_231108_233223_2058/JobCluster_3235/Job_3235306.tar.bz2
file = ../pdmvserv_Run2017E_SinglePhoton_UL2017_MiniAODv2_BParking_231108_233223_2058/JobCluster_3230/Job_3230548.tar.bz2
file = ../pdmvserv_Run2017E_SinglePhoton_UL2017_MiniAODv2_BParking_231108_233223_2058/JobCluster_3322/Job_3322087.tar.bz2
file = ../pdmvserv_Run2017E_SinglePhoton_UL2017_MiniAODv2_BParking_231108_233223_2058/JobCluster_3200/Job_3200649.tar.bz2
file = ../pdmvserv_Run2017E_SinglePhoton_UL2017_MiniAODv2_BParking_231108_233223_2058/JobCluster_3140/Job_3140770.tar.bz2
file = ../pdmvserv_Run2017E_SinglePhoton_UL2017_MiniAODv2_BParking_231108_233223_2058/JobCluster_3205/Job_3205666.tar.bz2
file = ../pdmvserv_Run2017E_SinglePhoton_UL2017_MiniAODv2_BParking_231108_233223_2058/JobCluster_3226/Job_3226337.tar.bz2
file = ../pdmvserv_Run2017E_SinglePhoton_UL2017_MiniAODv2_BParking_231108_233223_2058/JobCluster_3130/Job_3130375.tar.bz2
file = ../pdmvserv_Run2017E_SinglePhoton_UL2017_MiniAODv2_BParking_231108_233223_2058/JobCluster_3129/Job_3129580.tar.bz2
file = ../pdmvserv_Run2017E_SinglePhoton_UL2017_MiniAODv2_BParking_231108_233223_2058/JobCluster_3405/Job_3405513.tar.bz2
file = ../pdmvserv_Run2017E_SinglePhoton_UL2017_MiniAODv2_BParking_231108_233223_2058/JobCluster_3344/Job_3344590.tar.bz2
file = ../pdmvserv_Run2017E_SinglePhoton_UL2017_MiniAODv2_BParking_231108_233223_2058/JobCluster_3232/Job_3232324.tar.bz2
file = ../pdmvserv_Run2017E_SinglePhoton_UL2017_MiniAODv2_BParking_231108_233223_2058/JobCluster_3169/Job_3169900.tar.bz2
file = ../pdmvserv_Run2017E_SinglePhoton_UL2017_MiniAODv2_BParking_231108_233223_2058/JobCluster_3312/Job_3312352.tar.bz2
Could not extract report file from: ../pdmvserv_Run2017E_SinglePhoton_UL2017_MiniAODv2_BParking_231108_233223_2058/JobCluster_3312/Job_3312352.tar.bz2, skipping.
file = ../pdmvserv_Run2017E_SinglePhoton_UL2017_MiniAODv2_BParking_231108_233223_2058/JobCluster_3223/Job_3223672.tar.bz2
Could not extract report file from: ../pdmvserv_Run2017E_SinglePhoton_UL2017_MiniAODv2_BParking_231108_233223_2058/JobCluster_3223/Job_3223672.tar.bz2, skipping.
file = ../pdmvserv_Run2017E_SinglePhoton_UL2017_MiniAODv2_BParking_231108_233223_2058/JobCluster_3268/Job_3268329.tar.bz2
file = ../pdmvserv_Run2017E_SinglePhoton_UL2017_MiniAODv2_BParking_231108_233223_2058/JobCluster_3257/Job_3257029.tar.bz2
file = ../pdmvserv_Run2017E_SinglePhoton_UL2017_MiniAODv2_BParking_231108_233223_2058/JobCluster_3204/Job_3204569.tar.bz2
file = ../pdmvserv_Run2017E_SinglePhoton_UL2017_MiniAODv2_BParking_231108_233223_2058/JobCluster_3170/Job_3170003.tar.bz2
file = ../pdmvserv_Run2017E_SinglePhoton_UL2017_MiniAODv2_BParking_231108_233223_2058/JobCluster_3139/Job_3139031.tar.bz2
file = ../pdmvserv_Run2017E_SinglePhoton_UL2017_MiniAODv2_BParking_231108_233223_2058/JobCluster_3228/Job_3228585.tar.bz2
file = ../pdmvserv_Run2017E_SinglePhoton_UL2017_MiniAODv2_BParking_231108_233223_2058/JobCluster_3262/Job_3262878.tar.bz2
file = ../pdmvserv_Run2017E_SinglePhoton_UL2017_MiniAODv2_BParking_231108_233223_2058/JobCluster_4449/Job_4449978.tar.bz2
file = ../pdmvserv_Run2017E_SinglePhoton_UL2017_MiniAODv2_BParking_231108_233223_2058/JobCluster_3212/Job_3212033.tar.bz2
file = ../pdmvserv_Run2017E_SinglePhoton_UL2017_MiniAODv2_BParking_231108_233223_2058/JobCluster_3211/Job_3211377.tar.bz2
file = ../pdmvserv_Run2017E_SinglePhoton_UL2017_MiniAODv2_BParking_231108_233223_2058/JobCluster_3270/Job_3270832.tar.bz2
Could not extract report file from: ../pdmvserv_Run2017E_SinglePhoton_UL2017_MiniAODv2_BParking_231108_233223_2058/JobCluster_3270/Job_3270832.tar.bz2, skipping.
file = ../pdmvserv_Run2017E_SinglePhoton_UL2017_MiniAODv2_BParking_231108_233223_2058/JobCluster_3168/Job_3168037.tar.bz2
file = ../pdmvserv_Run2017E_SinglePhoton_UL2017_MiniAODv2_BParking_231108_233223_2058/JobCluster_3309/Job_3309671.tar.bz2
file = ../pdmvserv_Run2017E_SinglePhoton_UL2017_MiniAODv2_BParking_231108_233223_2058/JobCluster_3131/Job_3131541.tar.bz2
file = ../pdmvserv_Run2017E_SinglePhoton_UL2017_MiniAODv2_BParking_231108_233223_2058/JobCluster_3222/Job_3222214.tar.bz2
file = ../pdmvserv_Run2017E_SinglePhoton_UL2017_MiniAODv2_BParking_231108_233223_2058/JobCluster_3864/Job_3864183.tar.bz2
file = ../pdmvserv_Run2017E_SinglePhoton_UL2017_MiniAODv2_BParking_231108_233223_2058/JobCluster_3231/Job_3231751.tar.bz2
file = ../pdmvserv_Run2017E_SinglePhoton_UL2017_MiniAODv2_BParking_231108_233223_2058/JobCluster_3248/Job_3248953.tar.bz2
file = ../pdmvserv_Run2017E_SinglePhoton_UL2017_MiniAODv2_BParking_231108_233223_2058/JobCluster_3213/Job_3213731.tar.bz2
file = ../pdmvserv_Run2017E_SinglePhoton_UL2017_MiniAODv2_BParking_231108_233223_2058/JobCluster_3207/Job_3207723.tar.bz2
file = ../pdmvserv_Run2017E_SinglePhoton_UL2017_MiniAODv2_BParking_231108_233223_2058/JobCluster_3330/Job_3330331.tar.bz2
---------------------------------
Report file: ../pdmvserv_Run2017E_SinglePhoton_UL2017_MiniAODv2_BParking_231108_233223_2058/JobCluster_3215/Job_3215419.tar.bz2
WMTimes collected: {'WM_wrapper': 1341.0, 'cmsRun1': 1311.1107120513916, 'cmsRun1--WMCMSSWSubprocess': 1274.1369915008545, 'cmsRun1--TotalJobTime': 1272.11, 'stageOut1': 26.547672510147095, 'logArch1': 1.4978303909301758}
Efficiency of SumOfAllSteps vs Wrapper (WC time) = 99.86250670786494 %
- cmsRun metrics
[cmsRun1] Efficiency of cmsRun step TotalJobTime vs WMCMSSWSubprocess = 99.84091259304331
Total Efficiency of cmsRuns totalJobTime vs Wrapper WC Time= 94.8627889634601 %
Total Efficiency of cmsRuns SubProcess WC Times vs Wrapper WC Time = 95.01394418350891 %
WM_subprocess_eff[cmsRun1] = 99.84091259304331 %
---------------------------------
Report file: ../pdmvserv_Run2017E_SinglePhoton_UL2017_MiniAODv2_BParking_231108_233223_2058/JobCluster_3202/Job_3202145.tar.bz2
WMTimes collected: {'WM_wrapper': 1301.0, 'cmsRun1': 1281.7845015525818, 'cmsRun1--WMCMSSWSubprocess': 1223.1704459190369, 'cmsRun1--TotalJobTime': 1219.56, 'stageOut1': 9.216628551483154, 'logArch1': 5.422062873840332}
Efficiency of SumOfAllSteps vs Wrapper (WC time) = 99.64820853020025 %
- cmsRun metrics
[cmsRun1] Efficiency of cmsRun step TotalJobTime vs WMCMSSWSubprocess = 99.7048288788302
Total Efficiency of cmsRuns totalJobTime vs Wrapper WC Time= 93.7401998462721 %
Total Efficiency of cmsRuns SubProcess WC Times vs Wrapper WC Time = 94.01771298378453 %
WM_subprocess_eff[cmsRun1] = 99.7048288788302 %
---------------------------------
Report file: ../pdmvserv_Run2017E_SinglePhoton_UL2017_MiniAODv2_BParking_231108_233223_2058/JobCluster_3337/Job_3337766.tar.bz2
WMTimes collected: {'WM_wrapper': 597.0, 'cmsRun1': 578.4713664054871, 'cmsRun1--WMCMSSWSubprocess': 549.4335858821869, 'cmsRun1--TotalJobTime': 547.84, 'stageOut1': 14.440611839294434, 'logArch1': 1.8152270317077637}
Efficiency of SumOfAllSteps vs Wrapper (WC time) = 99.6192973662461 %
- cmsRun metrics
[cmsRun1] Efficiency of cmsRun step TotalJobTime vs WMCMSSWSubprocess = 99.70995841478673
Total Efficiency of cmsRuns totalJobTime vs Wrapper WC Time= 91.76549413735344 %
Total Efficiency of cmsRuns SubProcess WC Times vs Wrapper WC Time = 92.03242644592746 %
WM_subprocess_eff[cmsRun1] = 99.70995841478673 %
---------------------------------
Report file: ../pdmvserv_Run2017E_SinglePhoton_UL2017_MiniAODv2_BParking_231108_233223_2058/JobCluster_3533/Job_3533594.tar.bz2
WMTimes collected: {'WM_wrapper': 1159.0, 'cmsRun1': 1107.6765160560608, 'cmsRun1--WMCMSSWSubprocess': 1066.677928686142, 'cmsRun1--TotalJobTime': 1064.41, 'stageOut1': 44.570541858673096, 'logArch1': 4.679370164871216}
Efficiency of SumOfAllSteps vs Wrapper (WC time) = 99.82108956683392 %
- cmsRun metrics
[cmsRun1] Efficiency of cmsRun step TotalJobTime vs WMCMSSWSubprocess = 99.78738393050511
Total Efficiency of cmsRuns totalJobTime vs Wrapper WC Time= 91.83865401207939 %
Total Efficiency of cmsRuns SubProcess WC Times vs Wrapper WC Time = 92.0343337951805 %
WM_subprocess_eff[cmsRun1] = 99.78738393050511 %
---------------------------------
Report file: ../pdmvserv_Run2017E_SinglePhoton_UL2017_MiniAODv2_BParking_231108_233223_2058/JobCluster_3266/Job_3266541.tar.bz2
WMTimes collected: {'WM_wrapper': 605.0, 'cmsRun1': 486.25316286087036, 'cmsRun1--WMCMSSWSubprocess': 463.22658681869507, 'cmsRun1--TotalJobTime': 462.47, 'stageOut1': 116.58859086036682, 'logArch1': 0.8753271102905273}
Efficiency of SumOfAllSteps vs Wrapper (WC time) = 99.78794724488061 %
- cmsRun metrics
[cmsRun1] Efficiency of cmsRun step TotalJobTime vs WMCMSSWSubprocess = 99.8366702516168
Total Efficiency of cmsRuns totalJobTime vs Wrapper WC Time= 76.44132231404959 %
Total Efficiency of cmsRuns SubProcess WC Times vs Wrapper WC Time = 76.56637798656118 %
WM_subprocess_eff[cmsRun1] = 99.8366702516168 %
---------------------------------
Report file: ../pdmvserv_Run2017E_SinglePhoton_UL2017_MiniAODv2_BParking_231108_233223_2058/JobCluster_3146/Job_3146474.tar.bz2
WMTimes collected: {'WM_wrapper': 1219.0, 'cmsRun1': 1169.6651368141174, 'cmsRun1--WMCMSSWSubprocess': 1133.2143380641937, 'cmsRun1--TotalJobTime': 1131.11, 'stageOut1': 43.35997295379639, 'logArch1': 2.9781715869903564}
Efficiency of SumOfAllSteps vs Wrapper (WC time) = 99.75416582074685 %
- cmsRun metrics
[cmsRun1] Efficiency of cmsRun step TotalJobTime vs WMCMSSWSubprocess = 99.8143036146376
Total Efficiency of cmsRuns totalJobTime vs Wrapper WC Time= 92.78999179655455 %
Total Efficiency of cmsRuns SubProcess WC Times vs Wrapper WC Time = 92.96262002167299 %
WM_subprocess_eff[cmsRun1] = 99.8143036146376 %
---------------------------------
Report file: ../pdmvserv_Run2017E_SinglePhoton_UL2017_MiniAODv2_BParking_231108_233223_2058/JobCluster_3138/Job_3138169.tar.bz2
WMTimes collected: {'WM_wrapper': 1094.0, 'cmsRun1': 1063.733074426651, 'cmsRun1--WMCMSSWSubprocess': 1007.9724383354187, 'cmsRun1--TotalJobTime': 1004.21, 'stageOut1': 25.050408124923706, 'logArch1': 2.0691933631896973}
Efficiency of SumOfAllSteps vs Wrapper (WC time) = 99.71231041268413 %
- cmsRun metrics
[cmsRun1] Efficiency of cmsRun step TotalJobTime vs WMCMSSWSubprocess = 99.62673202239219
Total Efficiency of cmsRuns totalJobTime vs Wrapper WC Time= 91.79250457038391 %
Total Efficiency of cmsRuns SubProcess WC Times vs Wrapper WC Time = 92.13642032316442 %
WM_subprocess_eff[cmsRun1] = 99.62673202239219 %
---------------------------------
Report file: ../pdmvserv_Run2017E_SinglePhoton_UL2017_MiniAODv2_BParking_231108_233223_2058/JobCluster_3315/Job_3315003.tar.bz2
WMTimes collected: {'WM_wrapper': 201.0, 'cmsRun1': 189.91374349594116, 'cmsRun1--WMCMSSWSubprocess': 167.60604238510132, 'cmsRun1--TotalJobTime': 165.966, 'stageOut1': 6.78717565536499, 'logArch1': 2.370468854904175}
Efficiency of SumOfAllSteps vs Wrapper (WC time) = 99.04049154537827 %
- cmsRun metrics
[cmsRun1] Efficiency of cmsRun step TotalJobTime vs WMCMSSWSubprocess = 99.02148970182527
Total Efficiency of cmsRuns totalJobTime vs Wrapper WC Time= 82.57014925373134 %
Total Efficiency of cmsRuns SubProcess WC Times vs Wrapper WC Time = 83.38609073885638 %
WM_subprocess_eff[cmsRun1] = 99.02148970182527 %
---------------------------------
Report file: ../pdmvserv_Run2017E_SinglePhoton_UL2017_MiniAODv2_BParking_231108_233223_2058/JobCluster_3134/Job_3134721.tar.bz2
WMTimes collected: {'WM_wrapper': 825.0, 'cmsRun1': 734.897590637207, 'cmsRun1--WMCMSSWSubprocess': 712.252799987793, 'cmsRun1--TotalJobTime': 711.215, 'stageOut1': 87.08458638191223, 'logArch1': 1.2397487163543701}
Efficiency of SumOfAllSteps vs Wrapper (WC time) = 99.78447584672408 %
- cmsRun metrics
[cmsRun1] Efficiency of cmsRun step TotalJobTime vs WMCMSSWSubprocess = 99.85429330880683
Total Efficiency of cmsRuns totalJobTime vs Wrapper WC Time= 86.20787878787878 %
Total Efficiency of cmsRuns SubProcess WC Times vs Wrapper WC Time = 86.3336727257931 %
WM_subprocess_eff[cmsRun1] = 99.85429330880683 %
---------------------------------
Report file: ../pdmvserv_Run2017E_SinglePhoton_UL2017_MiniAODv2_BParking_231108_233223_2058/JobCluster_3132/Job_3132566.tar.bz2
WMTimes collected: {'WM_wrapper': 24129.0, 'cmsRun1': 24116.23534822464, 'cmsRun1--WMCMSSWSubprocess': 24016.751601219177, 'cmsRun1--TotalJobTime': 24010.4, 'stageOut1': 8.261295557022095, 'logArch1': 1.9479153156280518}
Efficiency of SumOfAllSteps vs Wrapper (WC time) = 99.98940925482735 %
- cmsRun metrics
[cmsRun1] Efficiency of cmsRun step TotalJobTime vs WMCMSSWSubprocess = 99.97355345416966
Total Efficiency of cmsRuns totalJobTime vs Wrapper WC Time= 99.50847527871028 %
Total Efficiency of cmsRuns SubProcess WC Times vs Wrapper WC Time = 99.5347987948907 %
WM_subprocess_eff[cmsRun1] = 99.97355345416966 %
---------------------------------
Report file: ../pdmvserv_Run2017E_SinglePhoton_UL2017_MiniAODv2_BParking_231108_233223_2058/JobCluster_3208/Job_3208315.tar.bz2
WMTimes collected: {'WM_wrapper': 1013.0, 'cmsRun1': 970.9318761825562, 'cmsRun1--WMCMSSWSubprocess': 925.1950740814209, 'cmsRun1--TotalJobTime': 921.351, 'stageOut1': 36.600582122802734, 'logArch1': 1.431840181350708}
Efficiency of SumOfAllSteps vs Wrapper (WC time) = 99.60160893254783 %
- cmsRun metrics
[cmsRun1] Efficiency of cmsRun step TotalJobTime vs WMCMSSWSubprocess = 99.58451204625818
Total Efficiency of cmsRuns totalJobTime vs Wrapper WC Time= 90.95271470878579 %
Total Efficiency of cmsRuns SubProcess WC Times vs Wrapper WC Time = 91.33218895176908 %
WM_subprocess_eff[cmsRun1] = 99.58451204625818 %
---------------------------------
Report file: ../pdmvserv_Run2017E_SinglePhoton_UL2017_MiniAODv2_BParking_231108_233223_2058/JobCluster_3329/Job_3329110.tar.bz2
WMTimes collected: {'WM_wrapper': 397.0, 'cmsRun1': 381.85670042037964, 'cmsRun1--WMCMSSWSubprocess': 361.27478313446045, 'cmsRun1--TotalJobTime': 360.135, 'stageOut1': 9.184954166412354, 'logArch1': 3.242741823196411}
Efficiency of SumOfAllSteps vs Wrapper (WC time) = 99.31596886901471 %
- cmsRun metrics
[cmsRun1] Efficiency of cmsRun step TotalJobTime vs WMCMSSWSubprocess = 99.68451074149944
Total Efficiency of cmsRuns totalJobTime vs Wrapper WC Time= 90.71410579345088 %
Total Efficiency of cmsRuns SubProcess WC Times vs Wrapper WC Time = 91.00120481976333 %
WM_subprocess_eff[cmsRun1] = 99.68451074149944 %
---------------------------------
Report file: ../pdmvserv_Run2017E_SinglePhoton_UL2017_MiniAODv2_BParking_231108_233223_2058/JobCluster_3352/Job_3352177.tar.bz2
WMTimes collected: {'WM_wrapper': 944.0, 'cmsRun1': 912.4439716339111, 'cmsRun1--WMCMSSWSubprocess': 865.6067576408386, 'cmsRun1--TotalJobTime': 862.637, 'stageOut1': 25.86132502555847, 'logArch1': 1.8594043254852295}
Efficiency of SumOfAllSteps vs Wrapper (WC time) = 99.59371832467741 %
- cmsRun metrics
[cmsRun1] Efficiency of cmsRun step TotalJobTime vs WMCMSSWSubprocess = 99.65691607480831
Total Efficiency of cmsRuns totalJobTime vs Wrapper WC Time= 91.38103813559322 %
Total Efficiency of cmsRuns SubProcess WC Times vs Wrapper WC Time = 91.69563110602104 %
WM_subprocess_eff[cmsRun1] = 99.65691607480831 %
---------------------------------
Report file: ../pdmvserv_Run2017E_SinglePhoton_UL2017_MiniAODv2_BParking_231108_233223_2058/JobCluster_4450/Job_4450070.tar.bz2
WMTimes collected: {'WM_wrapper': 18.0, 'logCollect1': 16.033710956573486}
Efficiency of SumOfAllSteps vs Wrapper (WC time) = 89.07617198096382 %
- cmsRun metrics
---------------------------------
Report file: ../pdmvserv_Run2017E_SinglePhoton_UL2017_MiniAODv2_BParking_231108_233223_2058/JobCluster_3220/Job_3220131.tar.bz2
WMTimes collected: {'WM_wrapper': 1467.0, 'cmsRun1': 1421.4552845954895, 'cmsRun1--WMCMSSWSubprocess': 1367.3196048736572, 'cmsRun1--TotalJobTime': 1363.42, 'stageOut1': 39.79466891288757, 'logArch1': 1.4687738418579102}
Efficiency of SumOfAllSteps vs Wrapper (WC time) = 99.70816137356748 %
- cmsRun metrics
[cmsRun1] Efficiency of cmsRun step TotalJobTime vs WMCMSSWSubprocess = 99.71479931540823
Total Efficiency of cmsRuns totalJobTime vs Wrapper WC Time= 92.93933197000682 %
Total Efficiency of cmsRuns SubProcess WC Times vs Wrapper WC Time = 93.20515370645244 %
WM_subprocess_eff[cmsRun1] = 99.71479931540823 %
---------------------------------
Report file: ../pdmvserv_Run2017E_SinglePhoton_UL2017_MiniAODv2_BParking_231108_233223_2058/JobCluster_3135/Job_3135837.tar.bz2
WMTimes collected: {'WM_wrapper': 1445.0, 'cmsRun1': 1401.0385522842407, 'cmsRun1--WMCMSSWSubprocess': 1341.7266623973846, 'cmsRun1--TotalJobTime': 1339.35, 'stageOut1': 38.684146881103516, 'logArch1': 2.330594539642334}
Efficiency of SumOfAllSteps vs Wrapper (WC time) = 99.79607568892641 %
- cmsRun metrics
[cmsRun1] Efficiency of cmsRun step TotalJobTime vs WMCMSSWSubprocess = 99.82286538204896
Total Efficiency of cmsRuns totalJobTime vs Wrapper WC Time= 92.68858131487889 %
Total Efficiency of cmsRuns SubProcess WC Times vs Wrapper WC Time = 92.85305622127228 %
WM_subprocess_eff[cmsRun1] = 99.82286538204896 %
---------------------------------
Report file: ../pdmvserv_Run2017E_SinglePhoton_UL2017_MiniAODv2_BParking_231108_233223_2058/JobCluster_3235/Job_3235306.tar.bz2
WMTimes collected: {'WM_wrapper': 1383.0, 'cmsRun1': 1349.9767997264862, 'cmsRun1--WMCMSSWSubprocess': 1275.572357416153, 'cmsRun1--TotalJobTime': 1272.08, 'stageOut1': 25.01434588432312, 'logArch1': 2.418403148651123}
Efficiency of SumOfAllSteps vs Wrapper (WC time) = 99.59577359070575 %
- cmsRun metrics
[cmsRun1] Efficiency of cmsRun step TotalJobTime vs WMCMSSWSubprocess = 99.7262125197486
Total Efficiency of cmsRuns totalJobTime vs Wrapper WC Time= 91.97975415762834 %
Total Efficiency of cmsRuns SubProcess WC Times vs Wrapper WC Time = 92.23227457817448 %
WM_subprocess_eff[cmsRun1] = 99.7262125197486 %
---------------------------------
Report file: ../pdmvserv_Run2017E_SinglePhoton_UL2017_MiniAODv2_BParking_231108_233223_2058/JobCluster_3230/Job_3230548.tar.bz2
There was an error collecting stats from report: /data/cmst1-tmp/scratch/Job_3230548/Report.0.pkl. Skip
'ConfigSection' object has no attribute 'WMTiming'
---------------------------------
Report file: ../pdmvserv_Run2017E_SinglePhoton_UL2017_MiniAODv2_BParking_231108_233223_2058/JobCluster_3322/Job_3322087.tar.bz2
WMTimes collected: {'WM_wrapper': 171.0, 'cmsRun1': 165.04637122154236, 'cmsRun1--WMCMSSWSubprocess': 150.06496214866638, 'cmsRun1--TotalJobTime': 148.952, 'stageOut1': 3.758845567703247, 'logArch1': 1.2066502571105957}
Efficiency of SumOfAllSteps vs Wrapper (WC time) = 99.42214447155334 %
- cmsRun metrics
[cmsRun1] Efficiency of cmsRun step TotalJobTime vs WMCMSSWSubprocess = 99.25834643028544
Total Efficiency of cmsRuns totalJobTime vs Wrapper WC Time= 87.10643274853801 %
Total Efficiency of cmsRuns SubProcess WC Times vs Wrapper WC Time = 87.75728780623766 %
WM_subprocess_eff[cmsRun1] = 99.25834643028544 %
---------------------------------
Report file: ../pdmvserv_Run2017E_SinglePhoton_UL2017_MiniAODv2_BParking_231108_233223_2058/JobCluster_3200/Job_3200649.tar.bz2
WMTimes collected: {'WM_wrapper': 875.0, 'cmsRun1': 837.7235074043274, 'cmsRun1--WMCMSSWSubprocess': 809.8858499526978, 'cmsRun1--TotalJobTime': 808.338, 'stageOut1': 34.40792965888977, 'logArch1': 1.3302290439605713}
Efficiency of SumOfAllSteps vs Wrapper (WC time) = 99.82419041224888 %
- cmsRun metrics
[cmsRun1] Efficiency of cmsRun step TotalJobTime vs WMCMSSWSubprocess = 99.80888047954065
Total Efficiency of cmsRuns totalJobTime vs Wrapper WC Time= 92.3814857142857 %
Total Efficiency of cmsRuns SubProcess WC Times vs Wrapper WC Time = 92.55838285173688 %
WM_subprocess_eff[cmsRun1] = 99.80888047954065 %
---------------------------------
Report file: ../pdmvserv_Run2017E_SinglePhoton_UL2017_MiniAODv2_BParking_231108_233223_2058/JobCluster_3140/Job_3140770.tar.bz2
WMTimes collected: {'WM_wrapper': 865.0, 'cmsRun1': 830.8336470127106, 'cmsRun1--WMCMSSWSubprocess': 796.6013798713684, 'cmsRun1--TotalJobTime': 794.295, 'stageOut1': 28.187398195266724, 'logArch1': 2.1774375438690186}
Efficiency of SumOfAllSteps vs Wrapper (WC time) = 99.56051823720766 %
- cmsRun metrics
[cmsRun1] Efficiency of cmsRun step TotalJobTime vs WMCMSSWSubprocess = 99.71047252369299
Total Efficiency of cmsRuns totalJobTime vs Wrapper WC Time= 91.82601156069363 %
Total Efficiency of cmsRuns SubProcess WC Times vs Wrapper WC Time = 92.0926450718345 %
WM_subprocess_eff[cmsRun1] = 99.71047252369299 %
---------------------------------
Report file: ../pdmvserv_Run2017E_SinglePhoton_UL2017_MiniAODv2_BParking_231108_233223_2058/JobCluster_3205/Job_3205666.tar.bz2
WMTimes collected: {'WM_wrapper': 40.0, 'cleanupUnmergedMINIAODoutput': 38.75991988182068}
Efficiency of SumOfAllSteps vs Wrapper (WC time) = 96.8997997045517 %
- cmsRun metrics
---------------------------------
Report file: ../pdmvserv_Run2017E_SinglePhoton_UL2017_MiniAODv2_BParking_231108_233223_2058/JobCluster_3226/Job_3226337.tar.bz2
WMTimes collected: {'WM_wrapper': 1153.0, 'cmsRun1': 1127.6119620800018, 'cmsRun1--WMCMSSWSubprocess': 1082.8665113449097, 'cmsRun1--TotalJobTime': 1080.64, 'stageOut1': 20.356459856033325, 'logArch1': 1.5901014804840088}
Efficiency of SumOfAllSteps vs Wrapper (WC time) = 99.70151981062611 %
- cmsRun metrics
[cmsRun1] Efficiency of cmsRun step TotalJobTime vs WMCMSSWSubprocess = 99.7943872747395
Total Efficiency of cmsRuns totalJobTime vs Wrapper WC Time= 93.72419774501302 %
Total Efficiency of cmsRuns SubProcess WC Times vs Wrapper WC Time = 93.9173036725854 %
WM_subprocess_eff[cmsRun1] = 99.7943872747395 %
---------------------------------
Report file: ../pdmvserv_Run2017E_SinglePhoton_UL2017_MiniAODv2_BParking_231108_233223_2058/JobCluster_3130/Job_3130375.tar.bz2
WMTimes collected: {'WM_wrapper': 25251.0, 'cmsRun1': 14536.169100284576, 'cmsRun1--WMCMSSWSubprocess': 14459.253759860992, 'cmsRun1--TotalJobTime': 14455.9, 'stageOut1': 10634.352474451065, 'logArch1': 78.751708984375}
Efficiency of SumOfAllSteps vs Wrapper (WC time) = 99.99316179050342 %
- cmsRun metrics
[cmsRun1] Efficiency of cmsRun step TotalJobTime vs WMCMSSWSubprocess = 99.97680544295929
Total Efficiency of cmsRuns totalJobTime vs Wrapper WC Time= 57.24882182883846 %
Total Efficiency of cmsRuns SubProcess WC Times vs Wrapper WC Time = 57.262103520102144 %
WM_subprocess_eff[cmsRun1] = 99.97680544295929 %
---------------------------------
Report file: ../pdmvserv_Run2017E_SinglePhoton_UL2017_MiniAODv2_BParking_231108_233223_2058/JobCluster_3129/Job_3129580.tar.bz2
WMTimes collected: {'WM_wrapper': 1615.0, 'cmsRun1': 1609.3635840415955, 'cmsRun1--WMCMSSWSubprocess': 1541.6150691509247, 'cmsRun1--TotalJobTime': 1538.51, 'stageOut1': 2.147205352783203, 'logArch1': 1.6462037563323975}
Efficiency of SumOfAllSteps vs Wrapper (WC time) = 99.8858819288366 %
- cmsRun metrics
[cmsRun1] Efficiency of cmsRun step TotalJobTime vs WMCMSSWSubprocess = 99.79858336798466
Total Efficiency of cmsRuns totalJobTime vs Wrapper WC Time= 95.26377708978329 %
Total Efficiency of cmsRuns SubProcess WC Times vs Wrapper WC Time = 95.4560414334938 %
WM_subprocess_eff[cmsRun1] = 99.79858336798466 %
---------------------------------
Report file: ../pdmvserv_Run2017E_SinglePhoton_UL2017_MiniAODv2_BParking_231108_233223_2058/JobCluster_3405/Job_3405513.tar.bz2
WMTimes collected: {'WM_wrapper': 1036.0, 'cmsRun1': 933.3694889545441, 'cmsRun1--WMCMSSWSubprocess': 862.386471748352, 'cmsRun1--TotalJobTime': 858.781, 'stageOut1': 89.72004437446594, 'logArch1': 8.756093502044678}
Efficiency of SumOfAllSteps vs Wrapper (WC time) = 99.59899872886628 %
- cmsRun metrics
[cmsRun1] Efficiency of cmsRun step TotalJobTime vs WMCMSSWSubprocess = 99.58191925934986
Total Efficiency of cmsRuns totalJobTime vs Wrapper WC Time= 82.89391891891891 %
Total Efficiency of cmsRuns SubProcess WC Times vs Wrapper WC Time = 83.24193742744711 %
WM_subprocess_eff[cmsRun1] = 99.58191925934986 %
---------------------------------
Report file: ../pdmvserv_Run2017E_SinglePhoton_UL2017_MiniAODv2_BParking_231108_233223_2058/JobCluster_3344/Job_3344590.tar.bz2
WMTimes collected: {'WM_wrapper': 591.0, 'cmsRun1': 578.3336617946625, 'cmsRun1--WMCMSSWSubprocess': 545.5214076042175, 'cmsRun1--TotalJobTime': 543.306, 'stageOut1': 8.402301549911499, 'logArch1': 1.4401800632476807}
Efficiency of SumOfAllSteps vs Wrapper (WC time) = 99.52219008592583 %
- cmsRun metrics
[cmsRun1] Efficiency of cmsRun step TotalJobTime vs WMCMSSWSubprocess = 99.59389172022654
Total Efficiency of cmsRuns totalJobTime vs Wrapper WC Time= 91.92994923857869 %
Total Efficiency of cmsRuns SubProcess WC Times vs Wrapper WC Time = 92.30480670122124 %
WM_subprocess_eff[cmsRun1] = 99.59389172022654 %
---------------------------------
Report file: ../pdmvserv_Run2017E_SinglePhoton_UL2017_MiniAODv2_BParking_231108_233223_2058/JobCluster_3232/Job_3232324.tar.bz2
WMTimes collected: {'WM_wrapper': 1176.0, 'cmsRun1': 1148.4486260414124, 'cmsRun1--WMCMSSWSubprocess': 1111.9876000881195, 'cmsRun1--TotalJobTime': 1109.79, 'stageOut1': 22.70834469795227, 'logArch1': 1.5266568660736084}
Efficiency of SumOfAllSteps vs Wrapper (WC time) = 99.71799554468012 %
- cmsRun metrics
[cmsRun1] Efficiency of cmsRun step TotalJobTime vs WMCMSSWSubprocess = 99.80237188904397
Total Efficiency of cmsRuns totalJobTime vs Wrapper WC Time= 94.36989795918367 %
Total Efficiency of cmsRuns SubProcess WC Times vs Wrapper WC Time = 94.55676871497614 %
WM_subprocess_eff[cmsRun1] = 99.80237188904397 %
---------------------------------
Report file: ../pdmvserv_Run2017E_SinglePhoton_UL2017_MiniAODv2_BParking_231108_233223_2058/JobCluster_3169/Job_3169900.tar.bz2
WMTimes collected: {'WM_wrapper': 707.0, 'cmsRun1': 677.2662541866302, 'cmsRun1--WMCMSSWSubprocess': 652.2658448219299, 'cmsRun1--TotalJobTime': 650.922, 'stageOut1': 26.204786777496338, 'logArch1': 1.5055196285247803}
Efficiency of SumOfAllSteps vs Wrapper (WC time) = 99.71379923516992 %
- cmsRun metrics
[cmsRun1] Efficiency of cmsRun step TotalJobTime vs WMCMSSWSubprocess = 99.79397283598426
Total Efficiency of cmsRuns totalJobTime vs Wrapper WC Time= 92.06817538896748 %
Total Efficiency of cmsRuns SubProcess WC Times vs Wrapper WC Time = 92.25825245006081 %
WM_subprocess_eff[cmsRun1] = 99.79397283598426 %
---------------------------------
Report file: ../pdmvserv_Run2017E_SinglePhoton_UL2017_MiniAODv2_BParking_231108_233223_2058/JobCluster_3268/Job_3268329.tar.bz2
WMTimes collected: {'WM_wrapper': 1069.0, 'cmsRun1': 1014.1553535461426, 'cmsRun1--WMCMSSWSubprocess': 974.7332627773285, 'cmsRun1--TotalJobTime': 972.793, 'stageOut1': 50.670169830322266, 'logArch1': 2.077150344848633}
Efficiency of SumOfAllSteps vs Wrapper (WC time) = 99.80380483828938 %
- cmsRun metrics
[cmsRun1] Efficiency of cmsRun step TotalJobTime vs WMCMSSWSubprocess = 99.80094423249699
Total Efficiency of cmsRuns totalJobTime vs Wrapper WC Time= 91.00028063610851 %
Total Efficiency of cmsRuns SubProcess WC Times vs Wrapper WC Time = 91.18178323454897 %
WM_subprocess_eff[cmsRun1] = 99.80094423249699 %
---------------------------------
Report file: ../pdmvserv_Run2017E_SinglePhoton_UL2017_MiniAODv2_BParking_231108_233223_2058/JobCluster_3257/Job_3257029.tar.bz2
WMTimes collected: {'WM_wrapper': 1636.0, 'cmsRun1': 1392.693468093872, 'cmsRun1--WMCMSSWSubprocess': 1319.5896351337433, 'cmsRun1--TotalJobTime': 1317.13, 'stageOut1': 235.57680821418762, 'logArch1': 5.137582063674927}
Efficiency of SumOfAllSteps vs Wrapper (WC time) = 99.8415561351916 %
- cmsRun metrics
[cmsRun1] Efficiency of cmsRun step TotalJobTime vs WMCMSSWSubprocess = 99.81360605840968
Total Efficiency of cmsRuns totalJobTime vs Wrapper WC Time= 80.50916870415648 %
Total Efficiency of cmsRuns SubProcess WC Times vs Wrapper WC Time = 80.6595131499843 %
WM_subprocess_eff[cmsRun1] = 99.81360605840968 %
---------------------------------
Report file: ../pdmvserv_Run2017E_SinglePhoton_UL2017_MiniAODv2_BParking_231108_233223_2058/JobCluster_3204/Job_3204569.tar.bz2
WMTimes collected: {'WM_wrapper': 39.0, 'cleanupUnmergedMINIAODoutput': 37.722187519073486}
Efficiency of SumOfAllSteps vs Wrapper (WC time) = 96.72355774121407 %
- cmsRun metrics
---------------------------------
Report file: ../pdmvserv_Run2017E_SinglePhoton_UL2017_MiniAODv2_BParking_231108_233223_2058/JobCluster_3170/Job_3170003.tar.bz2
WMTimes collected: {'WM_wrapper': 479.0, 'cmsRun1': 451.74227118492126, 'cmsRun1--WMCMSSWSubprocess': 429.069842338562, 'cmsRun1--TotalJobTime': 427.607, 'stageOut1': 24.735279321670532, 'logArch1': 1.3741695880889893}
Efficiency of SumOfAllSteps vs Wrapper (WC time) = 99.76027559387907 %
- cmsRun metrics
[cmsRun1] Efficiency of cmsRun step TotalJobTime vs WMCMSSWSubprocess = 99.65906661475226
Total Efficiency of cmsRuns totalJobTime vs Wrapper WC Time= 89.27077244258874 %
Total Efficiency of cmsRuns SubProcess WC Times vs Wrapper WC Time = 89.57616750283131 %
WM_subprocess_eff[cmsRun1] = 99.65906661475226 %
---------------------------------
Report file: ../pdmvserv_Run2017E_SinglePhoton_UL2017_MiniAODv2_BParking_231108_233223_2058/JobCluster_3139/Job_3139031.tar.bz2
WMTimes collected: {'WM_wrapper': 83.0, 'cleanupUnmergedMINIAODoutput': 80.91917943954468}
Efficiency of SumOfAllSteps vs Wrapper (WC time) = 97.49298727655984 %
- cmsRun metrics
---------------------------------
Report file: ../pdmvserv_Run2017E_SinglePhoton_UL2017_MiniAODv2_BParking_231108_233223_2058/JobCluster_3228/Job_3228585.tar.bz2
WMTimes collected: {'WM_wrapper': 1458.0, 'cmsRun1': 1412.8966658115387, 'cmsRun1--WMCMSSWSubprocess': 1373.1276173591614, 'cmsRun1--TotalJobTime': 1371.05, 'stageOut1': 36.87995171546936, 'logArch1': 4.950814962387085}
Efficiency of SumOfAllSteps vs Wrapper (WC time) = 99.77554406648801 %
- cmsRun metrics
[cmsRun1] Efficiency of cmsRun step TotalJobTime vs WMCMSSWSubprocess = 99.84869451805527
Total Efficiency of cmsRuns totalJobTime vs Wrapper WC Time= 94.03635116598079 %
Total Efficiency of cmsRuns SubProcess WC Times vs Wrapper WC Time = 94.17884892724014 %
WM_subprocess_eff[cmsRun1] = 99.84869451805527 %
---------------------------------
Report file: ../pdmvserv_Run2017E_SinglePhoton_UL2017_MiniAODv2_BParking_231108_233223_2058/JobCluster_3262/Job_3262878.tar.bz2
WMTimes collected: {'WM_wrapper': 569.0, 'cmsRun1': 551.0258603096008, 'cmsRun1--WMCMSSWSubprocess': 529.7151117324829, 'cmsRun1--TotalJobTime': 528.833, 'stageOut1': 15.150055170059204, 'logArch1': 1.4443871974945068}
Efficiency of SumOfAllSteps vs Wrapper (WC time) = 99.75752243886723 %
- cmsRun metrics
[cmsRun1] Efficiency of cmsRun step TotalJobTime vs WMCMSSWSubprocess = 99.83347431233406
Total Efficiency of cmsRuns totalJobTime vs Wrapper WC Time= 92.94077328646748 %
Total Efficiency of cmsRuns SubProcess WC Times vs Wrapper WC Time = 93.09580171045394 %
WM_subprocess_eff[cmsRun1] = 99.83347431233406 %
---------------------------------
Report file: ../pdmvserv_Run2017E_SinglePhoton_UL2017_MiniAODv2_BParking_231108_233223_2058/JobCluster_4449/Job_4449978.tar.bz2
WMTimes collected: {'WM_wrapper': 31.0, 'logCollect1': 29.249083757400513}
Efficiency of SumOfAllSteps vs Wrapper (WC time) = 94.35188308838876 %
- cmsRun metrics
---------------------------------
Report file: ../pdmvserv_Run2017E_SinglePhoton_UL2017_MiniAODv2_BParking_231108_233223_2058/JobCluster_3212/Job_3212033.tar.bz2
WMTimes collected: {'WM_wrapper': 1408.0, 'cmsRun1': 1365.4663503170013, 'cmsRun1--WMCMSSWSubprocess': 1309.366530418396, 'cmsRun1--TotalJobTime': 1305.55, 'stageOut1': 35.68490195274353, 'logArch1': 2.6395647525787354}
Efficiency of SumOfAllSteps vs Wrapper (WC time) = 99.70105234533548 %
- cmsRun metrics
[cmsRun1] Efficiency of cmsRun step TotalJobTime vs WMCMSSWSubprocess = 99.70852085113428
Total Efficiency of cmsRuns totalJobTime vs Wrapper WC Time= 92.7237215909091 %
Total Efficiency of cmsRuns SubProcess WC Times vs Wrapper WC Time = 92.9947819899429 %
WM_subprocess_eff[cmsRun1] = 99.70852085113428 %
---------------------------------
Report file: ../pdmvserv_Run2017E_SinglePhoton_UL2017_MiniAODv2_BParking_231108_233223_2058/JobCluster_3211/Job_3211377.tar.bz2
There was an error collecting stats from report: /data/cmst1-tmp/scratch/Job_3211377/Report.0.pkl. Skip
'ConfigSection' object has no attribute 'WMTiming'
---------------------------------
Report file: ../pdmvserv_Run2017E_SinglePhoton_UL2017_MiniAODv2_BParking_231108_233223_2058/JobCluster_3168/Job_3168037.tar.bz2
WMTimes collected: {'WM_wrapper': 1127.0, 'cmsRun1': 1104.3392531871796, 'cmsRun1--WMCMSSWSubprocess': 1068.260793209076, 'cmsRun1--TotalJobTime': 1065.85, 'stageOut1': 16.035240650177002, 'logArch1': 2.5378332138061523}
Efficiency of SumOfAllSteps vs Wrapper (WC time) = 99.63729610036937 %
- cmsRun metrics
[cmsRun1] Efficiency of cmsRun step TotalJobTime vs WMCMSSWSubprocess = 99.77432540589326
Total Efficiency of cmsRuns totalJobTime vs Wrapper WC Time= 94.57409050576751 %
Total Efficiency of cmsRuns SubProcess WC Times vs Wrapper WC Time = 94.78800294667931 %
WM_subprocess_eff[cmsRun1] = 99.77432540589326 %
---------------------------------
Report file: ../pdmvserv_Run2017E_SinglePhoton_UL2017_MiniAODv2_BParking_231108_233223_2058/JobCluster_3309/Job_3309671.tar.bz2
WMTimes collected: {'WM_wrapper': 93.0, 'cmsRun1': 83.19274258613586, 'cmsRun1--WMCMSSWSubprocess': 66.47800350189209, 'cmsRun1--TotalJobTime': 65.1954, 'stageOut1': 5.5977842807769775, 'logArch1': 1.8022339344024658}
Efficiency of SumOfAllSteps vs Wrapper (WC time) = 97.41157075410248 %
- cmsRun metrics
[cmsRun1] Efficiency of cmsRun step TotalJobTime vs WMCMSSWSubprocess = 98.0706347448362
Total Efficiency of cmsRuns totalJobTime vs Wrapper WC Time= 70.1025806451613 %
Total Efficiency of cmsRuns SubProcess WC Times vs Wrapper WC Time = 71.4817241955829 %
WM_subprocess_eff[cmsRun1] = 98.0706347448362 %
---------------------------------
Report file: ../pdmvserv_Run2017E_SinglePhoton_UL2017_MiniAODv2_BParking_231108_233223_2058/JobCluster_3131/Job_3131541.tar.bz2
WMTimes collected: {'WM_wrapper': 810.0, 'cmsRun1': 803.3971033096313, 'cmsRun1--WMCMSSWSubprocess': 743.3858013153076, 'cmsRun1--TotalJobTime': 741.443, 'stageOut1': 4.146564483642578, 'logArch1': 1.4120409488677979}
Efficiency of SumOfAllSteps vs Wrapper (WC time) = 99.87107515335083 %
- cmsRun metrics
[cmsRun1] Efficiency of cmsRun step TotalJobTime vs WMCMSSWSubprocess = 99.73865504131635
Total Efficiency of cmsRuns totalJobTime vs Wrapper WC Time= 91.53617283950616 %
Total Efficiency of cmsRuns SubProcess WC Times vs Wrapper WC Time = 91.77602485374167 %
WM_subprocess_eff[cmsRun1] = 99.73865504131635 %
---------------------------------
Report file: ../pdmvserv_Run2017E_SinglePhoton_UL2017_MiniAODv2_BParking_231108_233223_2058/JobCluster_3222/Job_3222214.tar.bz2
WMTimes collected: {'WM_wrapper': 1201.0, 'cmsRun1': 1173.3997766971588, 'cmsRun1--WMCMSSWSubprocess': 1136.9722406864166, 'cmsRun1--TotalJobTime': 1134.99, 'stageOut1': 24.01587700843811, 'logArch1': 1.4776897430419922}
Efficiency of SumOfAllSteps vs Wrapper (WC time) = 99.82459146116894 %
- cmsRun metrics
[cmsRun1] Efficiency of cmsRun step TotalJobTime vs WMCMSSWSubprocess = 99.82565619322246
Total Efficiency of cmsRuns totalJobTime vs Wrapper WC Time= 94.503746877602 %
Total Efficiency of cmsRuns SubProcess WC Times vs Wrapper WC Time = 94.66879606048431 %
WM_subprocess_eff[cmsRun1] = 99.82565619322246 %
---------------------------------
Report file: ../pdmvserv_Run2017E_SinglePhoton_UL2017_MiniAODv2_BParking_231108_233223_2058/JobCluster_3864/Job_3864183.tar.bz2
WMTimes collected: {'WM_wrapper': 805.0, 'cmsRun1': 769.8976175785065, 'cmsRun1--WMCMSSWSubprocess': 726.7285842895508, 'cmsRun1--TotalJobTime': 724.405, 'stageOut1': 31.423707723617554, 'logArch1': 1.7472503185272217}
Efficiency of SumOfAllSteps vs Wrapper (WC time) = 99.76007150567096 %
- cmsRun metrics
[cmsRun1] Efficiency of cmsRun step TotalJobTime vs WMCMSSWSubprocess = 99.68026793774428
Total Efficiency of cmsRuns totalJobTime vs Wrapper WC Time= 89.98819875776397 %
Total Efficiency of cmsRuns SubProcess WC Times vs Wrapper WC Time = 90.2768427688883 %
WM_subprocess_eff[cmsRun1] = 99.68026793774428 %
---------------------------------
Report file: ../pdmvserv_Run2017E_SinglePhoton_UL2017_MiniAODv2_BParking_231108_233223_2058/JobCluster_3231/Job_3231751.tar.bz2
WMTimes collected: {'WM_wrapper': 1286.0, 'cmsRun1': 1257.6817922592163, 'cmsRun1--WMCMSSWSubprocess': 1214.5432991981506, 'cmsRun1--TotalJobTime': 1212.48, 'stageOut1': 23.95745849609375, 'logArch1': 2.2512423992156982}
Efficiency of SumOfAllSteps vs Wrapper (WC time) = 99.83596369786359 %
- cmsRun metrics
[cmsRun1] Efficiency of cmsRun step TotalJobTime vs WMCMSSWSubprocess = 99.83011727951462
Total Efficiency of cmsRuns totalJobTime vs Wrapper WC Time= 94.28304821150856 %
Total Efficiency of cmsRuns SubProcess WC Times vs Wrapper WC Time = 94.44349138399305 %
WM_subprocess_eff[cmsRun1] = 99.83011727951462 %
---------------------------------
Report file: ../pdmvserv_Run2017E_SinglePhoton_UL2017_MiniAODv2_BParking_231108_233223_2058/JobCluster_3248/Job_3248953.tar.bz2
WMTimes collected: {'WM_wrapper': 970.0, 'cmsRun1': 933.9609854221344, 'cmsRun1--WMCMSSWSubprocess': 897.8719809055328, 'cmsRun1--TotalJobTime': 896.035, 'stageOut1': 31.63902759552002, 'logArch1': 1.5584332942962646}
Efficiency of SumOfAllSteps vs Wrapper (WC time) = 99.70705632081966 %
- cmsRun metrics
[cmsRun1] Efficiency of cmsRun step TotalJobTime vs WMCMSSWSubprocess = 99.79540725798346
Total Efficiency of cmsRuns totalJobTime vs Wrapper WC Time= 92.37474226804123 %
Total Efficiency of cmsRuns SubProcess WC Times vs Wrapper WC Time = 92.56412174283844 %
WM_subprocess_eff[cmsRun1] = 99.79540725798346 %
---------------------------------
Report file: ../pdmvserv_Run2017E_SinglePhoton_UL2017_MiniAODv2_BParking_231108_233223_2058/JobCluster_3213/Job_3213731.tar.bz2
WMTimes collected: {'WM_wrapper': 893.0, 'cmsRun1': 859.3194205760956, 'cmsRun1--WMCMSSWSubprocess': 814.100227355957, 'cmsRun1--TotalJobTime': 811.743, 'stageOut1': 28.493263244628906, 'logArch1': 1.967027187347412}
Efficiency of SumOfAllSteps vs Wrapper (WC time) = 99.63938533125105 %
- cmsRun metrics
[cmsRun1] Efficiency of cmsRun step TotalJobTime vs WMCMSSWSubprocess = 99.71044998186368
Total Efficiency of cmsRuns totalJobTime vs Wrapper WC Time= 90.90067189249721 %
Total Efficiency of cmsRuns SubProcess WC Times vs Wrapper WC Time = 91.16463912160772 %
WM_subprocess_eff[cmsRun1] = 99.71044998186368 %
---------------------------------
Report file: ../pdmvserv_Run2017E_SinglePhoton_UL2017_MiniAODv2_BParking_231108_233223_2058/JobCluster_3207/Job_3207723.tar.bz2
WMTimes collected: {'WM_wrapper': 1060.0, 'cmsRun1': 1021.4369287490845, 'cmsRun1--WMCMSSWSubprocess': 980.3175647258759, 'cmsRun1--TotalJobTime': 977.89, 'stageOut1': 33.37817740440369, 'logArch1': 1.752418041229248}
Efficiency of SumOfAllSteps vs Wrapper (WC time) = 99.67618152780354 %
- cmsRun metrics
[cmsRun1] Efficiency of cmsRun step TotalJobTime vs WMCMSSWSubprocess = 99.75236955725111
Total Efficiency of cmsRuns totalJobTime vs Wrapper WC Time= 92.25377358490566 %
Total Efficiency of cmsRuns SubProcess WC Times vs Wrapper WC Time = 92.48278912508263 %
WM_subprocess_eff[cmsRun1] = 99.75236955725111 %
---------------------------------
Report file: ../pdmvserv_Run2017E_SinglePhoton_UL2017_MiniAODv2_BParking_231108_233223_2058/JobCluster_3330/Job_3330331.tar.bz2
WMTimes collected: {'WM_wrapper': 493.0, 'cmsRun1': 472.76155161857605, 'cmsRun1--WMCMSSWSubprocess': 449.99269795417786, 'cmsRun1--TotalJobTime': 448.336, 'stageOut1': 16.66110873222351, 'logArch1': 1.6429953575134277}
Efficiency of SumOfAllSteps vs Wrapper (WC time) = 99.60763807470852 %
- cmsRun metrics
[cmsRun1] Efficiency of cmsRun step TotalJobTime vs WMCMSSWSubprocess = 99.63183892500706
Total Efficiency of cmsRuns totalJobTime vs Wrapper WC Time= 90.94036511156187 %
Total Efficiency of cmsRuns SubProcess WC Times vs Wrapper WC Time = 91.27640932133426 %
WM_subprocess_eff[cmsRun1] = 99.63183892500706 %
