file = ../llavezzo_Run2023D_ParkingDoubleMuonLowMass4_22Sep2023_v2_231110_184109_4096/JobCluster_3430/Job_3430879.tar.bz2
file = ../llavezzo_Run2023D_ParkingDoubleMuonLowMass4_22Sep2023_v2_231110_184109_4096/JobCluster_3848/Job_3848571.tar.bz2
file = ../llavezzo_Run2023D_ParkingDoubleMuonLowMass4_22Sep2023_v2_231110_184109_4096/JobCluster_3834/Job_3834935.tar.bz2
file = ../llavezzo_Run2023D_ParkingDoubleMuonLowMass4_22Sep2023_v2_231110_184109_4096/JobCluster_3441/Job_3441642.tar.bz2
Could not extract report file from: ../llavezzo_Run2023D_ParkingDoubleMuonLowMass4_22Sep2023_v2_231110_184109_4096/JobCluster_3441/Job_3441642.tar.bz2, skipping.
file = ../llavezzo_Run2023D_ParkingDoubleMuonLowMass4_22Sep2023_v2_231110_184109_4096/JobCluster_3476/Job_3476546.tar.bz2
file = ../llavezzo_Run2023D_ParkingDoubleMuonLowMass4_22Sep2023_v2_231110_184109_4096/JobCluster_3838/Job_3838461.tar.bz2
file = ../llavezzo_Run2023D_ParkingDoubleMuonLowMass4_22Sep2023_v2_231110_184109_4096/JobCluster_3426/Job_3426822.tar.bz2
Could not extract report file from: ../llavezzo_Run2023D_ParkingDoubleMuonLowMass4_22Sep2023_v2_231110_184109_4096/JobCluster_3426/Job_3426822.tar.bz2, skipping.
file = ../llavezzo_Run2023D_ParkingDoubleMuonLowMass4_22Sep2023_v2_231110_184109_4096/JobCluster_3574/Job_3574448.tar.bz2
file = ../llavezzo_Run2023D_ParkingDoubleMuonLowMass4_22Sep2023_v2_231110_184109_4096/JobCluster_3481/Job_3481780.tar.bz2
file = ../llavezzo_Run2023D_ParkingDoubleMuonLowMass4_22Sep2023_v2_231110_184109_4096/JobCluster_3471/Job_3471964.tar.bz2
file = ../llavezzo_Run2023D_ParkingDoubleMuonLowMass4_22Sep2023_v2_231110_184109_4096/JobCluster_3541/Job_3541349.tar.bz2
file = ../llavezzo_Run2023D_ParkingDoubleMuonLowMass4_22Sep2023_v2_231110_184109_4096/JobCluster_3483/Job_3483932.tar.bz2
Could not extract report file from: ../llavezzo_Run2023D_ParkingDoubleMuonLowMass4_22Sep2023_v2_231110_184109_4096/JobCluster_3483/Job_3483932.tar.bz2, skipping.
file = ../llavezzo_Run2023D_ParkingDoubleMuonLowMass4_22Sep2023_v2_231110_184109_4096/JobCluster_3504/Job_3504747.tar.bz2
file = ../llavezzo_Run2023D_ParkingDoubleMuonLowMass4_22Sep2023_v2_231110_184109_4096/JobCluster_3433/Job_3433956.tar.bz2
file = ../llavezzo_Run2023D_ParkingDoubleMuonLowMass4_22Sep2023_v2_231110_184109_4096/JobCluster_3458/Job_3458726.tar.bz2
file = ../llavezzo_Run2023D_ParkingDoubleMuonLowMass4_22Sep2023_v2_231110_184109_4096/JobCluster_3857/Job_3857956.tar.bz2
file = ../llavezzo_Run2023D_ParkingDoubleMuonLowMass4_22Sep2023_v2_231110_184109_4096/JobCluster_3907/Job_3907820.tar.bz2
file = ../llavezzo_Run2023D_ParkingDoubleMuonLowMass4_22Sep2023_v2_231110_184109_4096/JobCluster_3436/Job_3436079.tar.bz2
file = ../llavezzo_Run2023D_ParkingDoubleMuonLowMass4_22Sep2023_v2_231110_184109_4096/JobCluster_3461/Job_3461107.tar.bz2
file = ../llavezzo_Run2023D_ParkingDoubleMuonLowMass4_22Sep2023_v2_231110_184109_4096/JobCluster_3568/Job_3568615.tar.bz2
file = ../llavezzo_Run2023D_ParkingDoubleMuonLowMass4_22Sep2023_v2_231110_184109_4096/JobCluster_3923/Job_3923761.tar.bz2
file = ../llavezzo_Run2023D_ParkingDoubleMuonLowMass4_22Sep2023_v2_231110_184109_4096/JobCluster_3475/Job_3475818.tar.bz2
file = ../llavezzo_Run2023D_ParkingDoubleMuonLowMass4_22Sep2023_v2_231110_184109_4096/JobCluster_3918/Job_3918695.tar.bz2
file = ../llavezzo_Run2023D_ParkingDoubleMuonLowMass4_22Sep2023_v2_231110_184109_4096/JobCluster_3605/Job_3605704.tar.bz2
file = ../llavezzo_Run2023D_ParkingDoubleMuonLowMass4_22Sep2023_v2_231110_184109_4096/JobCluster_3465/Job_3465389.tar.bz2
file = ../llavezzo_Run2023D_ParkingDoubleMuonLowMass4_22Sep2023_v2_231110_184109_4096/JobCluster_3438/Job_3438224.tar.bz2
file = ../llavezzo_Run2023D_ParkingDoubleMuonLowMass4_22Sep2023_v2_231110_184109_4096/JobCluster_3863/Job_3863296.tar.bz2
file = ../llavezzo_Run2023D_ParkingDoubleMuonLowMass4_22Sep2023_v2_231110_184109_4096/JobCluster_3439/Job_3439860.tar.bz2
file = ../llavezzo_Run2023D_ParkingDoubleMuonLowMass4_22Sep2023_v2_231110_184109_4096/JobCluster_3529/Job_3529614.tar.bz2
file = ../llavezzo_Run2023D_ParkingDoubleMuonLowMass4_22Sep2023_v2_231110_184109_4096/JobCluster_3427/Job_3427287.tar.bz2
file = ../llavezzo_Run2023D_ParkingDoubleMuonLowMass4_22Sep2023_v2_231110_184109_4096/JobCluster_3855/Job_3855061.tar.bz2
file = ../llavezzo_Run2023D_ParkingDoubleMuonLowMass4_22Sep2023_v2_231110_184109_4096/JobCluster_3854/Job_3854798.tar.bz2
file = ../llavezzo_Run2023D_ParkingDoubleMuonLowMass4_22Sep2023_v2_231110_184109_4096/JobCluster_3428/Job_3428646.tar.bz2
file = ../llavezzo_Run2023D_ParkingDoubleMuonLowMass4_22Sep2023_v2_231110_184109_4096/JobCluster_3486/Job_3486979.tar.bz2
file = ../llavezzo_Run2023D_ParkingDoubleMuonLowMass4_22Sep2023_v2_231110_184109_4096/JobCluster_3447/Job_3447091.tar.bz2
file = ../llavezzo_Run2023D_ParkingDoubleMuonLowMass4_22Sep2023_v2_231110_184109_4096/JobCluster_3387/Job_3387625.tar.bz2
file = ../llavezzo_Run2023D_ParkingDoubleMuonLowMass4_22Sep2023_v2_231110_184109_4096/JobCluster_3536/Job_3536621.tar.bz2
file = ../llavezzo_Run2023D_ParkingDoubleMuonLowMass4_22Sep2023_v2_231110_184109_4096/JobCluster_3443/Job_3443241.tar.bz2
file = ../llavezzo_Run2023D_ParkingDoubleMuonLowMass4_22Sep2023_v2_231110_184109_4096/JobCluster_3434/Job_3434358.tar.bz2
file = ../llavezzo_Run2023D_ParkingDoubleMuonLowMass4_22Sep2023_v2_231110_184109_4096/JobCluster_3403/Job_3403454.tar.bz2
file = ../llavezzo_Run2023D_ParkingDoubleMuonLowMass4_22Sep2023_v2_231110_184109_4096/JobCluster_3385/Job_3385334.tar.bz2
file = ../llavezzo_Run2023D_ParkingDoubleMuonLowMass4_22Sep2023_v2_231110_184109_4096/JobCluster_3841/Job_3841831.tar.bz2
file = ../llavezzo_Run2023D_ParkingDoubleMuonLowMass4_22Sep2023_v2_231110_184109_4096/JobCluster_3492/Job_3492116.tar.bz2
file = ../llavezzo_Run2023D_ParkingDoubleMuonLowMass4_22Sep2023_v2_231110_184109_4096/JobCluster_3929/Job_3929664.tar.bz2
file = ../llavezzo_Run2023D_ParkingDoubleMuonLowMass4_22Sep2023_v2_231110_184109_4096/JobCluster_3474/Job_3474322.tar.bz2
Could not extract report file from: ../llavezzo_Run2023D_ParkingDoubleMuonLowMass4_22Sep2023_v2_231110_184109_4096/JobCluster_3474/Job_3474322.tar.bz2, skipping.
file = ../llavezzo_Run2023D_ParkingDoubleMuonLowMass4_22Sep2023_v2_231110_184109_4096/JobCluster_3928/Job_3928718.tar.bz2
file = ../llavezzo_Run2023D_ParkingDoubleMuonLowMass4_22Sep2023_v2_231110_184109_4096/JobCluster_3429/Job_3429883.tar.bz2
file = ../llavezzo_Run2023D_ParkingDoubleMuonLowMass4_22Sep2023_v2_231110_184109_4096/JobCluster_3453/Job_3453613.tar.bz2
file = ../llavezzo_Run2023D_ParkingDoubleMuonLowMass4_22Sep2023_v2_231110_184109_4096/JobCluster_3460/Job_3460486.tar.bz2
file = ../llavezzo_Run2023D_ParkingDoubleMuonLowMass4_22Sep2023_v2_231110_184109_4096/JobCluster_3440/Job_3440412.tar.bz2
Could not extract report file from: ../llavezzo_Run2023D_ParkingDoubleMuonLowMass4_22Sep2023_v2_231110_184109_4096/JobCluster_3440/Job_3440412.tar.bz2, skipping.
file = ../llavezzo_Run2023D_ParkingDoubleMuonLowMass4_22Sep2023_v2_231110_184109_4096/JobCluster_3435/Job_3435919.tar.bz2
file = ../llavezzo_Run2023D_ParkingDoubleMuonLowMass4_22Sep2023_v2_231110_184109_4096/JobCluster_3490/Job_3490266.tar.bz2
file = ../llavezzo_Run2023D_ParkingDoubleMuonLowMass4_22Sep2023_v2_231110_184109_4096/JobCluster_3927/Job_3927487.tar.bz2
file = ../llavezzo_Run2023D_ParkingDoubleMuonLowMass4_22Sep2023_v2_231110_184109_4096/JobCluster_3444/Job_3444579.tar.bz2
file = ../llavezzo_Run2023D_ParkingDoubleMuonLowMass4_22Sep2023_v2_231110_184109_4096/JobCluster_3491/Job_3491199.tar.bz2
file = ../llavezzo_Run2023D_ParkingDoubleMuonLowMass4_22Sep2023_v2_231110_184109_4096/JobCluster_3473/Job_3473575.tar.bz2
file = ../llavezzo_Run2023D_ParkingDoubleMuonLowMass4_22Sep2023_v2_231110_184109_4096/JobCluster_3388/Job_3388844.tar.bz2
file = ../llavezzo_Run2023D_ParkingDoubleMuonLowMass4_22Sep2023_v2_231110_184109_4096/JobCluster_3389/Job_3389254.tar.bz2
file = ../llavezzo_Run2023D_ParkingDoubleMuonLowMass4_22Sep2023_v2_231110_184109_4096/JobCluster_3926/Job_3926408.tar.bz2
file = ../llavezzo_Run2023D_ParkingDoubleMuonLowMass4_22Sep2023_v2_231110_184109_4096/JobCluster_3524/Job_3524069.tar.bz2
file = ../llavezzo_Run2023D_ParkingDoubleMuonLowMass4_22Sep2023_v2_231110_184109_4096/JobCluster_3576/Job_3576740.tar.bz2
file = ../llavezzo_Run2023D_ParkingDoubleMuonLowMass4_22Sep2023_v2_231110_184109_4096/JobCluster_3384/Job_3384687.tar.bz2
file = ../llavezzo_Run2023D_ParkingDoubleMuonLowMass4_22Sep2023_v2_231110_184109_4096/JobCluster_3569/Job_3569646.tar.bz2
file = ../llavezzo_Run2023D_ParkingDoubleMuonLowMass4_22Sep2023_v2_231110_184109_4096/JobCluster_3452/Job_3452449.tar.bz2
file = ../llavezzo_Run2023D_ParkingDoubleMuonLowMass4_22Sep2023_v2_231110_184109_4096/JobCluster_3846/Job_3846133.tar.bz2
file = ../llavezzo_Run2023D_ParkingDoubleMuonLowMass4_22Sep2023_v2_231110_184109_4096/JobCluster_3457/Job_3457282.tar.bz2
Could not extract report file from: ../llavezzo_Run2023D_ParkingDoubleMuonLowMass4_22Sep2023_v2_231110_184109_4096/JobCluster_3457/Job_3457282.tar.bz2, skipping.
file = ../llavezzo_Run2023D_ParkingDoubleMuonLowMass4_22Sep2023_v2_231110_184109_4096/JobCluster_3450/Job_3450729.tar.bz2
file = ../llavezzo_Run2023D_ParkingDoubleMuonLowMass4_22Sep2023_v2_231110_184109_4096/JobCluster_3850/Job_3850689.tar.bz2
file = ../llavezzo_Run2023D_ParkingDoubleMuonLowMass4_22Sep2023_v2_231110_184109_4096/JobCluster_3370/Job_3370855.tar.bz2
file = ../llavezzo_Run2023D_ParkingDoubleMuonLowMass4_22Sep2023_v2_231110_184109_4096/JobCluster_3455/Job_3455447.tar.bz2
file = ../llavezzo_Run2023D_ParkingDoubleMuonLowMass4_22Sep2023_v2_231110_184109_4096/JobCluster_3847/Job_3847303.tar.bz2
---------------------------------
Report file: ../llavezzo_Run2023D_ParkingDoubleMuonLowMass4_22Sep2023_v2_231110_184109_4096/JobCluster_3430/Job_3430879.tar.bz2
WMTimes collected: {'WM_wrapper': 401.0, 'cmsRun1': 393.63244915008545, 'cmsRun1--WMCMSSWSubprocess': 367.4454870223999, 'cmsRun1--TotalJobTime': 365.411, 'stageOut1': 5.806712627410889, 'logArch1': 0.9315183162689209}
Efficiency of SumOfAllSteps vs Wrapper (WC time) = 99.8430623675225 %
- cmsRun metrics
[cmsRun1] Efficiency of cmsRun step TotalJobTime vs WMCMSSWSubprocess = 99.44631595862386
Total Efficiency of cmsRuns totalJobTime vs Wrapper WC Time= 91.12493765586035 %
Total Efficiency of cmsRuns SubProcess WC Times vs Wrapper WC Time = 91.6322910280299 %
WM_subprocess_eff[cmsRun1] = 99.44631595862386 %
---------------------------------
Report file: ../llavezzo_Run2023D_ParkingDoubleMuonLowMass4_22Sep2023_v2_231110_184109_4096/JobCluster_3848/Job_3848571.tar.bz2
WMTimes collected: {'WM_wrapper': 394.0, 'cleanupUnmergedMINIAODoutput': 391.7332327365875}
Efficiency of SumOfAllSteps vs Wrapper (WC time) = 99.42467835953998 %
- cmsRun metrics
---------------------------------
Report file: ../llavezzo_Run2023D_ParkingDoubleMuonLowMass4_22Sep2023_v2_231110_184109_4096/JobCluster_3834/Job_3834935.tar.bz2
WMTimes collected: {'WM_wrapper': 23.0, 'cleanupUnmergedMINIAODoutput': 20.12121605873108}
Efficiency of SumOfAllSteps vs Wrapper (WC time) = 87.48354808143948 %
- cmsRun metrics
---------------------------------
Report file: ../llavezzo_Run2023D_ParkingDoubleMuonLowMass4_22Sep2023_v2_231110_184109_4096/JobCluster_3476/Job_3476546.tar.bz2
WMTimes collected: {'WM_wrapper': 849.0, 'cmsRun1': 826.6347270011902, 'cmsRun1--WMCMSSWSubprocess': 760.4695446491241, 'cmsRun1--TotalJobTime': 754.883, 'stageOut1': 17.808701992034912, 'logArch1': 1.0003066062927246}
Efficiency of SumOfAllSteps vs Wrapper (WC time) = 99.5811231565981 %
- cmsRun metrics
[cmsRun1] Efficiency of cmsRun step TotalJobTime vs WMCMSSWSubprocess = 99.26538219861234
Total Efficiency of cmsRuns totalJobTime vs Wrapper WC Time= 88.91436984687869 %
Total Efficiency of cmsRuns SubProcess WC Times vs Wrapper WC Time = 89.57238452875431 %
WM_subprocess_eff[cmsRun1] = 99.26538219861234 %
---------------------------------
Report file: ../llavezzo_Run2023D_ParkingDoubleMuonLowMass4_22Sep2023_v2_231110_184109_4096/JobCluster_3838/Job_3838461.tar.bz2
WMTimes collected: {'WM_wrapper': 10.0, 'cleanupUnmergedMINIAODoutput': 8.607755184173584}
Efficiency of SumOfAllSteps vs Wrapper (WC time) = 86.07755184173584 %
- cmsRun metrics
---------------------------------
Report file: ../llavezzo_Run2023D_ParkingDoubleMuonLowMass4_22Sep2023_v2_231110_184109_4096/JobCluster_3574/Job_3574448.tar.bz2
WMTimes collected: {'WM_wrapper': 4.0, 'cleanupUnmergedNANOEDMAODoutput': 1.9775564670562744}
Efficiency of SumOfAllSteps vs Wrapper (WC time) = 49.43891167640686 %
- cmsRun metrics
---------------------------------
Report file: ../llavezzo_Run2023D_ParkingDoubleMuonLowMass4_22Sep2023_v2_231110_184109_4096/JobCluster_3481/Job_3481780.tar.bz2
WMTimes collected: {'WM_wrapper': 77.0, 'cleanupUnmergedNANOEDMAODoutput': 74.17968988418579}
Efficiency of SumOfAllSteps vs Wrapper (WC time) = 96.33725958985167 %
- cmsRun metrics
---------------------------------
Report file: ../llavezzo_Run2023D_ParkingDoubleMuonLowMass4_22Sep2023_v2_231110_184109_4096/JobCluster_3471/Job_3471964.tar.bz2
WMTimes collected: {'WM_wrapper': 23.0, 'cleanupUnmergedMINIAODoutput': 21.145241260528564}
Efficiency of SumOfAllSteps vs Wrapper (WC time) = 91.9358315675155 %
- cmsRun metrics
---------------------------------
Report file: ../llavezzo_Run2023D_ParkingDoubleMuonLowMass4_22Sep2023_v2_231110_184109_4096/JobCluster_3541/Job_3541349.tar.bz2
WMTimes collected: {'WM_wrapper': 807.0, 'cmsRun1': 692.8088979721069, 'cmsRun1--WMCMSSWSubprocess': 653.7811074256897, 'cmsRun1--TotalJobTime': 650.575, 'stageOut1': 54.152512073516846, 'logArch1': 58.04431343078613}
Efficiency of SumOfAllSteps vs Wrapper (WC time) = 99.75287775420198 %
- cmsRun metrics
[cmsRun1] Efficiency of cmsRun step TotalJobTime vs WMCMSSWSubprocess = 99.50960537261257
Total Efficiency of cmsRuns totalJobTime vs Wrapper WC Time= 80.61648079306073 %
Total Efficiency of cmsRuns SubProcess WC Times vs Wrapper WC Time = 81.0137679585737 %
WM_subprocess_eff[cmsRun1] = 99.50960537261257 %
---------------------------------
Report file: ../llavezzo_Run2023D_ParkingDoubleMuonLowMass4_22Sep2023_v2_231110_184109_4096/JobCluster_3504/Job_3504747.tar.bz2
WMTimes collected: {'WM_wrapper': 810.0, 'cmsRun1': 801.1426074504852, 'cmsRun1--WMCMSSWSubprocess': 758.769157409668, 'cmsRun1--TotalJobTime': 755.335, 'stageOut1': 5.782732009887695, 'logArch1': 0.7028801441192627}
Efficiency of SumOfAllSteps vs Wrapper (WC time) = 99.70718760549286 %
- cmsRun metrics
[cmsRun1] Efficiency of cmsRun step TotalJobTime vs WMCMSSWSubprocess = 99.54740419057205
Total Efficiency of cmsRuns totalJobTime vs Wrapper WC Time= 93.25123456790124 %
Total Efficiency of cmsRuns SubProcess WC Times vs Wrapper WC Time = 93.67520461847752 %
WM_subprocess_eff[cmsRun1] = 99.54740419057205 %
---------------------------------
Report file: ../llavezzo_Run2023D_ParkingDoubleMuonLowMass4_22Sep2023_v2_231110_184109_4096/JobCluster_3433/Job_3433956.tar.bz2
WMTimes collected: {'WM_wrapper': 766.0, 'cmsRun1': 748.0125551223755, 'cmsRun1--WMCMSSWSubprocess': 703.5864629745483, 'cmsRun1--TotalJobTime': 700.204, 'stageOut1': 14.525429010391235, 'logArch1': 1.059325933456421}
Efficiency of SumOfAllSteps vs Wrapper (WC time) = 99.68633290681764 %
- cmsRun metrics
[cmsRun1] Efficiency of cmsRun step TotalJobTime vs WMCMSSWSubprocess = 99.51925411409304
Total Efficiency of cmsRuns totalJobTime vs Wrapper WC Time= 91.41044386422976 %
Total Efficiency of cmsRuns SubProcess WC Times vs Wrapper WC Time = 91.85201866508464 %
WM_subprocess_eff[cmsRun1] = 99.51925411409304 %
---------------------------------
Report file: ../llavezzo_Run2023D_ParkingDoubleMuonLowMass4_22Sep2023_v2_231110_184109_4096/JobCluster_3458/Job_3458726.tar.bz2
WMTimes collected: {'WM_wrapper': 1271.0, 'cmsRun1': 1259.1706082820892, 'cmsRun1--WMCMSSWSubprocess': 1208.6111319065094, 'cmsRun1--TotalJobTime': 1205.05, 'stageOut1': 8.646012306213379, 'logArch1': 0.8279469013214111}
Efficiency of SumOfAllSteps vs Wrapper (WC time) = 99.81467879540709 %
- cmsRun metrics
[cmsRun1] Efficiency of cmsRun step TotalJobTime vs WMCMSSWSubprocess = 99.70535337525048
Total Efficiency of cmsRuns totalJobTime vs Wrapper WC Time= 94.81117230527144 %
Total Efficiency of cmsRuns SubProcess WC Times vs Wrapper WC Time = 95.09135577549247 %
WM_subprocess_eff[cmsRun1] = 99.70535337525048 %
---------------------------------
Report file: ../llavezzo_Run2023D_ParkingDoubleMuonLowMass4_22Sep2023_v2_231110_184109_4096/JobCluster_3857/Job_3857956.tar.bz2
WMTimes collected: {'WM_wrapper': 43.0, 'cleanupUnmergedMINIAODoutput': 40.15941905975342}
Efficiency of SumOfAllSteps vs Wrapper (WC time) = 93.39399781338004 %
- cmsRun metrics
---------------------------------
Report file: ../llavezzo_Run2023D_ParkingDoubleMuonLowMass4_22Sep2023_v2_231110_184109_4096/JobCluster_3907/Job_3907820.tar.bz2
WMTimes collected: {'WM_wrapper': 11.0, 'cleanupUnmergedMINIAODoutput': 8.445265769958496}
Efficiency of SumOfAllSteps vs Wrapper (WC time) = 76.77514336325906 %
- cmsRun metrics
---------------------------------
Report file: ../llavezzo_Run2023D_ParkingDoubleMuonLowMass4_22Sep2023_v2_231110_184109_4096/JobCluster_3436/Job_3436079.tar.bz2
WMTimes collected: {'WM_wrapper': 523.0, 'cmsRun1': 514.5171179771423, 'cmsRun1--WMCMSSWSubprocess': 487.0008087158203, 'cmsRun1--TotalJobTime': 485.235, 'stageOut1': 6.968743801116943, 'logArch1': 0.8191683292388916}
Efficiency of SumOfAllSteps vs Wrapper (WC time) = 99.86711856739927 %
- cmsRun metrics
[cmsRun1] Efficiency of cmsRun step TotalJobTime vs WMCMSSWSubprocess = 99.63741154342709
Total Efficiency of cmsRuns totalJobTime vs Wrapper WC Time= 92.77915869980879 %
Total Efficiency of cmsRuns SubProcess WC Times vs Wrapper WC Time = 93.11678942941116 %
WM_subprocess_eff[cmsRun1] = 99.63741154342709 %
---------------------------------
Report file: ../llavezzo_Run2023D_ParkingDoubleMuonLowMass4_22Sep2023_v2_231110_184109_4096/JobCluster_3461/Job_3461107.tar.bz2
WMTimes collected: {'WM_wrapper': 911.0, 'cmsRun1': 900.0828297138214, 'cmsRun1--WMCMSSWSubprocess': 854.2920269966125, 'cmsRun1--TotalJobTime': 850.136, 'stageOut1': 7.005661249160767, 'logArch1': 0.7748892307281494}
Efficiency of SumOfAllSteps vs Wrapper (WC time) = 99.65569486209773 %
- cmsRun metrics
[cmsRun1] Efficiency of cmsRun step TotalJobTime vs WMCMSSWSubprocess = 99.51351214043005
Total Efficiency of cmsRuns totalJobTime vs Wrapper WC Time= 93.31899012074642 %
Total Efficiency of cmsRuns SubProcess WC Times vs Wrapper WC Time = 93.77519506000138 %
WM_subprocess_eff[cmsRun1] = 99.51351214043005 %
---------------------------------
Report file: ../llavezzo_Run2023D_ParkingDoubleMuonLowMass4_22Sep2023_v2_231110_184109_4096/JobCluster_3568/Job_3568615.tar.bz2
WMTimes collected: {'WM_wrapper': 14.0, 'logCollect1': 12.648060083389282}
Efficiency of SumOfAllSteps vs Wrapper (WC time) = 90.34328630992344 %
- cmsRun metrics
---------------------------------
Report file: ../llavezzo_Run2023D_ParkingDoubleMuonLowMass4_22Sep2023_v2_231110_184109_4096/JobCluster_3923/Job_3923761.tar.bz2
WMTimes collected: {'WM_wrapper': 20.0, 'cleanupUnmergedMINIAODoutput': 16.199381351470947}
Efficiency of SumOfAllSteps vs Wrapper (WC time) = 80.99690675735474 %
- cmsRun metrics
---------------------------------
Report file: ../llavezzo_Run2023D_ParkingDoubleMuonLowMass4_22Sep2023_v2_231110_184109_4096/JobCluster_3475/Job_3475818.tar.bz2
WMTimes collected: {'WM_wrapper': 3844.0, 'cmsRun1': 3831.743154525757, 'cmsRun1--WMCMSSWSubprocess': 3787.2634193897247, 'cmsRun1--TotalJobTime': 3779.97, 'stageOut1': 4.337594270706177, 'logArch1': 4.208974838256836}
Efficiency of SumOfAllSteps vs Wrapper (WC time) = 99.90347876260978 %
- cmsRun metrics
[cmsRun1] Efficiency of cmsRun step TotalJobTime vs WMCMSSWSubprocess = 99.80742244248486
Total Efficiency of cmsRuns totalJobTime vs Wrapper WC Time= 98.33428720083246 %
Total Efficiency of cmsRuns SubProcess WC Times vs Wrapper WC Time = 98.52402235665257 %
WM_subprocess_eff[cmsRun1] = 99.80742244248486 %
---------------------------------
Report file: ../llavezzo_Run2023D_ParkingDoubleMuonLowMass4_22Sep2023_v2_231110_184109_4096/JobCluster_3918/Job_3918695.tar.bz2
WMTimes collected: {'WM_wrapper': 24.0, 'cleanupUnmergedMINIAODoutput': 21.864847660064697}
Efficiency of SumOfAllSteps vs Wrapper (WC time) = 91.10353191693625 %
- cmsRun metrics
---------------------------------
Report file: ../llavezzo_Run2023D_ParkingDoubleMuonLowMass4_22Sep2023_v2_231110_184109_4096/JobCluster_3605/Job_3605704.tar.bz2
WMTimes collected: {'WM_wrapper': 4.0, 'cleanupUnmergedNANOEDMAODoutput': 2.668233633041382}
Efficiency of SumOfAllSteps vs Wrapper (WC time) = 66.70584082603455 %
- cmsRun metrics
---------------------------------
Report file: ../llavezzo_Run2023D_ParkingDoubleMuonLowMass4_22Sep2023_v2_231110_184109_4096/JobCluster_3465/Job_3465389.tar.bz2
WMTimes collected: {'WM_wrapper': 920.0, 'cmsRun1': 910.3659386634827, 'cmsRun1--WMCMSSWSubprocess': 867.3724746704102, 'cmsRun1--TotalJobTime': 863.846, 'stageOut1': 5.7575743198394775, 'logArch1': 0.6890859603881836}
Efficiency of SumOfAllSteps vs Wrapper (WC time) = 99.65354336344677 %
- cmsRun metrics
[cmsRun1] Efficiency of cmsRun step TotalJobTime vs WMCMSSWSubprocess = 99.5934301844487
Total Efficiency of cmsRuns totalJobTime vs Wrapper WC Time= 93.89630434782609 %
Total Efficiency of cmsRuns SubProcess WC Times vs Wrapper WC Time = 94.2796168120011 %
WM_subprocess_eff[cmsRun1] = 99.5934301844487 %
---------------------------------
Report file: ../llavezzo_Run2023D_ParkingDoubleMuonLowMass4_22Sep2023_v2_231110_184109_4096/JobCluster_3438/Job_3438224.tar.bz2
WMTimes collected: {'WM_wrapper': 602.0, 'cmsRun1': 593.2456877231598, 'cmsRun1--WMCMSSWSubprocess': 562.3049807548523, 'cmsRun1--TotalJobTime': 560.087, 'stageOut1': 6.851062536239624, 'logArch1': 0.8395214080810547}
Efficiency of SumOfAllSteps vs Wrapper (WC time) = 99.82330094144194 %
- cmsRun metrics
[cmsRun1] Efficiency of cmsRun step TotalJobTime vs WMCMSSWSubprocess = 99.60555555601253
Total Efficiency of cmsRuns totalJobTime vs Wrapper WC Time= 93.03770764119601 %
Total Efficiency of cmsRuns SubProcess WC Times vs Wrapper WC Time = 93.4061429825336 %
WM_subprocess_eff[cmsRun1] = 99.60555555601253 %
---------------------------------
Report file: ../llavezzo_Run2023D_ParkingDoubleMuonLowMass4_22Sep2023_v2_231110_184109_4096/JobCluster_3863/Job_3863296.tar.bz2
WMTimes collected: {'WM_wrapper': 270.0, 'cleanupUnmergedNANOEDMAODoutput': 268.23472237586975}
Efficiency of SumOfAllSteps vs Wrapper (WC time) = 99.34619347254436 %
- cmsRun metrics
---------------------------------
Report file: ../llavezzo_Run2023D_ParkingDoubleMuonLowMass4_22Sep2023_v2_231110_184109_4096/JobCluster_3439/Job_3439860.tar.bz2
WMTimes collected: {'WM_wrapper': 717.0, 'cmsRun1': 701.5843377113342, 'cmsRun1--WMCMSSWSubprocess': 666.2163479328156, 'cmsRun1--TotalJobTime': 663.204, 'stageOut1': 12.2826509475708, 'logArch1': 0.8379323482513428}
Efficiency of SumOfAllSteps vs Wrapper (WC time) = 99.67990530085864 %
- cmsRun metrics
[cmsRun1] Efficiency of cmsRun step TotalJobTime vs WMCMSSWSubprocess = 99.54784238751232
Total Efficiency of cmsRuns totalJobTime vs Wrapper WC Time= 92.49707112970711 %
Total Efficiency of cmsRuns SubProcess WC Times vs Wrapper WC Time = 92.91720333791011 %
WM_subprocess_eff[cmsRun1] = 99.54784238751232 %
---------------------------------
Report file: ../llavezzo_Run2023D_ParkingDoubleMuonLowMass4_22Sep2023_v2_231110_184109_4096/JobCluster_3529/Job_3529614.tar.bz2
WMTimes collected: {'WM_wrapper': 1050.0, 'cmsRun1': 971.3479857444763, 'cmsRun1--WMCMSSWSubprocess': 865.1232542991638, 'cmsRun1--TotalJobTime': 859.36, 'stageOut1': 68.58754587173462, 'logArch1': 6.067194223403931}
Efficiency of SumOfAllSteps vs Wrapper (WC time) = 99.61930722282047 %
- cmsRun metrics
[cmsRun1] Efficiency of cmsRun step TotalJobTime vs WMCMSSWSubprocess = 99.33382275062846
Total Efficiency of cmsRuns totalJobTime vs Wrapper WC Time= 81.84380952380953 %
Total Efficiency of cmsRuns SubProcess WC Times vs Wrapper WC Time = 82.39269088563465 %
WM_subprocess_eff[cmsRun1] = 99.33382275062846 %
---------------------------------
Report file: ../llavezzo_Run2023D_ParkingDoubleMuonLowMass4_22Sep2023_v2_231110_184109_4096/JobCluster_3427/Job_3427287.tar.bz2
WMTimes collected: {'WM_wrapper': 1116.0, 'cmsRun1': 1006.1280024051666, 'cmsRun1--WMCMSSWSubprocess': 948.6949188709259, 'cmsRun1--TotalJobTime': 944.008, 'stageOut1': 103.66285347938538, 'logArch1': 3.786067485809326}
Efficiency of SumOfAllSteps vs Wrapper (WC time) = 99.78287843820442 %
- cmsRun metrics
[cmsRun1] Efficiency of cmsRun step TotalJobTime vs WMCMSSWSubprocess = 99.5059614236678
Total Efficiency of cmsRuns totalJobTime vs Wrapper WC Time= 84.58853046594983 %
Total Efficiency of cmsRuns SubProcess WC Times vs Wrapper WC Time = 85.00850527517258 %
WM_subprocess_eff[cmsRun1] = 99.5059614236678 %
---------------------------------
Report file: ../llavezzo_Run2023D_ParkingDoubleMuonLowMass4_22Sep2023_v2_231110_184109_4096/JobCluster_3855/Job_3855061.tar.bz2
WMTimes collected: {'WM_wrapper': 261.0, 'cleanupUnmergedNANOEDMAODoutput': 259.3016822338104}
Efficiency of SumOfAllSteps vs Wrapper (WC time) = 99.3493035378584 %
- cmsRun metrics
---------------------------------
Report file: ../llavezzo_Run2023D_ParkingDoubleMuonLowMass4_22Sep2023_v2_231110_184109_4096/JobCluster_3854/Job_3854798.tar.bz2
WMTimes collected: {'WM_wrapper': 69.0, 'cleanupUnmergedMINIAODoutput': 67.5198929309845}
Efficiency of SumOfAllSteps vs Wrapper (WC time) = 97.85491729128188 %
- cmsRun metrics
---------------------------------
Report file: ../llavezzo_Run2023D_ParkingDoubleMuonLowMass4_22Sep2023_v2_231110_184109_4096/JobCluster_3428/Job_3428646.tar.bz2
WMTimes collected: {'WM_wrapper': 979.0, 'cmsRun1': 970.0175235271454, 'cmsRun1--WMCMSSWSubprocess': 927.8784439563751, 'cmsRun1--TotalJobTime': 924.574, 'stageOut1': 5.746448993682861, 'logArch1': 0.8215148448944092}
Efficiency of SumOfAllSteps vs Wrapper (WC time) = 99.75336949598801 %
- cmsRun metrics
[cmsRun1] Efficiency of cmsRun step TotalJobTime vs WMCMSSWSubprocess = 99.6438710288079
Total Efficiency of cmsRuns totalJobTime vs Wrapper WC Time= 94.44065372829418 %
Total Efficiency of cmsRuns SubProcess WC Times vs Wrapper WC Time = 94.77818630810776 %
WM_subprocess_eff[cmsRun1] = 99.6438710288079 %
---------------------------------
Report file: ../llavezzo_Run2023D_ParkingDoubleMuonLowMass4_22Sep2023_v2_231110_184109_4096/JobCluster_3486/Job_3486979.tar.bz2
WMTimes collected: {'WM_wrapper': 773.0, 'cmsRun1': 756.0292148590088, 'cmsRun1--WMCMSSWSubprocess': 680.2591919898987, 'cmsRun1--TotalJobTime': 674.637, 'stageOut1': 12.272693395614624, 'logArch1': 1.1707606315612793}
Efficiency of SumOfAllSteps vs Wrapper (WC time) = 99.54368290895016 %
- cmsRun metrics
[cmsRun1] Efficiency of cmsRun step TotalJobTime vs WMCMSSWSubprocess = 99.1735220845083
Total Efficiency of cmsRuns totalJobTime vs Wrapper WC Time= 87.27516170763259 %
Total Efficiency of cmsRuns SubProcess WC Times vs Wrapper WC Time = 88.00248279300112 %
WM_subprocess_eff[cmsRun1] = 99.1735220845083 %
---------------------------------
Report file: ../llavezzo_Run2023D_ParkingDoubleMuonLowMass4_22Sep2023_v2_231110_184109_4096/JobCluster_3447/Job_3447091.tar.bz2
WMTimes collected: {'WM_wrapper': 1154.0, 'cmsRun1': 1125.849600315094, 'cmsRun1--WMCMSSWSubprocess': 1065.0014159679413, 'cmsRun1--TotalJobTime': 1060.33, 'stageOut1': 24.351337432861328, 'logArch1': 1.2015385627746582}
Efficiency of SumOfAllSteps vs Wrapper (WC time) = 99.77491129209099 %
- cmsRun metrics
[cmsRun1] Efficiency of cmsRun step TotalJobTime vs WMCMSSWSubprocess = 99.56136997586096
Total Efficiency of cmsRuns totalJobTime vs Wrapper WC Time= 91.88301559792026 %
Total Efficiency of cmsRuns SubProcess WC Times vs Wrapper WC Time = 92.28781767486493 %
WM_subprocess_eff[cmsRun1] = 99.56136997586096 %
---------------------------------
Report file: ../llavezzo_Run2023D_ParkingDoubleMuonLowMass4_22Sep2023_v2_231110_184109_4096/JobCluster_3387/Job_3387625.tar.bz2
There was an error collecting stats from report: /data/cmst1-tmp/scratch/Job_3387625/Report.0.pkl. Skip
'ConfigSection' object has no attribute 'WMCMSSWSubprocess'
---------------------------------
Report file: ../llavezzo_Run2023D_ParkingDoubleMuonLowMass4_22Sep2023_v2_231110_184109_4096/JobCluster_3536/Job_3536621.tar.bz2
WMTimes collected: {'WM_wrapper': 1160.0, 'cmsRun1': 1055.3999910354614, 'cmsRun1--WMCMSSWSubprocess': 1009.0415062904358, 'cmsRun1--TotalJobTime': 1005.42, 'stageOut1': 93.23956823348999, 'logArch1': 8.631355047225952}
Efficiency of SumOfAllSteps vs Wrapper (WC time) = 99.76473399277391 %
- cmsRun metrics
[cmsRun1] Efficiency of cmsRun step TotalJobTime vs WMCMSSWSubprocess = 99.64109441803343
Total Efficiency of cmsRuns totalJobTime vs Wrapper WC Time= 86.67413793103448 %
Total Efficiency of cmsRuns SubProcess WC Times vs Wrapper WC Time = 86.98633674917549 %
WM_subprocess_eff[cmsRun1] = 99.64109441803343 %
---------------------------------
Report file: ../llavezzo_Run2023D_ParkingDoubleMuonLowMass4_22Sep2023_v2_231110_184109_4096/JobCluster_3443/Job_3443241.tar.bz2
WMTimes collected: {'WM_wrapper': 713.0, 'cmsRun1': 544.1535294055939, 'cmsRun1--WMCMSSWSubprocess': 516.0152742862701, 'cmsRun1--TotalJobTime': 513.667, 'stageOut1': 57.72491645812988, 'logArch1': 109.78102517127991}
Efficiency of SumOfAllSteps vs Wrapper (WC time) = 99.8119875224409 %
- cmsRun metrics
[cmsRun1] Efficiency of cmsRun step TotalJobTime vs WMCMSSWSubprocess = 99.5449215549834
Total Efficiency of cmsRuns totalJobTime vs Wrapper WC Time= 72.04305750350632 %
Total Efficiency of cmsRuns SubProcess WC Times vs Wrapper WC Time = 72.37240873580227 %
WM_subprocess_eff[cmsRun1] = 99.5449215549834 %
---------------------------------
Report file: ../llavezzo_Run2023D_ParkingDoubleMuonLowMass4_22Sep2023_v2_231110_184109_4096/JobCluster_3434/Job_3434358.tar.bz2
WMTimes collected: {'WM_wrapper': 4356.0, 'cmsRun1': 4347.212665557861, 'cmsRun1--WMCMSSWSubprocess': 4318.605229854584, 'cmsRun1--TotalJobTime': 4314.77, 'stageOut1': 2.545987844467163, 'logArch1': 4.192396640777588}
Efficiency of SumOfAllSteps vs Wrapper (WC time) = 99.95296258133853 %
- cmsRun metrics
[cmsRun1] Efficiency of cmsRun step TotalJobTime vs WMCMSSWSubprocess = 99.91119285856298
Total Efficiency of cmsRuns totalJobTime vs Wrapper WC Time= 99.05348943985308 %
Total Efficiency of cmsRuns SubProcess WC Times vs Wrapper WC Time = 99.141534202355 %
WM_subprocess_eff[cmsRun1] = 99.91119285856298 %
---------------------------------
Report file: ../llavezzo_Run2023D_ParkingDoubleMuonLowMass4_22Sep2023_v2_231110_184109_4096/JobCluster_3403/Job_3403454.tar.bz2
WMTimes collected: {'WM_wrapper': 855.0, 'cmsRun1': 845.575056552887, 'cmsRun1--WMCMSSWSubprocess': 798.4953410625458, 'cmsRun1--TotalJobTime': 794.904, 'stageOut1': 4.772013902664185, 'logArch1': 0.7671389579772949}
Efficiency of SumOfAllSteps vs Wrapper (WC time) = 99.54552156883373 %
- cmsRun metrics
[cmsRun1] Efficiency of cmsRun step TotalJobTime vs WMCMSSWSubprocess = 99.55023644123374
Total Efficiency of cmsRuns totalJobTime vs Wrapper WC Time= 92.97122807017544 %
Total Efficiency of cmsRuns SubProcess WC Times vs Wrapper WC Time = 93.39126796053166 %
WM_subprocess_eff[cmsRun1] = 99.55023644123374 %
---------------------------------
Report file: ../llavezzo_Run2023D_ParkingDoubleMuonLowMass4_22Sep2023_v2_231110_184109_4096/JobCluster_3385/Job_3385334.tar.bz2
WMTimes collected: {'WM_wrapper': 10918.0, 'cmsRun1': 10910.453514099121, 'cmsRun1--WMCMSSWSubprocess': 10844.242259979248, 'cmsRun1--TotalJobTime': 10840.9, 'stageOut1': 4.441466331481934, 'logArch1': 0.7167942523956299}
Efficiency of SumOfAllSteps vs Wrapper (WC time) = 99.97812579852537 %
- cmsRun metrics
[cmsRun1] Efficiency of cmsRun step TotalJobTime vs WMCMSSWSubprocess = 99.96917940507856
Total Efficiency of cmsRuns totalJobTime vs Wrapper WC Time= 99.2938267081883 %
Total Efficiency of cmsRuns SubProcess WC Times vs Wrapper WC Time = 99.32443909121861 %
WM_subprocess_eff[cmsRun1] = 99.96917940507856 %
---------------------------------
Report file: ../llavezzo_Run2023D_ParkingDoubleMuonLowMass4_22Sep2023_v2_231110_184109_4096/JobCluster_3841/Job_3841831.tar.bz2
WMTimes collected: {'WM_wrapper': 177.0, 'cleanupUnmergedMINIAODoutput': 175.1240997314453}
Efficiency of SumOfAllSteps vs Wrapper (WC time) = 98.94016933979961 %
- cmsRun metrics
---------------------------------
Report file: ../llavezzo_Run2023D_ParkingDoubleMuonLowMass4_22Sep2023_v2_231110_184109_4096/JobCluster_3492/Job_3492116.tar.bz2
WMTimes collected: {'WM_wrapper': 402.0, 'cmsRun1': 390.50058937072754, 'cmsRun1--WMCMSSWSubprocess': 363.34453201293945, 'cmsRun1--TotalJobTime': 361.174, 'stageOut1': 8.995313882827759, 'logArch1': 0.7168917655944824}
Efficiency of SumOfAllSteps vs Wrapper (WC time) = 99.55542164655468 %
- cmsRun metrics
[cmsRun1] Efficiency of cmsRun step TotalJobTime vs WMCMSSWSubprocess = 99.40262428034498
Total Efficiency of cmsRuns totalJobTime vs Wrapper WC Time= 89.84427860696516 %
Total Efficiency of cmsRuns SubProcess WC Times vs Wrapper WC Time = 90.38421194351727 %
WM_subprocess_eff[cmsRun1] = 99.40262428034498 %
---------------------------------
Report file: ../llavezzo_Run2023D_ParkingDoubleMuonLowMass4_22Sep2023_v2_231110_184109_4096/JobCluster_3929/Job_3929664.tar.bz2
WMTimes collected: {'WM_wrapper': 9.0, 'logCollect1': 7.047372102737427}
Efficiency of SumOfAllSteps vs Wrapper (WC time) = 78.3041344748603 %
- cmsRun metrics
---------------------------------
Report file: ../llavezzo_Run2023D_ParkingDoubleMuonLowMass4_22Sep2023_v2_231110_184109_4096/JobCluster_3928/Job_3928718.tar.bz2
WMTimes collected: {'WM_wrapper': 40.0, 'cleanupUnmergedNANOEDMAODoutput': 36.56156897544861}
Efficiency of SumOfAllSteps vs Wrapper (WC time) = 91.40392243862152 %
- cmsRun metrics
---------------------------------
Report file: ../llavezzo_Run2023D_ParkingDoubleMuonLowMass4_22Sep2023_v2_231110_184109_4096/JobCluster_3429/Job_3429883.tar.bz2
There was an error collecting stats from report: /data/cmst1-tmp/scratch/Job_3429883/Report.0.pkl. Skip
'ConfigSection' object has no attribute 'WMCMSSWSubprocess'
---------------------------------
Report file: ../llavezzo_Run2023D_ParkingDoubleMuonLowMass4_22Sep2023_v2_231110_184109_4096/JobCluster_3453/Job_3453613.tar.bz2
WMTimes collected: {'WM_wrapper': 926.0, 'cmsRun1': 915.7537682056427, 'cmsRun1--WMCMSSWSubprocess': 870.1168301105499, 'cmsRun1--TotalJobTime': 866.207, 'stageOut1': 6.504615068435669, 'logArch1': 0.6691057682037354}
Efficiency of SumOfAllSteps vs Wrapper (WC time) = 99.66819536093759 %
- cmsRun metrics
[cmsRun1] Efficiency of cmsRun step TotalJobTime vs WMCMSSWSubprocess = 99.55065458163207
Total Efficiency of cmsRuns totalJobTime vs Wrapper WC Time= 93.54287257019438 %
Total Efficiency of cmsRuns SubProcess WC Times vs Wrapper WC Time = 93.96510044390388 %
WM_subprocess_eff[cmsRun1] = 99.55065458163207 %
---------------------------------
Report file: ../llavezzo_Run2023D_ParkingDoubleMuonLowMass4_22Sep2023_v2_231110_184109_4096/JobCluster_3460/Job_3460486.tar.bz2
WMTimes collected: {'WM_wrapper': 83.0, 'cleanupUnmergedNANOEDMAODoutput': 78.7121741771698}
Efficiency of SumOfAllSteps vs Wrapper (WC time) = 94.83394479177085 %
- cmsRun metrics
---------------------------------
Report file: ../llavezzo_Run2023D_ParkingDoubleMuonLowMass4_22Sep2023_v2_231110_184109_4096/JobCluster_3435/Job_3435919.tar.bz2
WMTimes collected: {'WM_wrapper': 3124.0, 'cmsRun1': 3116.6453788280487, 'cmsRun1--WMCMSSWSubprocess': 3088.3363547325134, 'cmsRun1--TotalJobTime': 3084.37, 'stageOut1': 1.9269580841064453, 'logArch1': 3.261397361755371}
Efficiency of SumOfAllSteps vs Wrapper (WC time) = 99.93065730710342 %
- cmsRun metrics
[cmsRun1] Efficiency of cmsRun step TotalJobTime vs WMCMSSWSubprocess = 99.87156985907848
Total Efficiency of cmsRuns totalJobTime vs Wrapper WC Time= 98.73143405889884 %
Total Efficiency of cmsRuns SubProcess WC Times vs Wrapper WC Time = 98.85839803881285 %
WM_subprocess_eff[cmsRun1] = 99.87156985907848 %
---------------------------------
Report file: ../llavezzo_Run2023D_ParkingDoubleMuonLowMass4_22Sep2023_v2_231110_184109_4096/JobCluster_3490/Job_3490266.tar.bz2
WMTimes collected: {'WM_wrapper': 776.0, 'cmsRun1': 712.5882754325867, 'cmsRun1--WMCMSSWSubprocess': 685.1144526004791, 'cmsRun1--TotalJobTime': 682.854, 'stageOut1': 59.21379065513611, 'logArch1': 2.539705514907837}
Efficiency of SumOfAllSteps vs Wrapper (WC time) = 99.78631077353486 %
- cmsRun metrics
[cmsRun1] Efficiency of cmsRun step TotalJobTime vs WMCMSSWSubprocess = 99.67006204702015
Total Efficiency of cmsRuns totalJobTime vs Wrapper WC Time= 87.99664948453608 %
Total Efficiency of cmsRuns SubProcess WC Times vs Wrapper WC Time = 88.28794492274216 %
WM_subprocess_eff[cmsRun1] = 99.67006204702015 %
---------------------------------
Report file: ../llavezzo_Run2023D_ParkingDoubleMuonLowMass4_22Sep2023_v2_231110_184109_4096/JobCluster_3927/Job_3927487.tar.bz2
WMTimes collected: {'WM_wrapper': 36.0, 'logCollect1': 31.295180797576904}
Efficiency of SumOfAllSteps vs Wrapper (WC time) = 86.93105777104697 %
- cmsRun metrics
---------------------------------
Report file: ../llavezzo_Run2023D_ParkingDoubleMuonLowMass4_22Sep2023_v2_231110_184109_4096/JobCluster_3444/Job_3444579.tar.bz2
WMTimes collected: {'WM_wrapper': 694.0, 'cmsRun1': 684.796493768692, 'cmsRun1--WMCMSSWSubprocess': 641.8686485290527, 'cmsRun1--TotalJobTime': 638.515, 'stageOut1': 6.227555990219116, 'logArch1': 0.5860424041748047}
Efficiency of SumOfAllSteps vs Wrapper (WC time) = 99.65563287652535 %
- cmsRun metrics
[cmsRun1] Efficiency of cmsRun step TotalJobTime vs WMCMSSWSubprocess = 99.47751794128936
Total Efficiency of cmsRuns totalJobTime vs Wrapper WC Time= 92.00504322766571 %
Total Efficiency of cmsRuns SubProcess WC Times vs Wrapper WC Time = 92.48827788603066 %
WM_subprocess_eff[cmsRun1] = 99.47751794128936 %
---------------------------------
Report file: ../llavezzo_Run2023D_ParkingDoubleMuonLowMass4_22Sep2023_v2_231110_184109_4096/JobCluster_3491/Job_3491199.tar.bz2
WMTimes collected: {'WM_wrapper': 959.0, 'cmsRun1': 854.7337880134583, 'cmsRun1--WMCMSSWSubprocess': 802.2188894748688, 'cmsRun1--TotalJobTime': 798.786, 'stageOut1': 87.81947660446167, 'logArch1': 13.43323564529419}
Efficiency of SumOfAllSteps vs Wrapper (WC time) = 99.6857664508044 %
- cmsRun metrics
[cmsRun1] Efficiency of cmsRun step TotalJobTime vs WMCMSSWSubprocess = 99.57207571151609
Total Efficiency of cmsRuns totalJobTime vs Wrapper WC Time= 83.29363920750782 %
Total Efficiency of cmsRuns SubProcess WC Times vs Wrapper WC Time = 83.65160474190499 %
WM_subprocess_eff[cmsRun1] = 99.57207571151609 %
---------------------------------
Report file: ../llavezzo_Run2023D_ParkingDoubleMuonLowMass4_22Sep2023_v2_231110_184109_4096/JobCluster_3473/Job_3473575.tar.bz2
WMTimes collected: {'WM_wrapper': 863.0, 'cmsRun1': 854.8640921115875, 'cmsRun1--WMCMSSWSubprocess': 809.0632922649384, 'cmsRun1--TotalJobTime': 805.485, 'stageOut1': 5.125128746032715, 'logArch1': 0.7073760032653809}
Efficiency of SumOfAllSteps vs Wrapper (WC time) = 99.73309349488825 %
- cmsRun metrics
[cmsRun1] Efficiency of cmsRun step TotalJobTime vs WMCMSSWSubprocess = 99.55772406199259
Total Efficiency of cmsRuns totalJobTime vs Wrapper WC Time= 93.33545770567787 %
Total Efficiency of cmsRuns SubProcess WC Times vs Wrapper WC Time = 93.75009180358498 %
WM_subprocess_eff[cmsRun1] = 99.55772406199259 %
---------------------------------
Report file: ../llavezzo_Run2023D_ParkingDoubleMuonLowMass4_22Sep2023_v2_231110_184109_4096/JobCluster_3388/Job_3388844.tar.bz2
WMTimes collected: {'WM_wrapper': 6692.0, 'cmsRun1': 6651.852787733078, 'cmsRun1--WMCMSSWSubprocess': 6585.635293245316, 'cmsRun1--TotalJobTime': 6581.98, 'stageOut1': 33.669689893722534, 'logArch1': 3.8660812377929688}
Efficiency of SumOfAllSteps vs Wrapper (WC time) = 99.96097667161676 %
- cmsRun metrics
[cmsRun1] Efficiency of cmsRun step TotalJobTime vs WMCMSSWSubprocess = 99.94449596610573
Total Efficiency of cmsRuns totalJobTime vs Wrapper WC Time= 98.35594739988045 %
Total Efficiency of cmsRuns SubProcess WC Times vs Wrapper WC Time = 98.41056923558452 %
WM_subprocess_eff[cmsRun1] = 99.94449596610573 %
---------------------------------
Report file: ../llavezzo_Run2023D_ParkingDoubleMuonLowMass4_22Sep2023_v2_231110_184109_4096/JobCluster_3389/Job_3389254.tar.bz2
There was an error collecting stats from report: /data/cmst1-tmp/scratch/Job_3389254/Report.0.pkl. Skip
'ConfigSection' object has no attribute 'WMCMSSWSubprocess'
---------------------------------
Report file: ../llavezzo_Run2023D_ParkingDoubleMuonLowMass4_22Sep2023_v2_231110_184109_4096/JobCluster_3926/Job_3926408.tar.bz2
WMTimes collected: {'WM_wrapper': 9.0, 'cleanupUnmergedNANOEDMAODoutput': 5.333415269851685}
Efficiency of SumOfAllSteps vs Wrapper (WC time) = 59.260169665018715 %
- cmsRun metrics
---------------------------------
Report file: ../llavezzo_Run2023D_ParkingDoubleMuonLowMass4_22Sep2023_v2_231110_184109_4096/JobCluster_3524/Job_3524069.tar.bz2
WMTimes collected: {'WM_wrapper': 765.0, 'cmsRun1': 696.5792560577393, 'cmsRun1--WMCMSSWSubprocess': 646.6447899341583, 'cmsRun1--TotalJobTime': 642.756, 'stageOut1': 58.90397930145264, 'logArch1': 6.7890050411224365}
Efficiency of SumOfAllSteps vs Wrapper (WC time) = 99.64343011768815 %
- cmsRun metrics
[cmsRun1] Efficiency of cmsRun step TotalJobTime vs WMCMSSWSubprocess = 99.39862038715964
Total Efficiency of cmsRuns totalJobTime vs Wrapper WC Time= 84.02039215686274 %
Total Efficiency of cmsRuns SubProcess WC Times vs Wrapper WC Time = 84.52873071034749 %
WM_subprocess_eff[cmsRun1] = 99.39862038715964 %
---------------------------------
Report file: ../llavezzo_Run2023D_ParkingDoubleMuonLowMass4_22Sep2023_v2_231110_184109_4096/JobCluster_3576/Job_3576740.tar.bz2
WMTimes collected: {'WM_wrapper': 8.0, 'cleanupUnmergedNANOEDMAODoutput': 6.410133600234985}
Efficiency of SumOfAllSteps vs Wrapper (WC time) = 80.12667000293732 %
- cmsRun metrics
---------------------------------
Report file: ../llavezzo_Run2023D_ParkingDoubleMuonLowMass4_22Sep2023_v2_231110_184109_4096/JobCluster_3384/Job_3384687.tar.bz2
WMTimes collected: {'WM_wrapper': 8442.0, 'cmsRun1': 8434.80044412613, 'cmsRun1--WMCMSSWSubprocess': 8385.52624464035, 'cmsRun1--TotalJobTime': 8383.11, 'stageOut1': 4.107561111450195, 'logArch1': 1.0985162258148193}
Efficiency of SumOfAllSteps vs Wrapper (WC time) = 99.9763861817507 %
- cmsRun metrics
[cmsRun1] Efficiency of cmsRun step TotalJobTime vs WMCMSSWSubprocess = 99.97118553362236
Total Efficiency of cmsRuns totalJobTime vs Wrapper WC Time= 99.30241648898365 %
Total Efficiency of cmsRuns SubProcess WC Times vs Wrapper WC Time = 99.33103819758766 %
WM_subprocess_eff[cmsRun1] = 99.97118553362236 %
---------------------------------
Report file: ../llavezzo_Run2023D_ParkingDoubleMuonLowMass4_22Sep2023_v2_231110_184109_4096/JobCluster_3569/Job_3569646.tar.bz2
WMTimes collected: {'WM_wrapper': 4.0, 'cleanupUnmergedMINIAODoutput': 2.7862942218780518}
Efficiency of SumOfAllSteps vs Wrapper (WC time) = 69.6573555469513 %
- cmsRun metrics
---------------------------------
Report file: ../llavezzo_Run2023D_ParkingDoubleMuonLowMass4_22Sep2023_v2_231110_184109_4096/JobCluster_3452/Job_3452449.tar.bz2
WMTimes collected: {'WM_wrapper': 913.0, 'cmsRun1': 902.9804644584656, 'cmsRun1--WMCMSSWSubprocess': 852.4347591400146, 'cmsRun1--TotalJobTime': 848.388, 'stageOut1': 6.058964967727661, 'logArch1': 0.7492949962615967}
Efficiency of SumOfAllSteps vs Wrapper (WC time) = 99.64827211636964 %
- cmsRun metrics
[cmsRun1] Efficiency of cmsRun step TotalJobTime vs WMCMSSWSubprocess = 99.525270515236
Total Efficiency of cmsRuns totalJobTime vs Wrapper WC Time= 92.92311062431546 %
Total Efficiency of cmsRuns SubProcess WC Times vs Wrapper WC Time = 93.36634820810676 %
WM_subprocess_eff[cmsRun1] = 99.525270515236 %
---------------------------------
Report file: ../llavezzo_Run2023D_ParkingDoubleMuonLowMass4_22Sep2023_v2_231110_184109_4096/JobCluster_3846/Job_3846133.tar.bz2
WMTimes collected: {'WM_wrapper': 112.0, 'cleanupUnmergedMINIAODoutput': 111.10627746582031}
Efficiency of SumOfAllSteps vs Wrapper (WC time) = 99.20203345162528 %
- cmsRun metrics
---------------------------------
Report file: ../llavezzo_Run2023D_ParkingDoubleMuonLowMass4_22Sep2023_v2_231110_184109_4096/JobCluster_3450/Job_3450729.tar.bz2
WMTimes collected: {'WM_wrapper': 363.0, 'cmsRun1': 353.93375635147095, 'cmsRun1--WMCMSSWSubprocess': 325.4404797554016, 'cmsRun1--TotalJobTime': 323.628, 'stageOut1': 7.071733474731445, 'logArch1': 0.8716845512390137}
Efficiency of SumOfAllSteps vs Wrapper (WC time) = 99.69068164667807 %
- cmsRun metrics
[cmsRun1] Efficiency of cmsRun step TotalJobTime vs WMCMSSWSubprocess = 99.44306874278091
Total Efficiency of cmsRuns totalJobTime vs Wrapper WC Time= 89.15371900826446 %
Total Efficiency of cmsRuns SubProcess WC Times vs Wrapper WC Time = 89.65302472600595 %
WM_subprocess_eff[cmsRun1] = 99.44306874278091 %
---------------------------------
Report file: ../llavezzo_Run2023D_ParkingDoubleMuonLowMass4_22Sep2023_v2_231110_184109_4096/JobCluster_3850/Job_3850689.tar.bz2
WMTimes collected: {'WM_wrapper': 287.0, 'cleanupUnmergedMINIAODoutput': 284.3477370738983}
Efficiency of SumOfAllSteps vs Wrapper (WC time) = 99.07586657627118 %
- cmsRun metrics
---------------------------------
Report file: ../llavezzo_Run2023D_ParkingDoubleMuonLowMass4_22Sep2023_v2_231110_184109_4096/JobCluster_3370/Job_3370855.tar.bz2
WMTimes collected: {'WM_wrapper': 9318.0, 'cmsRun1': 9310.470308542252, 'cmsRun1--WMCMSSWSubprocess': 9222.474890232086, 'cmsRun1--TotalJobTime': 9217.91, 'stageOut1': 3.9273157119750977, 'logArch1': 0.9528844356536865}
Efficiency of SumOfAllSteps vs Wrapper (WC time) = 99.97156587990857 %
- cmsRun metrics
[cmsRun1] Efficiency of cmsRun step TotalJobTime vs WMCMSSWSubprocess = 99.95050254637266
Total Efficiency of cmsRuns totalJobTime vs Wrapper WC Time= 98.92584245546254 %
Total Efficiency of cmsRuns SubProcess WC Times vs Wrapper WC Time = 98.97483247727072 %
WM_subprocess_eff[cmsRun1] = 99.95050254637266 %
---------------------------------
Report file: ../llavezzo_Run2023D_ParkingDoubleMuonLowMass4_22Sep2023_v2_231110_184109_4096/JobCluster_3455/Job_3455447.tar.bz2
WMTimes collected: {'WM_wrapper': 1321.0, 'cmsRun1': 1309.0187253952026, 'cmsRun1--WMCMSSWSubprocess': 1250.8921601772308, 'cmsRun1--TotalJobTime': 1246.63, 'stageOut1': 7.1355836391448975, 'logArch1': 0.8631484508514404}
Efficiency of SumOfAllSteps vs Wrapper (WC time) = 99.69852062719144 %
- cmsRun metrics
[cmsRun1] Efficiency of cmsRun step TotalJobTime vs WMCMSSWSubprocess = 99.65927037414426
Total Efficiency of cmsRuns totalJobTime vs Wrapper WC Time= 94.37017411052234 %
Total Efficiency of cmsRuns SubProcess WC Times vs Wrapper WC Time = 94.69282060387818 %
WM_subprocess_eff[cmsRun1] = 99.65927037414426 %
---------------------------------
Report file: ../llavezzo_Run2023D_ParkingDoubleMuonLowMass4_22Sep2023_v2_231110_184109_4096/JobCluster_3847/Job_3847303.tar.bz2
WMTimes collected: {'WM_wrapper': 276.0, 'cleanupUnmergedMINIAODoutput': 274.5679557323456}
Efficiency of SumOfAllSteps vs Wrapper (WC time) = 99.48114338128462 %
- cmsRun metrics
