file = ../pdmvserv_task_GEN-Run3Summer22wmLHEGS-00649__v1_T_231124_061031_2943/JobCluster_6514/Job_6514513.tar.bz2
file = ../pdmvserv_task_GEN-Run3Summer22wmLHEGS-00649__v1_T_231124_061031_2943/JobCluster_6193/Job_6193687.tar.bz2
file = ../pdmvserv_task_GEN-Run3Summer22wmLHEGS-00649__v1_T_231124_061031_2943/JobCluster_6190/Job_6190623.tar.bz2
file = ../pdmvserv_task_GEN-Run3Summer22wmLHEGS-00649__v1_T_231124_061031_2943/JobCluster_6511/Job_6511732.tar.bz2
Could not extract report file from: ../pdmvserv_task_GEN-Run3Summer22wmLHEGS-00649__v1_T_231124_061031_2943/JobCluster_6511/Job_6511732.tar.bz2, skipping.
file = ../pdmvserv_task_GEN-Run3Summer22wmLHEGS-00649__v1_T_231124_061031_2943/JobCluster_6394/Job_6394105.tar.bz2
file = ../pdmvserv_task_GEN-Run3Summer22wmLHEGS-00649__v1_T_231124_061031_2943/JobCluster_6395/Job_6395331.tar.bz2
file = ../pdmvserv_task_GEN-Run3Summer22wmLHEGS-00649__v1_T_231124_061031_2943/JobCluster_6386/Job_6386450.tar.bz2
file = ../pdmvserv_task_GEN-Run3Summer22wmLHEGS-00649__v1_T_231124_061031_2943/JobCluster_6174/Job_6174587.tar.bz2
file = ../pdmvserv_task_GEN-Run3Summer22wmLHEGS-00649__v1_T_231124_061031_2943/JobCluster_6185/Job_6185428.tar.bz2
file = ../pdmvserv_task_GEN-Run3Summer22wmLHEGS-00649__v1_T_231124_061031_2943/JobCluster_6047/Job_6047200.tar.bz2
file = ../pdmvserv_task_GEN-Run3Summer22wmLHEGS-00649__v1_T_231124_061031_2943/JobCluster_6040/Job_6040035.tar.bz2
file = ../pdmvserv_task_GEN-Run3Summer22wmLHEGS-00649__v1_T_231124_061031_2943/JobCluster_6390/Job_6390663.tar.bz2
file = ../pdmvserv_task_GEN-Run3Summer22wmLHEGS-00649__v1_T_231124_061031_2943/JobCluster_6426/Job_6426180.tar.bz2
file = ../pdmvserv_task_GEN-Run3Summer22wmLHEGS-00649__v1_T_231124_061031_2943/JobCluster_6041/Job_6041109.tar.bz2
file = ../pdmvserv_task_GEN-Run3Summer22wmLHEGS-00649__v1_T_231124_061031_2943/JobCluster_6502/Job_6502548.tar.bz2
file = ../pdmvserv_task_GEN-Run3Summer22wmLHEGS-00649__v1_T_231124_061031_2943/JobCluster_6177/Job_6177117.tar.bz2
file = ../pdmvserv_task_GEN-Run3Summer22wmLHEGS-00649__v1_T_231124_061031_2943/JobCluster_5987/Job_5987662.tar.bz2
Could not extract report file from: ../pdmvserv_task_GEN-Run3Summer22wmLHEGS-00649__v1_T_231124_061031_2943/JobCluster_5987/Job_5987662.tar.bz2, skipping.
file = ../pdmvserv_task_GEN-Run3Summer22wmLHEGS-00649__v1_T_231124_061031_2943/JobCluster_6459/Job_6459398.tar.bz2
file = ../pdmvserv_task_GEN-Run3Summer22wmLHEGS-00649__v1_T_231124_061031_2943/JobCluster_6700/Job_6700791.tar.bz2
file = ../pdmvserv_task_GEN-Run3Summer22wmLHEGS-00649__v1_T_231124_061031_2943/JobCluster_6696/Job_6696675.tar.bz2
file = ../pdmvserv_task_GEN-Run3Summer22wmLHEGS-00649__v1_T_231124_061031_2943/JobCluster_6099/Job_6099459.tar.bz2
file = ../pdmvserv_task_GEN-Run3Summer22wmLHEGS-00649__v1_T_231124_061031_2943/JobCluster_6504/Job_6504802.tar.bz2
Could not extract report file from: ../pdmvserv_task_GEN-Run3Summer22wmLHEGS-00649__v1_T_231124_061031_2943/JobCluster_6504/Job_6504802.tar.bz2, skipping.
file = ../pdmvserv_task_GEN-Run3Summer22wmLHEGS-00649__v1_T_231124_061031_2943/JobCluster_6382/Job_6382909.tar.bz2
file = ../pdmvserv_task_GEN-Run3Summer22wmLHEGS-00649__v1_T_231124_061031_2943/JobCluster_6379/Job_6379960.tar.bz2
file = ../pdmvserv_task_GEN-Run3Summer22wmLHEGS-00649__v1_T_231124_061031_2943/JobCluster_6704/Job_6704146.tar.bz2
file = ../pdmvserv_task_GEN-Run3Summer22wmLHEGS-00649__v1_T_231124_061031_2943/JobCluster_6375/Job_6375147.tar.bz2
file = ../pdmvserv_task_GEN-Run3Summer22wmLHEGS-00649__v1_T_231124_061031_2943/JobCluster_6517/Job_6517279.tar.bz2
file = ../pdmvserv_task_GEN-Run3Summer22wmLHEGS-00649__v1_T_231124_061031_2943/JobCluster_6388/Job_6388609.tar.bz2
file = ../pdmvserv_task_GEN-Run3Summer22wmLHEGS-00649__v1_T_231124_061031_2943/JobCluster_6491/Job_6491238.tar.bz2
file = ../pdmvserv_task_GEN-Run3Summer22wmLHEGS-00649__v1_T_231124_061031_2943/JobCluster_6373/Job_6373197.tar.bz2
file = ../pdmvserv_task_GEN-Run3Summer22wmLHEGS-00649__v1_T_231124_061031_2943/JobCluster_6391/Job_6391590.tar.bz2
file = ../pdmvserv_task_GEN-Run3Summer22wmLHEGS-00649__v1_T_231124_061031_2943/JobCluster_6377/Job_6377805.tar.bz2
file = ../pdmvserv_task_GEN-Run3Summer22wmLHEGS-00649__v1_T_231124_061031_2943/JobCluster_6496/Job_6496546.tar.bz2
file = ../pdmvserv_task_GEN-Run3Summer22wmLHEGS-00649__v1_T_231124_061031_2943/JobCluster_6369/Job_6369978.tar.bz2
file = ../pdmvserv_task_GEN-Run3Summer22wmLHEGS-00649__v1_T_231124_061031_2943/JobCluster_6383/Job_6383307.tar.bz2
file = ../pdmvserv_task_GEN-Run3Summer22wmLHEGS-00649__v1_T_231124_061031_2943/JobCluster_6036/Job_6036832.tar.bz2
Could not extract report file from: ../pdmvserv_task_GEN-Run3Summer22wmLHEGS-00649__v1_T_231124_061031_2943/JobCluster_6036/Job_6036832.tar.bz2, skipping.
file = ../pdmvserv_task_GEN-Run3Summer22wmLHEGS-00649__v1_T_231124_061031_2943/JobCluster_6410/Job_6410650.tar.bz2
file = ../pdmvserv_task_GEN-Run3Summer22wmLHEGS-00649__v1_T_231124_061031_2943/JobCluster_6380/Job_6380470.tar.bz2
file = ../pdmvserv_task_GEN-Run3Summer22wmLHEGS-00649__v1_T_231124_061031_2943/JobCluster_5936/Job_5936652.tar.bz2
Could not extract report file from: ../pdmvserv_task_GEN-Run3Summer22wmLHEGS-00649__v1_T_231124_061031_2943/JobCluster_5936/Job_5936652.tar.bz2, skipping.
file = ../pdmvserv_task_GEN-Run3Summer22wmLHEGS-00649__v1_T_231124_061031_2943/JobCluster_6370/Job_6370513.tar.bz2
file = ../pdmvserv_task_GEN-Run3Summer22wmLHEGS-00649__v1_T_231124_061031_2943/JobCluster_6476/Job_6476165.tar.bz2
file = ../pdmvserv_task_GEN-Run3Summer22wmLHEGS-00649__v1_T_231124_061031_2943/JobCluster_6469/Job_6469438.tar.bz2
file = ../pdmvserv_task_GEN-Run3Summer22wmLHEGS-00649__v1_T_231124_061031_2943/JobCluster_6539/Job_6539764.tar.bz2
file = ../pdmvserv_task_GEN-Run3Summer22wmLHEGS-00649__v1_T_231124_061031_2943/JobCluster_6048/Job_6048301.tar.bz2
file = ../pdmvserv_task_GEN-Run3Summer22wmLHEGS-00649__v1_T_231124_061031_2943/JobCluster_6417/Job_6417120.tar.bz2
file = ../pdmvserv_task_GEN-Run3Summer22wmLHEGS-00649__v1_T_231124_061031_2943/JobCluster_6183/Job_6183454.tar.bz2
file = ../pdmvserv_task_GEN-Run3Summer22wmLHEGS-00649__v1_T_231124_061031_2943/JobCluster_6452/Job_6452052.tar.bz2
Could not extract report file from: ../pdmvserv_task_GEN-Run3Summer22wmLHEGS-00649__v1_T_231124_061031_2943/JobCluster_6452/Job_6452052.tar.bz2, skipping.
file = ../pdmvserv_task_GEN-Run3Summer22wmLHEGS-00649__v1_T_231124_061031_2943/JobCluster_6419/Job_6419082.tar.bz2
Could not extract report file from: ../pdmvserv_task_GEN-Run3Summer22wmLHEGS-00649__v1_T_231124_061031_2943/JobCluster_6419/Job_6419082.tar.bz2, skipping.
file = ../pdmvserv_task_GEN-Run3Summer22wmLHEGS-00649__v1_T_231124_061031_2943/JobCluster_6432/Job_6432643.tar.bz2
file = ../pdmvserv_task_GEN-Run3Summer22wmLHEGS-00649__v1_T_231124_061031_2943/JobCluster_6540/Job_6540112.tar.bz2
Could not extract report file from: ../pdmvserv_task_GEN-Run3Summer22wmLHEGS-00649__v1_T_231124_061031_2943/JobCluster_6540/Job_6540112.tar.bz2, skipping.
file = ../pdmvserv_task_GEN-Run3Summer22wmLHEGS-00649__v1_T_231124_061031_2943/JobCluster_6460/Job_6460501.tar.bz2
file = ../pdmvserv_task_GEN-Run3Summer22wmLHEGS-00649__v1_T_231124_061031_2943/JobCluster_6389/Job_6389174.tar.bz2
file = ../pdmvserv_task_GEN-Run3Summer22wmLHEGS-00649__v1_T_231124_061031_2943/JobCluster_6493/Job_6493280.tar.bz2
file = ../pdmvserv_task_GEN-Run3Summer22wmLHEGS-00649__v1_T_231124_061031_2943/JobCluster_6374/Job_6374559.tar.bz2
file = ../pdmvserv_task_GEN-Run3Summer22wmLHEGS-00649__v1_T_231124_061031_2943/JobCluster_6043/Job_6043474.tar.bz2
file = ../pdmvserv_task_GEN-Run3Summer22wmLHEGS-00649__v1_T_231124_061031_2943/JobCluster_6182/Job_6182764.tar.bz2
file = ../pdmvserv_task_GEN-Run3Summer22wmLHEGS-00649__v1_T_231124_061031_2943/JobCluster_6179/Job_6179665.tar.bz2
file = ../pdmvserv_task_GEN-Run3Summer22wmLHEGS-00649__v1_T_231124_061031_2943/JobCluster_6438/Job_6438159.tar.bz2
file = ../pdmvserv_task_GEN-Run3Summer22wmLHEGS-00649__v1_T_231124_061031_2943/JobCluster_6371/Job_6371597.tar.bz2
file = ../pdmvserv_task_GEN-Run3Summer22wmLHEGS-00649__v1_T_231124_061031_2943/JobCluster_6037/Job_6037356.tar.bz2
file = ../pdmvserv_task_GEN-Run3Summer22wmLHEGS-00649__v1_T_231124_061031_2943/JobCluster_6474/Job_6474002.tar.bz2
Could not extract report file from: ../pdmvserv_task_GEN-Run3Summer22wmLHEGS-00649__v1_T_231124_061031_2943/JobCluster_6474/Job_6474002.tar.bz2, skipping.
file = ../pdmvserv_task_GEN-Run3Summer22wmLHEGS-00649__v1_T_231124_061031_2943/JobCluster_6055/Job_6055052.tar.bz2
Could not extract report file from: ../pdmvserv_task_GEN-Run3Summer22wmLHEGS-00649__v1_T_231124_061031_2943/JobCluster_6055/Job_6055052.tar.bz2, skipping.
file = ../pdmvserv_task_GEN-Run3Summer22wmLHEGS-00649__v1_T_231124_061031_2943/JobCluster_6265/Job_6265214.tar.bz2
file = ../pdmvserv_task_GEN-Run3Summer22wmLHEGS-00649__v1_T_231124_061031_2943/JobCluster_6708/Job_6708832.tar.bz2
Could not extract report file from: ../pdmvserv_task_GEN-Run3Summer22wmLHEGS-00649__v1_T_231124_061031_2943/JobCluster_6708/Job_6708832.tar.bz2, skipping.
file = ../pdmvserv_task_GEN-Run3Summer22wmLHEGS-00649__v1_T_231124_061031_2943/JobCluster_6387/Job_6387014.tar.bz2
file = ../pdmvserv_task_GEN-Run3Summer22wmLHEGS-00649__v1_T_231124_061031_2943/JobCluster_6378/Job_6378150.tar.bz2
file = ../pdmvserv_task_GEN-Run3Summer22wmLHEGS-00649__v1_T_231124_061031_2943/JobCluster_6461/Job_6461411.tar.bz2
file = ../pdmvserv_task_GEN-Run3Summer22wmLHEGS-00649__v1_T_231124_061031_2943/JobCluster_6097/Job_6097947.tar.bz2
file = ../pdmvserv_task_GEN-Run3Summer22wmLHEGS-00649__v1_T_231124_061031_2943/JobCluster_6506/Job_6506829.tar.bz2
file = ../pdmvserv_task_GEN-Run3Summer22wmLHEGS-00649__v1_T_231124_061031_2943/JobCluster_6045/Job_6045283.tar.bz2
file = ../pdmvserv_task_GEN-Run3Summer22wmLHEGS-00649__v1_T_231124_061031_2943/JobCluster_6716/Job_6716145.tar.bz2
file = ../pdmvserv_task_GEN-Run3Summer22wmLHEGS-00649__v1_T_231124_061031_2943/JobCluster_6098/Job_6098019.tar.bz2
file = ../pdmvserv_task_GEN-Run3Summer22wmLHEGS-00649__v1_T_231124_061031_2943/JobCluster_6408/Job_6408301.tar.bz2
file = ../pdmvserv_task_GEN-Run3Summer22wmLHEGS-00649__v1_T_231124_061031_2943/JobCluster_6428/Job_6428912.tar.bz2
Could not extract report file from: ../pdmvserv_task_GEN-Run3Summer22wmLHEGS-00649__v1_T_231124_061031_2943/JobCluster_6428/Job_6428912.tar.bz2, skipping.
file = ../pdmvserv_task_GEN-Run3Summer22wmLHEGS-00649__v1_T_231124_061031_2943/JobCluster_6501/Job_6501264.tar.bz2
file = ../pdmvserv_task_GEN-Run3Summer22wmLHEGS-00649__v1_T_231124_061031_2943/JobCluster_6440/Job_6440700.tar.bz2
file = ../pdmvserv_task_GEN-Run3Summer22wmLHEGS-00649__v1_T_231124_061031_2943/JobCluster_6385/Job_6385642.tar.bz2
Could not extract report file from: ../pdmvserv_task_GEN-Run3Summer22wmLHEGS-00649__v1_T_231124_061031_2943/JobCluster_6385/Job_6385642.tar.bz2, skipping.
file = ../pdmvserv_task_GEN-Run3Summer22wmLHEGS-00649__v1_T_231124_061031_2943/JobCluster_6372/Job_6372925.tar.bz2
file = ../pdmvserv_task_GEN-Run3Summer22wmLHEGS-00649__v1_T_231124_061031_2943/JobCluster_6368/Job_6368768.tar.bz2
file = ../pdmvserv_task_GEN-Run3Summer22wmLHEGS-00649__v1_T_231124_061031_2943/JobCluster_6463/Job_6463019.tar.bz2
file = ../pdmvserv_task_GEN-Run3Summer22wmLHEGS-00649__v1_T_231124_061031_2943/JobCluster_6414/Job_6414451.tar.bz2
file = ../pdmvserv_task_GEN-Run3Summer22wmLHEGS-00649__v1_T_231124_061031_2943/JobCluster_6052/Job_6052310.tar.bz2
file = ../pdmvserv_task_GEN-Run3Summer22wmLHEGS-00649__v1_T_231124_061031_2943/JobCluster_6188/Job_6188035.tar.bz2
file = ../pdmvserv_task_GEN-Run3Summer22wmLHEGS-00649__v1_T_231124_061031_2943/JobCluster_6396/Job_6396102.tar.bz2
Could not extract report file from: ../pdmvserv_task_GEN-Run3Summer22wmLHEGS-00649__v1_T_231124_061031_2943/JobCluster_6396/Job_6396102.tar.bz2, skipping.
file = ../pdmvserv_task_GEN-Run3Summer22wmLHEGS-00649__v1_T_231124_061031_2943/JobCluster_6376/Job_6376058.tar.bz2
file = ../pdmvserv_task_GEN-Run3Summer22wmLHEGS-00649__v1_T_231124_061031_2943/JobCluster_6038/Job_6038879.tar.bz2
file = ../pdmvserv_task_GEN-Run3Summer22wmLHEGS-00649__v1_T_231124_061031_2943/JobCluster_6180/Job_6180011.tar.bz2
file = ../pdmvserv_task_GEN-Run3Summer22wmLHEGS-00649__v1_T_231124_061031_2943/JobCluster_5988/Job_5988572.tar.bz2
Could not extract report file from: ../pdmvserv_task_GEN-Run3Summer22wmLHEGS-00649__v1_T_231124_061031_2943/JobCluster_5988/Job_5988572.tar.bz2, skipping.
file = ../pdmvserv_task_GEN-Run3Summer22wmLHEGS-00649__v1_T_231124_061031_2943/JobCluster_6416/Job_6416072.tar.bz2
Could not extract report file from: ../pdmvserv_task_GEN-Run3Summer22wmLHEGS-00649__v1_T_231124_061031_2943/JobCluster_6416/Job_6416072.tar.bz2, skipping.
file = ../pdmvserv_task_GEN-Run3Summer22wmLHEGS-00649__v1_T_231124_061031_2943/JobCluster_6434/Job_6434182.tar.bz2
Could not extract report file from: ../pdmvserv_task_GEN-Run3Summer22wmLHEGS-00649__v1_T_231124_061031_2943/JobCluster_6434/Job_6434182.tar.bz2, skipping.
file = ../pdmvserv_task_GEN-Run3Summer22wmLHEGS-00649__v1_T_231124_061031_2943/JobCluster_6435/Job_6435263.tar.bz2
file = ../pdmvserv_task_GEN-Run3Summer22wmLHEGS-00649__v1_T_231124_061031_2943/JobCluster_6466/Job_6466487.tar.bz2
file = ../pdmvserv_task_GEN-Run3Summer22wmLHEGS-00649__v1_T_231124_061031_2943/JobCluster_6672/Job_6672270.tar.bz2
file = ../pdmvserv_task_GEN-Run3Summer22wmLHEGS-00649__v1_T_231124_061031_2943/JobCluster_6050/Job_6050984.tar.bz2
file = ../pdmvserv_task_GEN-Run3Summer22wmLHEGS-00649__v1_T_231124_061031_2943/JobCluster_6418/Job_6418240.tar.bz2
file = ../pdmvserv_task_GEN-Run3Summer22wmLHEGS-00649__v1_T_231124_061031_2943/JobCluster_6439/Job_6439968.tar.bz2
---------------------------------
Report file: ../pdmvserv_task_GEN-Run3Summer22wmLHEGS-00649__v1_T_231124_061031_2943/JobCluster_6514/Job_6514513.tar.bz2
WMTimes collected: {'WM_wrapper': 63.0, 'cleanupUnmergedPREMIXRAWoutput': 60.7180552482605}
Efficiency of SumOfAllSteps vs Wrapper (WC time) = 96.37786547342935 %
- cmsRun metrics
---------------------------------
Report file: ../pdmvserv_task_GEN-Run3Summer22wmLHEGS-00649__v1_T_231124_061031_2943/JobCluster_6193/Job_6193687.tar.bz2
WMTimes collected: {'WM_wrapper': 6.0, 'cleanupUnmergedRAWSIMoutput': 1.7530856132507324}
Efficiency of SumOfAllSteps vs Wrapper (WC time) = 29.218093554178875 %
- cmsRun metrics
---------------------------------
Report file: ../pdmvserv_task_GEN-Run3Summer22wmLHEGS-00649__v1_T_231124_061031_2943/JobCluster_6190/Job_6190623.tar.bz2
WMTimes collected: {'WM_wrapper': 9.0, 'cleanupUnmergedRAWSIMoutput': 3.3010964393615723}
Efficiency of SumOfAllSteps vs Wrapper (WC time) = 36.67884932623969 %
- cmsRun metrics
---------------------------------
Report file: ../pdmvserv_task_GEN-Run3Summer22wmLHEGS-00649__v1_T_231124_061031_2943/JobCluster_6394/Job_6394105.tar.bz2
WMTimes collected: {'WM_wrapper': 17069.0, 'cmsRun1': 16969.32066631317, 'cmsRun1--WMCMSSWSubprocess': 16930.315219402313, 'cmsRun1--TotalJobTime': 16927.4, 'stageOut1': 88.74938941001892, 'logArch1': 3.5691497325897217}
Efficiency of SumOfAllSteps vs Wrapper (WC time) = 99.95687624029398 %
- cmsRun metrics
[cmsRun1] Efficiency of cmsRun step TotalJobTime vs WMCMSSWSubprocess = 99.98278106837036
Total Efficiency of cmsRuns totalJobTime vs Wrapper WC Time= 99.17042591833149 %
Total Efficiency of cmsRuns SubProcess WC Times vs Wrapper WC Time = 99.18750494699346 %
WM_subprocess_eff[cmsRun1] = 99.98278106837036 %
---------------------------------
Report file: ../pdmvserv_task_GEN-Run3Summer22wmLHEGS-00649__v1_T_231124_061031_2943/JobCluster_6395/Job_6395331.tar.bz2
WMTimes collected: {'WM_wrapper': 557.0, 'cmsRun1': 524.6080377101898, 'cmsRun1--WMCMSSWSubprocess': 499.35094380378723, 'cmsRun1--TotalJobTime': 497.649, 'stageOut1': 30.111127614974976, 'logArch1': 0.5160551071166992}
Efficiency of SumOfAllSteps vs Wrapper (WC time) = 99.6831634528333 %
- cmsRun metrics
[cmsRun1] Efficiency of cmsRun step TotalJobTime vs WMCMSSWSubprocess = 99.65916880204075
Total Efficiency of cmsRuns totalJobTime vs Wrapper WC Time= 89.34452423698384 %
Total Efficiency of cmsRuns SubProcess WC Times vs Wrapper WC Time = 89.65007967752014 %
WM_subprocess_eff[cmsRun1] = 99.65916880204075 %
---------------------------------
Report file: ../pdmvserv_task_GEN-Run3Summer22wmLHEGS-00649__v1_T_231124_061031_2943/JobCluster_6386/Job_6386450.tar.bz2
WMTimes collected: {'WM_wrapper': 45.0, 'cleanupUnmergedPREMIXRAWoutput': 43.03520655632019}
Efficiency of SumOfAllSteps vs Wrapper (WC time) = 95.6337923473782 %
- cmsRun metrics
---------------------------------
Report file: ../pdmvserv_task_GEN-Run3Summer22wmLHEGS-00649__v1_T_231124_061031_2943/JobCluster_6174/Job_6174587.tar.bz2
WMTimes collected: {'WM_wrapper': 18561.0, 'cmsRun1': 18476.935099363327, 'cmsRun1--WMCMSSWSubprocess': 18384.364671230316, 'cmsRun1--TotalJobTime': 18376.4, 'stageOut1': 50.47308850288391, 'logArch1': 18.002442359924316}
Efficiency of SumOfAllSteps vs Wrapper (WC time) = 99.91601007610655 %
- cmsRun metrics
[cmsRun1] Efficiency of cmsRun step TotalJobTime vs WMCMSSWSubprocess = 99.95667692970224
Total Efficiency of cmsRuns totalJobTime vs Wrapper WC Time= 99.00544151715964 %
Total Efficiency of cmsRuns SubProcess WC Times vs Wrapper WC Time = 99.04835230445728 %
WM_subprocess_eff[cmsRun1] = 99.95667692970224 %
---------------------------------
Report file: ../pdmvserv_task_GEN-Run3Summer22wmLHEGS-00649__v1_T_231124_061031_2943/JobCluster_6185/Job_6185428.tar.bz2
WMTimes collected: {'WM_wrapper': 3.0, 'cleanupUnmergedRAWSIMoutput': 1.233922004699707}
Efficiency of SumOfAllSteps vs Wrapper (WC time) = 41.130733489990234 %
- cmsRun metrics
---------------------------------
Report file: ../pdmvserv_task_GEN-Run3Summer22wmLHEGS-00649__v1_T_231124_061031_2943/JobCluster_6047/Job_6047200.tar.bz2
WMTimes collected: {'WM_wrapper': 1541.0, 'cmsRun1': 1528.7189631462097, 'cmsRun1--WMCMSSWSubprocess': 1461.7305257320404, 'cmsRun1--TotalJobTime': 1458.03, 'stageOut1': 9.150806665420532, 'logArch1': 1.2193326950073242}
Efficiency of SumOfAllSteps vs Wrapper (WC time) = 99.87599626908745 %
- cmsRun metrics
[cmsRun1] Efficiency of cmsRun step TotalJobTime vs WMCMSSWSubprocess = 99.74683940255082
Total Efficiency of cmsRuns totalJobTime vs Wrapper WC Time= 94.61583387410772 %
Total Efficiency of cmsRuns SubProcess WC Times vs Wrapper WC Time = 94.85597181908115 %
WM_subprocess_eff[cmsRun1] = 99.74683940255082 %
---------------------------------
Report file: ../pdmvserv_task_GEN-Run3Summer22wmLHEGS-00649__v1_T_231124_061031_2943/JobCluster_6040/Job_6040035.tar.bz2
WMTimes collected: {'WM_wrapper': 1703.0, 'cmsRun1': 1667.1049900054932, 'cmsRun1--WMCMSSWSubprocess': 1583.2798066139221, 'cmsRun1--TotalJobTime': 1578.96, 'stageOut1': 30.106362104415894, 'logArch1': 1.9724774360656738}
Efficiency of SumOfAllSteps vs Wrapper (WC time) = 99.77591482947591 %
- cmsRun metrics
[cmsRun1] Efficiency of cmsRun step TotalJobTime vs WMCMSSWSubprocess = 99.72716088490003
Total Efficiency of cmsRuns totalJobTime vs Wrapper WC Time= 92.71638285378744 %
Total Efficiency of cmsRuns SubProcess WC Times vs Wrapper WC Time = 92.97004149230312 %
WM_subprocess_eff[cmsRun1] = 99.72716088490003 %
---------------------------------
Report file: ../pdmvserv_task_GEN-Run3Summer22wmLHEGS-00649__v1_T_231124_061031_2943/JobCluster_6390/Job_6390663.tar.bz2
WMTimes collected: {'WM_wrapper': 271.0, 'cmsRun1': 260.6230444908142, 'cmsRun1--WMCMSSWSubprocess': 242.07849740982056, 'cmsRun1--TotalJobTime': 240.683, 'stageOut1': 8.85846734046936, 'logArch1': 0.5284459590911865}
Efficiency of SumOfAllSteps vs Wrapper (WC time) = 99.634670771356 %
- cmsRun metrics
[cmsRun1] Efficiency of cmsRun step TotalJobTime vs WMCMSSWSubprocess = 99.42353516534843
Total Efficiency of cmsRuns totalJobTime vs Wrapper WC Time= 88.81291512915129 %
Total Efficiency of cmsRuns SubProcess WC Times vs Wrapper WC Time = 89.32785882281202 %
WM_subprocess_eff[cmsRun1] = 99.42353516534843 %
---------------------------------
Report file: ../pdmvserv_task_GEN-Run3Summer22wmLHEGS-00649__v1_T_231124_061031_2943/JobCluster_6426/Job_6426180.tar.bz2
WMTimes collected: {'WM_wrapper': 3.0, 'cleanupUnmergedRAWSIMoutput': 0.769174337387085}
Efficiency of SumOfAllSteps vs Wrapper (WC time) = 25.6391445795695 %
- cmsRun metrics
---------------------------------
Report file: ../pdmvserv_task_GEN-Run3Summer22wmLHEGS-00649__v1_T_231124_061031_2943/JobCluster_6041/Job_6041109.tar.bz2
WMTimes collected: {'WM_wrapper': 2363.0, 'cmsRun1': 2311.108293533325, 'cmsRun1--WMCMSSWSubprocess': 2117.047936439514, 'cmsRun1--TotalJobTime': 2082.44, 'stageOut1': 29.266499996185303, 'logArch1': 18.874772548675537}
Efficiency of SumOfAllSteps vs Wrapper (WC time) = 99.84128506467144 %
- cmsRun metrics
[cmsRun1] Efficiency of cmsRun step TotalJobTime vs WMCMSSWSubprocess = 98.36527383986787
Total Efficiency of cmsRuns totalJobTime vs Wrapper WC Time= 88.12695725772323 %
Total Efficiency of cmsRuns SubProcess WC Times vs Wrapper WC Time = 89.59153349299679 %
WM_subprocess_eff[cmsRun1] = 98.36527383986787 %
---------------------------------
Report file: ../pdmvserv_task_GEN-Run3Summer22wmLHEGS-00649__v1_T_231124_061031_2943/JobCluster_6502/Job_6502548.tar.bz2
WMTimes collected: {'WM_wrapper': 6.0, 'cleanupUnmergedPREMIXRAWoutput': 3.0963237285614014}
Efficiency of SumOfAllSteps vs Wrapper (WC time) = 51.605395476023354 %
- cmsRun metrics
---------------------------------
Report file: ../pdmvserv_task_GEN-Run3Summer22wmLHEGS-00649__v1_T_231124_061031_2943/JobCluster_6177/Job_6177117.tar.bz2
WMTimes collected: {'WM_wrapper': 5182.0, 'cmsRun1': 5156.762675523758, 'cmsRun1--WMCMSSWSubprocess': 5078.91285443306, 'cmsRun1--TotalJobTime': 5072.49, 'stageOut1': 19.09835457801819, 'logArch1': 2.3264143466949463}
Efficiency of SumOfAllSteps vs Wrapper (WC time) = 99.92642694806003 %
- cmsRun metrics
[cmsRun1] Efficiency of cmsRun step TotalJobTime vs WMCMSSWSubprocess = 99.87353879428244
Total Efficiency of cmsRuns totalJobTime vs Wrapper WC Time= 97.88672327286761 %
Total Efficiency of cmsRuns SubProcess WC Times vs Wrapper WC Time = 98.01066874629602 %
WM_subprocess_eff[cmsRun1] = 99.87353879428244 %
---------------------------------
Report file: ../pdmvserv_task_GEN-Run3Summer22wmLHEGS-00649__v1_T_231124_061031_2943/JobCluster_6459/Job_6459398.tar.bz2
WMTimes collected: {'WM_wrapper': 5.0, 'cleanupUnmergedPREMIXRAWoutput': 2.2953763008117676}
Efficiency of SumOfAllSteps vs Wrapper (WC time) = 45.90752601623535 %
- cmsRun metrics
---------------------------------
Report file: ../pdmvserv_task_GEN-Run3Summer22wmLHEGS-00649__v1_T_231124_061031_2943/JobCluster_6700/Job_6700791.tar.bz2
WMTimes collected: {'WM_wrapper': 4.0, 'cleanupUnmergedPREMIXRAWoutput': 1.715306043624878}
Efficiency of SumOfAllSteps vs Wrapper (WC time) = 42.88265109062195 %
- cmsRun metrics
---------------------------------
Report file: ../pdmvserv_task_GEN-Run3Summer22wmLHEGS-00649__v1_T_231124_061031_2943/JobCluster_6696/Job_6696675.tar.bz2
WMTimes collected: {'WM_wrapper': 5.0, 'cleanupUnmergedPREMIXRAWoutput': 2.7295966148376465}
Efficiency of SumOfAllSteps vs Wrapper (WC time) = 54.59193229675293 %
- cmsRun metrics
---------------------------------
Report file: ../pdmvserv_task_GEN-Run3Summer22wmLHEGS-00649__v1_T_231124_061031_2943/JobCluster_6099/Job_6099459.tar.bz2
WMTimes collected: {'WM_wrapper': 1364.0, 'cmsRun1': 1317.7643938064575, 'cmsRun1--WMCMSSWSubprocess': 1226.9334490299225, 'cmsRun1--TotalJobTime': 1222.75, 'stageOut1': 41.3529326915741, 'logArch1': 1.7803807258605957}
Efficiency of SumOfAllSteps vs Wrapper (WC time) = 99.77255918063726 %
- cmsRun metrics
[cmsRun1] Efficiency of cmsRun step TotalJobTime vs WMCMSSWSubprocess = 99.65903211512979
Total Efficiency of cmsRuns totalJobTime vs Wrapper WC Time= 89.64442815249268 %
Total Efficiency of cmsRuns SubProcess WC Times vs Wrapper WC Time = 89.95113262682716 %
WM_subprocess_eff[cmsRun1] = 99.65903211512979 %
---------------------------------
Report file: ../pdmvserv_task_GEN-Run3Summer22wmLHEGS-00649__v1_T_231124_061031_2943/JobCluster_6382/Job_6382909.tar.bz2
WMTimes collected: {'WM_wrapper': 986.0, 'cmsRun1': 966.6636829376221, 'cmsRun1--WMCMSSWSubprocess': 923.2312941551208, 'cmsRun1--TotalJobTime': 919.642, 'stageOut1': 15.942364931106567, 'logArch1': 1.1160917282104492}
Efficiency of SumOfAllSteps vs Wrapper (WC time) = 99.76897967514596 %
- cmsRun metrics
[cmsRun1] Efficiency of cmsRun step TotalJobTime vs WMCMSSWSubprocess = 99.61122481680981
Total Efficiency of cmsRuns totalJobTime vs Wrapper WC Time= 93.26997971602434 %
Total Efficiency of cmsRuns SubProcess WC Times vs Wrapper WC Time = 93.63400549240578 %
WM_subprocess_eff[cmsRun1] = 99.61122481680981 %
---------------------------------
Report file: ../pdmvserv_task_GEN-Run3Summer22wmLHEGS-00649__v1_T_231124_061031_2943/JobCluster_6379/Job_6379960.tar.bz2
WMTimes collected: {'WM_wrapper': 4.0, 'cleanupUnmergedRAWSIMoutput': 1.394791841506958}
Efficiency of SumOfAllSteps vs Wrapper (WC time) = 34.86979603767395 %
- cmsRun metrics
---------------------------------
Report file: ../pdmvserv_task_GEN-Run3Summer22wmLHEGS-00649__v1_T_231124_061031_2943/JobCluster_6704/Job_6704146.tar.bz2
WMTimes collected: {'WM_wrapper': 9.0, 'cleanupUnmergedPREMIXRAWoutput': 6.021135091781616}
Efficiency of SumOfAllSteps vs Wrapper (WC time) = 66.90150101979575 %
- cmsRun metrics
---------------------------------
Report file: ../pdmvserv_task_GEN-Run3Summer22wmLHEGS-00649__v1_T_231124_061031_2943/JobCluster_6375/Job_6375147.tar.bz2
WMTimes collected: {'WM_wrapper': 7311.0, 'cmsRun1': 7283.270040035248, 'cmsRun1--WMCMSSWSubprocess': 7228.498355388641, 'cmsRun1--TotalJobTime': 7225.75, 'stageOut1': 23.726674556732178, 'logArch1': 1.461824893951416}
Efficiency of SumOfAllSteps vs Wrapper (WC time) = 99.96523785372632 %
- cmsRun metrics
[cmsRun1] Efficiency of cmsRun step TotalJobTime vs WMCMSSWSubprocess = 99.9619788889266
Total Efficiency of cmsRuns totalJobTime vs Wrapper WC Time= 98.83394884420736 %
Total Efficiency of cmsRuns SubProcess WC Times vs Wrapper WC Time = 98.8715409025939 %
WM_subprocess_eff[cmsRun1] = 99.9619788889266 %
---------------------------------
Report file: ../pdmvserv_task_GEN-Run3Summer22wmLHEGS-00649__v1_T_231124_061031_2943/JobCluster_6517/Job_6517279.tar.bz2
WMTimes collected: {'WM_wrapper': 1005.0, 'cmsRun1': 648.9692606925964, 'cmsRun1--WMCMSSWSubprocess': 609.2819249629974, 'cmsRun1--TotalJobTime': 606.095, 'stageOut1': 49.84888172149658, 'logArch1': 303.11647963523865}
Efficiency of SumOfAllSteps vs Wrapper (WC time) = 99.69498726859022 %
- cmsRun metrics
[cmsRun1] Efficiency of cmsRun step TotalJobTime vs WMCMSSWSubprocess = 99.47693755018402
Total Efficiency of cmsRuns totalJobTime vs Wrapper WC Time= 60.307960199004974 %
Total Efficiency of cmsRuns SubProcess WC Times vs Wrapper WC Time = 60.62506716049726 %
WM_subprocess_eff[cmsRun1] = 99.47693755018402 %
---------------------------------
Report file: ../pdmvserv_task_GEN-Run3Summer22wmLHEGS-00649__v1_T_231124_061031_2943/JobCluster_6388/Job_6388609.tar.bz2
WMTimes collected: {'WM_wrapper': 1107.0, 'cmsRun1': 1096.572999715805, 'cmsRun1--WMCMSSWSubprocess': 1053.9342699050903, 'cmsRun1--TotalJobTime': 1050.69, 'stageOut1': 7.630686521530151, 'logArch1': 0.5814032554626465}
Efficiency of SumOfAllSteps vs Wrapper (WC time) = 99.7999177500269 %
- cmsRun metrics
[cmsRun1] Efficiency of cmsRun step TotalJobTime vs WMCMSSWSubprocess = 99.69217530943534
Total Efficiency of cmsRuns totalJobTime vs Wrapper WC Time= 94.91327913279133 %
Total Efficiency of cmsRuns SubProcess WC Times vs Wrapper WC Time = 95.20634777823761 %
WM_subprocess_eff[cmsRun1] = 99.69217530943534 %
---------------------------------
Report file: ../pdmvserv_task_GEN-Run3Summer22wmLHEGS-00649__v1_T_231124_061031_2943/JobCluster_6491/Job_6491238.tar.bz2
WMTimes collected: {'WM_wrapper': 6.0, 'cleanupUnmergedPREMIXRAWoutput': 3.7917842864990234}
Efficiency of SumOfAllSteps vs Wrapper (WC time) = 63.196404774983726 %
- cmsRun metrics
---------------------------------
Report file: ../pdmvserv_task_GEN-Run3Summer22wmLHEGS-00649__v1_T_231124_061031_2943/JobCluster_6373/Job_6373197.tar.bz2
WMTimes collected: {'WM_wrapper': 6.0, 'cleanupUnmergedRAWSIMoutput': 1.4794106483459473}
Efficiency of SumOfAllSteps vs Wrapper (WC time) = 24.65684413909912 %
- cmsRun metrics
---------------------------------
Report file: ../pdmvserv_task_GEN-Run3Summer22wmLHEGS-00649__v1_T_231124_061031_2943/JobCluster_6391/Job_6391590.tar.bz2
WMTimes collected: {'WM_wrapper': 5876.0, 'cmsRun1': 5869.657017707825, 'cmsRun1--WMCMSSWSubprocess': 5801.966295719147, 'cmsRun1--TotalJobTime': 5798.33, 'stageOut1': 2.089228868484497, 'logArch1': 0.8488912582397461}
Efficiency of SumOfAllSteps vs Wrapper (WC time) = 99.94205476233064 %
- cmsRun metrics
[cmsRun1] Efficiency of cmsRun step TotalJobTime vs WMCMSSWSubprocess = 99.9373264935746
Total Efficiency of cmsRuns totalJobTime vs Wrapper WC Time= 98.67818243703199 %
Total Efficiency of cmsRuns SubProcess WC Times vs Wrapper WC Time = 98.74006629882824 %
WM_subprocess_eff[cmsRun1] = 99.9373264935746 %
---------------------------------
Report file: ../pdmvserv_task_GEN-Run3Summer22wmLHEGS-00649__v1_T_231124_061031_2943/JobCluster_6377/Job_6377805.tar.bz2
WMTimes collected: {'WM_wrapper': 9239.0, 'cmsRun1': 9211.937055826187, 'cmsRun1--WMCMSSWSubprocess': 9134.467721700668, 'cmsRun1--TotalJobTime': 9130.01, 'stageOut1': 19.79417657852173, 'logArch1': 2.9321298599243164}
Efficiency of SumOfAllSteps vs Wrapper (WC time) = 99.95306161126348 %
- cmsRun metrics
[cmsRun1] Efficiency of cmsRun step TotalJobTime vs WMCMSSWSubprocess = 99.9511988893444
Total Efficiency of cmsRuns totalJobTime vs Wrapper WC Time= 98.82032687520295 %
Total Efficiency of cmsRuns SubProcess WC Times vs Wrapper WC Time = 98.86857583830142 %
WM_subprocess_eff[cmsRun1] = 99.9511988893444 %
---------------------------------
Report file: ../pdmvserv_task_GEN-Run3Summer22wmLHEGS-00649__v1_T_231124_061031_2943/JobCluster_6496/Job_6496546.tar.bz2
WMTimes collected: {'WM_wrapper': 4278.0, 'cmsRun1': 4270.35471200943, 'cmsRun1--WMCMSSWSubprocess': 4204.566499233246, 'cmsRun1--TotalJobTime': 4199.98, 'stageOut1': 2.75313401222229, 'logArch1': 1.4439935684204102}
Efficiency of SumOfAllSteps vs Wrapper (WC time) = 99.91939783988015 %
- cmsRun metrics
[cmsRun1] Efficiency of cmsRun step TotalJobTime vs WMCMSSWSubprocess = 99.89091623990053
Total Efficiency of cmsRuns totalJobTime vs Wrapper WC Time= 98.17625058438522 %
Total Efficiency of cmsRuns SubProcess WC Times vs Wrapper WC Time = 98.28346188016003 %
WM_subprocess_eff[cmsRun1] = 99.89091623990053 %
---------------------------------
Report file: ../pdmvserv_task_GEN-Run3Summer22wmLHEGS-00649__v1_T_231124_061031_2943/JobCluster_6369/Job_6369978.tar.bz2
WMTimes collected: {'WM_wrapper': 5570.0, 'cmsRun1': 5563.053743362427, 'cmsRun1--WMCMSSWSubprocess': 5524.122108697891, 'cmsRun1--TotalJobTime': 5521.8, 'stageOut1': 4.255634784698486, 'logArch1': 1.1344833374023438}
Efficiency of SumOfAllSteps vs Wrapper (WC time) = 99.97206214514412 %
- cmsRun metrics
[cmsRun1] Efficiency of cmsRun step TotalJobTime vs WMCMSSWSubprocess = 99.95796420404548
Total Efficiency of cmsRuns totalJobTime vs Wrapper WC Time= 99.13464991023339 %
Total Efficiency of cmsRuns SubProcess WC Times vs Wrapper WC Time = 99.17633947392981 %
WM_subprocess_eff[cmsRun1] = 99.95796420404548 %
---------------------------------
Report file: ../pdmvserv_task_GEN-Run3Summer22wmLHEGS-00649__v1_T_231124_061031_2943/JobCluster_6383/Job_6383307.tar.bz2
WMTimes collected: {'WM_wrapper': 1310.0, 'cmsRun1': 1240.747486591339, 'cmsRun1--WMCMSSWSubprocess': 1195.201975107193, 'cmsRun1--TotalJobTime': 1190.77, 'stageOut1': 63.86512613296509, 'logArch1': 1.3136622905731201}
Efficiency of SumOfAllSteps vs Wrapper (WC time) = 99.68902862708987 %
- cmsRun metrics
[cmsRun1] Efficiency of cmsRun step TotalJobTime vs WMCMSSWSubprocess = 99.62918609578139
Total Efficiency of cmsRuns totalJobTime vs Wrapper WC Time= 90.89847328244275 %
Total Efficiency of cmsRuns SubProcess WC Times vs Wrapper WC Time = 91.2367919929155 %
WM_subprocess_eff[cmsRun1] = 99.62918609578139 %
---------------------------------
Report file: ../pdmvserv_task_GEN-Run3Summer22wmLHEGS-00649__v1_T_231124_061031_2943/JobCluster_6410/Job_6410650.tar.bz2
WMTimes collected: {'WM_wrapper': 5625.0, 'cmsRun1': 5615.230348110199, 'cmsRun1--WMCMSSWSubprocess': 5581.891918420792, 'cmsRun1--TotalJobTime': 5579.84, 'stageOut1': 7.054446697235107, 'logArch1': 0.7411966323852539}
Efficiency of SumOfAllSteps vs Wrapper (WC time) = 99.96490651448568 %
- cmsRun metrics
[cmsRun1] Efficiency of cmsRun step TotalJobTime vs WMCMSSWSubprocess = 99.96323973214135
Total Efficiency of cmsRuns totalJobTime vs Wrapper WC Time= 99.19715555555555 %
Total Efficiency of cmsRuns SubProcess WC Times vs Wrapper WC Time = 99.23363410525852 %
WM_subprocess_eff[cmsRun1] = 99.96323973214135 %
---------------------------------
Report file: ../pdmvserv_task_GEN-Run3Summer22wmLHEGS-00649__v1_T_231124_061031_2943/JobCluster_6380/Job_6380470.tar.bz2
WMTimes collected: {'WM_wrapper': 627.0, 'cmsRun1': 618.4474885463715, 'cmsRun1--WMCMSSWSubprocess': 590.4266991615295, 'cmsRun1--TotalJobTime': 588.132, 'stageOut1': 5.931381702423096, 'logArch1': 0.6515407562255859}
Efficiency of SumOfAllSteps vs Wrapper (WC time) = 99.68587097368741 %
- cmsRun metrics
[cmsRun1] Efficiency of cmsRun step TotalJobTime vs WMCMSSWSubprocess = 99.61134901846607
Total Efficiency of cmsRuns totalJobTime vs Wrapper WC Time= 93.80095693779903 %
Total Efficiency of cmsRuns SubProcess WC Times vs Wrapper WC Time = 94.16693766531571 %
WM_subprocess_eff[cmsRun1] = 99.61134901846607 %
---------------------------------
Report file: ../pdmvserv_task_GEN-Run3Summer22wmLHEGS-00649__v1_T_231124_061031_2943/JobCluster_6370/Job_6370513.tar.bz2
WMTimes collected: {'WM_wrapper': 4.0, 'cleanupUnmergedRAWSIMoutput': 1.7287538051605225}
Efficiency of SumOfAllSteps vs Wrapper (WC time) = 43.21884512901306 %
- cmsRun metrics
---------------------------------
Report file: ../pdmvserv_task_GEN-Run3Summer22wmLHEGS-00649__v1_T_231124_061031_2943/JobCluster_6476/Job_6476165.tar.bz2
WMTimes collected: {'WM_wrapper': 743.0, 'cmsRun1': 726.8729546070099, 'cmsRun1--WMCMSSWSubprocess': 675.6661944389343, 'cmsRun1--TotalJobTime': 671.467, 'stageOut1': 11.747924327850342, 'logArch1': 1.0843572616577148}
Efficiency of SumOfAllSteps vs Wrapper (WC time) = 99.55655938041964 %
- cmsRun metrics
[cmsRun1] Efficiency of cmsRun step TotalJobTime vs WMCMSSWSubprocess = 99.3785105021539
Total Efficiency of cmsRuns totalJobTime vs Wrapper WC Time= 90.37240915208614 %
Total Efficiency of cmsRuns SubProcess WC Times vs Wrapper WC Time = 90.9375766405026 %
WM_subprocess_eff[cmsRun1] = 99.3785105021539 %
---------------------------------
Report file: ../pdmvserv_task_GEN-Run3Summer22wmLHEGS-00649__v1_T_231124_061031_2943/JobCluster_6469/Job_6469438.tar.bz2
WMTimes collected: {'WM_wrapper': 7.0, 'cleanupUnmergedPREMIXRAWoutput': 3.951037645339966}
Efficiency of SumOfAllSteps vs Wrapper (WC time) = 56.44339493342808 %
- cmsRun metrics
---------------------------------
Report file: ../pdmvserv_task_GEN-Run3Summer22wmLHEGS-00649__v1_T_231124_061031_2943/JobCluster_6539/Job_6539764.tar.bz2
WMTimes collected: {'WM_wrapper': 496.0, 'cmsRun1': 485.13944125175476, 'cmsRun1--WMCMSSWSubprocess': 445.54062509536743, 'cmsRun1--TotalJobTime': 441.844, 'stageOut1': 6.691789865493774, 'logArch1': 1.312429428100586}
Efficiency of SumOfAllSteps vs Wrapper (WC time) = 99.42412510994943 %
- cmsRun metrics
[cmsRun1] Efficiency of cmsRun step TotalJobTime vs WMCMSSWSubprocess = 99.17030571688582
Total Efficiency of cmsRuns totalJobTime vs Wrapper WC Time= 89.08145161290322 %
Total Efficiency of cmsRuns SubProcess WC Times vs Wrapper WC Time = 89.82673893051762 %
WM_subprocess_eff[cmsRun1] = 99.17030571688582 %
---------------------------------
Report file: ../pdmvserv_task_GEN-Run3Summer22wmLHEGS-00649__v1_T_231124_061031_2943/JobCluster_6048/Job_6048301.tar.bz2
WMTimes collected: {'WM_wrapper': 1259.0, 'cmsRun1': 1243.7614679336548, 'cmsRun1--WMCMSSWSubprocess': 1195.354295015335, 'cmsRun1--TotalJobTime': 1191.49, 'stageOut1': 11.276291131973267, 'logArch1': 1.7775344848632812}
Efficiency of SumOfAllSteps vs Wrapper (WC time) = 99.8264728793083 %
- cmsRun metrics
[cmsRun1] Efficiency of cmsRun step TotalJobTime vs WMCMSSWSubprocess = 99.67672387747723
Total Efficiency of cmsRuns totalJobTime vs Wrapper WC Time= 94.63780778395552 %
Total Efficiency of cmsRuns SubProcess WC Times vs Wrapper WC Time = 94.9447414626954 %
WM_subprocess_eff[cmsRun1] = 99.67672387747723 %
---------------------------------
Report file: ../pdmvserv_task_GEN-Run3Summer22wmLHEGS-00649__v1_T_231124_061031_2943/JobCluster_6417/Job_6417120.tar.bz2
WMTimes collected: {'WM_wrapper': 7068.0, 'cmsRun1': 7059.252248764038, 'cmsRun1--WMCMSSWSubprocess': 7000.447183847427, 'cmsRun1--TotalJobTime': 6995.93, 'stageOut1': 4.51776123046875, 'logArch1': 1.464451789855957}
Efficiency of SumOfAllSteps vs Wrapper (WC time) = 99.96087240781499 %
- cmsRun metrics
[cmsRun1] Efficiency of cmsRun step TotalJobTime vs WMCMSSWSubprocess = 99.93547292438903
Total Efficiency of cmsRuns totalJobTime vs Wrapper WC Time= 98.9803338992643 %
Total Efficiency of cmsRuns SubProcess WC Times vs Wrapper WC Time = 99.04424425364215 %
WM_subprocess_eff[cmsRun1] = 99.93547292438903 %
---------------------------------
Report file: ../pdmvserv_task_GEN-Run3Summer22wmLHEGS-00649__v1_T_231124_061031_2943/JobCluster_6183/Job_6183454.tar.bz2
WMTimes collected: {'WM_wrapper': 13770.0, 'cmsRun1': 13692.096331834793, 'cmsRun1--WMCMSSWSubprocess': 13586.906244277954, 'cmsRun1--TotalJobTime': 13583.6, 'stageOut1': 60.20608878135681, 'logArch1': 14.564255714416504}
Efficiency of SumOfAllSteps vs Wrapper (WC time) = 99.97724528925612 %
- cmsRun metrics
[cmsRun1] Efficiency of cmsRun step TotalJobTime vs WMCMSSWSubprocess = 99.97566595206804
Total Efficiency of cmsRuns totalJobTime vs Wrapper WC Time= 98.64633260711693 %
Total Efficiency of cmsRuns SubProcess WC Times vs Wrapper WC Time = 98.67034309570046 %
WM_subprocess_eff[cmsRun1] = 99.97566595206804 %
---------------------------------
Report file: ../pdmvserv_task_GEN-Run3Summer22wmLHEGS-00649__v1_T_231124_061031_2943/JobCluster_6432/Job_6432643.tar.bz2
WMTimes collected: {'WM_wrapper': 4.0, 'cleanupUnmergedRAWSIMoutput': 0.8541648387908936}
Efficiency of SumOfAllSteps vs Wrapper (WC time) = 21.35412096977234 %
- cmsRun metrics
---------------------------------
Report file: ../pdmvserv_task_GEN-Run3Summer22wmLHEGS-00649__v1_T_231124_061031_2943/JobCluster_6460/Job_6460501.tar.bz2
WMTimes collected: {'WM_wrapper': 5.0, 'cleanupUnmergedPREMIXRAWoutput': 1.7937190532684326}
Efficiency of SumOfAllSteps vs Wrapper (WC time) = 35.87438106536865 %
- cmsRun metrics
---------------------------------
Report file: ../pdmvserv_task_GEN-Run3Summer22wmLHEGS-00649__v1_T_231124_061031_2943/JobCluster_6389/Job_6389174.tar.bz2
WMTimes collected: {'WM_wrapper': 19.0, 'cleanupUnmergedRAWSIMoutput': 12.30059266090393}
Efficiency of SumOfAllSteps vs Wrapper (WC time) = 64.73996137317857 %
- cmsRun metrics
---------------------------------
Report file: ../pdmvserv_task_GEN-Run3Summer22wmLHEGS-00649__v1_T_231124_061031_2943/JobCluster_6493/Job_6493280.tar.bz2
WMTimes collected: {'WM_wrapper': 9.0, 'cleanupUnmergedPREMIXRAWoutput': 5.947225570678711}
Efficiency of SumOfAllSteps vs Wrapper (WC time) = 66.08028411865234 %
- cmsRun metrics
---------------------------------
Report file: ../pdmvserv_task_GEN-Run3Summer22wmLHEGS-00649__v1_T_231124_061031_2943/JobCluster_6374/Job_6374559.tar.bz2
WMTimes collected: {'WM_wrapper': 7320.0, 'cmsRun1': 7288.775563716888, 'cmsRun1--WMCMSSWSubprocess': 7240.981937885284, 'cmsRun1--TotalJobTime': 7238.2, 'stageOut1': 27.05844736099243, 'logArch1': 1.294663429260254}
Efficiency of SumOfAllSteps vs Wrapper (WC time) = 99.96077424190084 %
- cmsRun metrics
[cmsRun1] Efficiency of cmsRun step TotalJobTime vs WMCMSSWSubprocess = 99.96158065426556
Total Efficiency of cmsRuns totalJobTime vs Wrapper WC Time= 98.88251366120218 %
Total Efficiency of cmsRuns SubProcess WC Times vs Wrapper WC Time = 98.92051827712137 %
WM_subprocess_eff[cmsRun1] = 99.96158065426556 %
---------------------------------
Report file: ../pdmvserv_task_GEN-Run3Summer22wmLHEGS-00649__v1_T_231124_061031_2943/JobCluster_6043/Job_6043474.tar.bz2
WMTimes collected: {'WM_wrapper': 1927.0, 'cmsRun1': 1890.5307250022888, 'cmsRun1--WMCMSSWSubprocess': 1810.5190415382385, 'cmsRun1--TotalJobTime': 1806.96, 'stageOut1': 31.76062035560608, 'logArch1': 2.36079478263855}
Efficiency of SumOfAllSteps vs Wrapper (WC time) = 99.87815984123162 %
- cmsRun metrics
[cmsRun1] Efficiency of cmsRun step TotalJobTime vs WMCMSSWSubprocess = 99.80342424152498
Total Efficiency of cmsRuns totalJobTime vs Wrapper WC Time= 93.77062791904514 %
Total Efficiency of cmsRuns SubProcess WC Times vs Wrapper WC Time = 93.95532130452717 %
WM_subprocess_eff[cmsRun1] = 99.80342424152498 %
---------------------------------
Report file: ../pdmvserv_task_GEN-Run3Summer22wmLHEGS-00649__v1_T_231124_061031_2943/JobCluster_6182/Job_6182764.tar.bz2
WMTimes collected: {'WM_wrapper': 10.0, 'cleanupUnmergedRAWSIMoutput': 5.480287551879883}
Efficiency of SumOfAllSteps vs Wrapper (WC time) = 54.802875518798835 %
- cmsRun metrics
---------------------------------
Report file: ../pdmvserv_task_GEN-Run3Summer22wmLHEGS-00649__v1_T_231124_061031_2943/JobCluster_6179/Job_6179665.tar.bz2
WMTimes collected: {'WM_wrapper': 9001.0, 'cmsRun1': 8967.159087181091, 'cmsRun1--WMCMSSWSubprocess': 8905.227005720139, 'cmsRun1--TotalJobTime': 8901.3, 'stageOut1': 28.49152708053589, 'logArch1': 1.9057080745697021}
Efficiency of SumOfAllSteps vs Wrapper (WC time) = 99.96174116582822 %
- cmsRun metrics
[cmsRun1] Efficiency of cmsRun step TotalJobTime vs WMCMSSWSubprocess = 99.95590223901517
Total Efficiency of cmsRuns totalJobTime vs Wrapper WC Time= 98.89234529496721 %
Total Efficiency of cmsRuns SubProcess WC Times vs Wrapper WC Time = 98.93597384424106 %
WM_subprocess_eff[cmsRun1] = 99.95590223901517 %
---------------------------------
Report file: ../pdmvserv_task_GEN-Run3Summer22wmLHEGS-00649__v1_T_231124_061031_2943/JobCluster_6438/Job_6438159.tar.bz2
WMTimes collected: {'WM_wrapper': 3.0, 'cleanupUnmergedRAWSIMoutput': 0.957514762878418}
Efficiency of SumOfAllSteps vs Wrapper (WC time) = 31.917158762613933 %
- cmsRun metrics
---------------------------------
Report file: ../pdmvserv_task_GEN-Run3Summer22wmLHEGS-00649__v1_T_231124_061031_2943/JobCluster_6371/Job_6371597.tar.bz2
WMTimes collected: {'WM_wrapper': 4.0, 'cleanupUnmergedRAWSIMoutput': 1.3118839263916016}
Efficiency of SumOfAllSteps vs Wrapper (WC time) = 32.79709815979004 %
- cmsRun metrics
---------------------------------
Report file: ../pdmvserv_task_GEN-Run3Summer22wmLHEGS-00649__v1_T_231124_061031_2943/JobCluster_6037/Job_6037356.tar.bz2
WMTimes collected: {'WM_wrapper': 1578.0, 'cmsRun1': 1566.0670731067657, 'cmsRun1--WMCMSSWSubprocess': 1482.6853618621826, 'cmsRun1--TotalJobTime': 1477.25, 'stageOut1': 7.340100049972534, 'logArch1': 1.7704427242279053}
Efficiency of SumOfAllSteps vs Wrapper (WC time) = 99.82114169080901 %
- cmsRun metrics
[cmsRun1] Efficiency of cmsRun step TotalJobTime vs WMCMSSWSubprocess = 99.63341097160654
Total Efficiency of cmsRuns totalJobTime vs Wrapper WC Time= 93.61533586818757 %
Total Efficiency of cmsRuns SubProcess WC Times vs Wrapper WC Time = 93.95978212054389 %
WM_subprocess_eff[cmsRun1] = 99.63341097160654 %
---------------------------------
Report file: ../pdmvserv_task_GEN-Run3Summer22wmLHEGS-00649__v1_T_231124_061031_2943/JobCluster_6265/Job_6265214.tar.bz2
WMTimes collected: {'WM_wrapper': 4.0, 'cleanupUnmergedRAWSIMoutput': 0.7343542575836182}
Efficiency of SumOfAllSteps vs Wrapper (WC time) = 18.358856439590454 %
- cmsRun metrics
---------------------------------
Report file: ../pdmvserv_task_GEN-Run3Summer22wmLHEGS-00649__v1_T_231124_061031_2943/JobCluster_6387/Job_6387014.tar.bz2
WMTimes collected: {'WM_wrapper': 1831.0, 'cmsRun1': 1765.3366243839264, 'cmsRun1--WMCMSSWSubprocess': 1701.2785906791687, 'cmsRun1--TotalJobTime': 1696.45, 'stageOut1': 59.03191876411438, 'logArch1': 2.2089555263519287}
Efficiency of SumOfAllSteps vs Wrapper (WC time) = 99.75846524709955 %
- cmsRun metrics
[cmsRun1] Efficiency of cmsRun step TotalJobTime vs WMCMSSWSubprocess = 99.716178719604
Total Efficiency of cmsRuns totalJobTime vs Wrapper WC Time= 92.65155652648826 %
Total Efficiency of cmsRuns SubProcess WC Times vs Wrapper WC Time = 92.91526983501741 %
WM_subprocess_eff[cmsRun1] = 99.716178719604 %
---------------------------------
Report file: ../pdmvserv_task_GEN-Run3Summer22wmLHEGS-00649__v1_T_231124_061031_2943/JobCluster_6378/Job_6378150.tar.bz2
WMTimes collected: {'WM_wrapper': 12.0, 'cleanupUnmergedRAWSIMoutput': 8.672767877578735}
Efficiency of SumOfAllSteps vs Wrapper (WC time) = 72.27306564648947 %
- cmsRun metrics
---------------------------------
Report file: ../pdmvserv_task_GEN-Run3Summer22wmLHEGS-00649__v1_T_231124_061031_2943/JobCluster_6461/Job_6461411.tar.bz2
WMTimes collected: {'WM_wrapper': 643.0, 'cmsRun1': 633.5728657245636, 'cmsRun1--WMCMSSWSubprocess': 600.485767364502, 'cmsRun1--TotalJobTime': 597.868, 'stageOut1': 5.904841423034668, 'logArch1': 0.8684768676757812}
Efficiency of SumOfAllSteps vs Wrapper (WC time) = 99.58727589662116 %
- cmsRun metrics
[cmsRun1] Efficiency of cmsRun step TotalJobTime vs WMCMSSWSubprocess = 99.56405838293368
Total Efficiency of cmsRuns totalJobTime vs Wrapper WC Time= 92.98102643856922 %
Total Efficiency of cmsRuns SubProcess WC Times vs Wrapper WC Time = 93.38814422465038 %
WM_subprocess_eff[cmsRun1] = 99.56405838293368 %
---------------------------------
Report file: ../pdmvserv_task_GEN-Run3Summer22wmLHEGS-00649__v1_T_231124_061031_2943/JobCluster_6097/Job_6097947.tar.bz2
WMTimes collected: {'WM_wrapper': 12.0, 'logCollect1': 10.451350688934326}
Efficiency of SumOfAllSteps vs Wrapper (WC time) = 87.09458907445273 %
- cmsRun metrics
---------------------------------
Report file: ../pdmvserv_task_GEN-Run3Summer22wmLHEGS-00649__v1_T_231124_061031_2943/JobCluster_6506/Job_6506829.tar.bz2
WMTimes collected: {'WM_wrapper': 881.0, 'cmsRun1': 827.0287795066833, 'cmsRun1--WMCMSSWSubprocess': 770.4508492946625, 'cmsRun1--TotalJobTime': 765.028, 'stageOut1': 49.774654388427734, 'logArch1': 1.4145727157592773}
Efficiency of SumOfAllSteps vs Wrapper (WC time) = 99.68422322484341 %
- cmsRun metrics
[cmsRun1] Efficiency of cmsRun step TotalJobTime vs WMCMSSWSubprocess = 99.29614597743294
Total Efficiency of cmsRuns totalJobTime vs Wrapper WC Time= 86.83632236095346 %
Total Efficiency of cmsRuns SubProcess WC Times vs Wrapper WC Time = 87.45185576556895 %
WM_subprocess_eff[cmsRun1] = 99.29614597743294 %
---------------------------------
Report file: ../pdmvserv_task_GEN-Run3Summer22wmLHEGS-00649__v1_T_231124_061031_2943/JobCluster_6045/Job_6045283.tar.bz2
WMTimes collected: {'WM_wrapper': 1956.0, 'cmsRun1': 1939.7031660079956, 'cmsRun1--WMCMSSWSubprocess': 1846.4782094955444, 'cmsRun1--TotalJobTime': 1842.29, 'stageOut1': 12.134569883346558, 'logArch1': 1.9189784526824951}
Efficiency of SumOfAllSteps vs Wrapper (WC time) = 99.88531259427529 %
- cmsRun metrics
[cmsRun1] Efficiency of cmsRun step TotalJobTime vs WMCMSSWSubprocess = 99.77317850413796
Total Efficiency of cmsRuns totalJobTime vs Wrapper WC Time= 94.18660531697341 %
Total Efficiency of cmsRuns SubProcess WC Times vs Wrapper WC Time = 94.40072645682743 %
WM_subprocess_eff[cmsRun1] = 99.77317850413796 %
---------------------------------
Report file: ../pdmvserv_task_GEN-Run3Summer22wmLHEGS-00649__v1_T_231124_061031_2943/JobCluster_6716/Job_6716145.tar.bz2
WMTimes collected: {'WM_wrapper': 9.0, 'cleanupUnmergedPREMIXRAWoutput': 4.67078423500061}
Efficiency of SumOfAllSteps vs Wrapper (WC time) = 51.89760261111789 %
- cmsRun metrics
---------------------------------
Report file: ../pdmvserv_task_GEN-Run3Summer22wmLHEGS-00649__v1_T_231124_061031_2943/JobCluster_6098/Job_6098019.tar.bz2
WMTimes collected: {'WM_wrapper': 23.0, 'cleanupUnmergedLHEoutput': 18.727584838867188}
Efficiency of SumOfAllSteps vs Wrapper (WC time) = 81.4242819081182 %
- cmsRun metrics
---------------------------------
Report file: ../pdmvserv_task_GEN-Run3Summer22wmLHEGS-00649__v1_T_231124_061031_2943/JobCluster_6408/Job_6408301.tar.bz2
WMTimes collected: {'WM_wrapper': 2.0, 'cleanupUnmergedRAWSIMoutput': 0.4836246967315674}
Efficiency of SumOfAllSteps vs Wrapper (WC time) = 24.18123483657837 %
- cmsRun metrics
---------------------------------
Report file: ../pdmvserv_task_GEN-Run3Summer22wmLHEGS-00649__v1_T_231124_061031_2943/JobCluster_6501/Job_6501264.tar.bz2
WMTimes collected: {'WM_wrapper': 553.0, 'cmsRun1': 540.9420003890991, 'cmsRun1--WMCMSSWSubprocess': 493.2754580974579, 'cmsRun1--TotalJobTime': 489.2, 'stageOut1': 6.865131855010986, 'logArch1': 0.9742023944854736}
Efficiency of SumOfAllSteps vs Wrapper (WC time) = 99.23713103772072 %
- cmsRun metrics
[cmsRun1] Efficiency of cmsRun step TotalJobTime vs WMCMSSWSubprocess = 99.17379670312876
Total Efficiency of cmsRuns totalJobTime vs Wrapper WC Time= 88.4629294755877 %
Total Efficiency of cmsRuns SubProcess WC Times vs Wrapper WC Time = 89.19990200677358 %
WM_subprocess_eff[cmsRun1] = 99.17379670312876 %
---------------------------------
Report file: ../pdmvserv_task_GEN-Run3Summer22wmLHEGS-00649__v1_T_231124_061031_2943/JobCluster_6440/Job_6440700.tar.bz2
WMTimes collected: {'WM_wrapper': 420.0, 'logCollect1': 416.65813517570496}
Efficiency of SumOfAllSteps vs Wrapper (WC time) = 99.20431789897737 %
- cmsRun metrics
---------------------------------
Report file: ../pdmvserv_task_GEN-Run3Summer22wmLHEGS-00649__v1_T_231124_061031_2943/JobCluster_6372/Job_6372925.tar.bz2
WMTimes collected: {'WM_wrapper': 16810.0, 'cmsRun1': 16758.076998472214, 'cmsRun1--WMCMSSWSubprocess': 16698.460903406143, 'cmsRun1--TotalJobTime': 16690, 'stageOut1': 45.15331506729126, 'logArch1': 4.571032762527466}
Efficiency of SumOfAllSteps vs Wrapper (WC time) = 99.9869205609877 %
- cmsRun metrics
[cmsRun1] Efficiency of cmsRun step TotalJobTime vs WMCMSSWSubprocess = 99.94933123803993
Total Efficiency of cmsRuns totalJobTime vs Wrapper WC Time= 99.28613920285544 %
Total Efficiency of cmsRuns SubProcess WC Times vs Wrapper WC Time = 99.33647176327271 %
WM_subprocess_eff[cmsRun1] = 99.94933123803993 %
---------------------------------
Report file: ../pdmvserv_task_GEN-Run3Summer22wmLHEGS-00649__v1_T_231124_061031_2943/JobCluster_6368/Job_6368768.tar.bz2
WMTimes collected: {'WM_wrapper': 4.0, 'cleanupUnmergedRAWSIMoutput': 1.4514966011047363}
Efficiency of SumOfAllSteps vs Wrapper (WC time) = 36.28741502761841 %
- cmsRun metrics
---------------------------------
Report file: ../pdmvserv_task_GEN-Run3Summer22wmLHEGS-00649__v1_T_231124_061031_2943/JobCluster_6463/Job_6463019.tar.bz2
WMTimes collected: {'WM_wrapper': 6.0, 'cleanupUnmergedPREMIXRAWoutput': 2.7571911811828613}
Efficiency of SumOfAllSteps vs Wrapper (WC time) = 45.953186353047684 %
- cmsRun metrics
---------------------------------
Report file: ../pdmvserv_task_GEN-Run3Summer22wmLHEGS-00649__v1_T_231124_061031_2943/JobCluster_6414/Job_6414451.tar.bz2
WMTimes collected: {'WM_wrapper': 8280.0, 'cmsRun1': 8260.541741609573, 'cmsRun1--WMCMSSWSubprocess': 8209.277939081192, 'cmsRun1--TotalJobTime': 8206.38, 'stageOut1': 15.99197769165039, 'logArch1': 1.108858585357666}
Efficiency of SumOfAllSteps vs Wrapper (WC time) = 99.97152871843697 %
- cmsRun metrics
[cmsRun1] Efficiency of cmsRun step TotalJobTime vs WMCMSSWSubprocess = 99.9646992207756
Total Efficiency of cmsRuns totalJobTime vs Wrapper WC Time= 99.11086956521739 %
Total Efficiency of cmsRuns SubProcess WC Times vs Wrapper WC Time = 99.14586882948299 %
WM_subprocess_eff[cmsRun1] = 99.9646992207756 %
---------------------------------
Report file: ../pdmvserv_task_GEN-Run3Summer22wmLHEGS-00649__v1_T_231124_061031_2943/JobCluster_6052/Job_6052310.tar.bz2
WMTimes collected: {'WM_wrapper': 3069.0, 'cmsRun1': 3007.02166891098, 'cmsRun1--WMCMSSWSubprocess': 2792.274832725525, 'cmsRun1--TotalJobTime': 2757.44, 'stageOut1': 35.84907865524292, 'logArch1': 19.689330577850342}
Efficiency of SumOfAllSteps vs Wrapper (WC time) = 99.79016220736636 %
- cmsRun metrics
[cmsRun1] Efficiency of cmsRun step TotalJobTime vs WMCMSSWSubprocess = 98.75245687432842
Total Efficiency of cmsRuns totalJobTime vs Wrapper WC Time= 89.84815900944933 %
Total Efficiency of cmsRuns SubProcess WC Times vs Wrapper WC Time = 90.98321383921554 %
WM_subprocess_eff[cmsRun1] = 98.75245687432842 %
---------------------------------
Report file: ../pdmvserv_task_GEN-Run3Summer22wmLHEGS-00649__v1_T_231124_061031_2943/JobCluster_6188/Job_6188035.tar.bz2
WMTimes collected: {'WM_wrapper': 6.0, 'cleanupUnmergedRAWSIMoutput': 2.1671032905578613}
Efficiency of SumOfAllSteps vs Wrapper (WC time) = 36.118388175964355 %
- cmsRun metrics
---------------------------------
Report file: ../pdmvserv_task_GEN-Run3Summer22wmLHEGS-00649__v1_T_231124_061031_2943/JobCluster_6376/Job_6376058.tar.bz2
WMTimes collected: {'WM_wrapper': 7797.0, 'cmsRun1': 7764.351595401764, 'cmsRun1--WMCMSSWSubprocess': 7697.29728603363, 'cmsRun1--TotalJobTime': 7693.54, 'stageOut1': 28.14164662361145, 'logArch1': 1.6997785568237305}
Efficiency of SumOfAllSteps vs Wrapper (WC time) = 99.96399923794023 %
- cmsRun metrics
[cmsRun1] Efficiency of cmsRun step TotalJobTime vs WMCMSSWSubprocess = 99.95118694401413
Total Efficiency of cmsRuns totalJobTime vs Wrapper WC Time= 98.67307938950879 %
Total Efficiency of cmsRuns SubProcess WC Times vs Wrapper WC Time = 98.72126825745326 %
WM_subprocess_eff[cmsRun1] = 99.95118694401413 %
---------------------------------
Report file: ../pdmvserv_task_GEN-Run3Summer22wmLHEGS-00649__v1_T_231124_061031_2943/JobCluster_6038/Job_6038879.tar.bz2
There was an error collecting stats from report: /data/cmst1-tmp/scratch/Job_6038879/Report.0.pkl. Skip
'ConfigSection' object has no attribute 'WMCMSSWSubprocess'
---------------------------------
Report file: ../pdmvserv_task_GEN-Run3Summer22wmLHEGS-00649__v1_T_231124_061031_2943/JobCluster_6180/Job_6180011.tar.bz2
WMTimes collected: {'WM_wrapper': 3.0, 'cleanupUnmergedRAWSIMoutput': 0.5823290348052979}
Efficiency of SumOfAllSteps vs Wrapper (WC time) = 19.41096782684326 %
- cmsRun metrics
---------------------------------
Report file: ../pdmvserv_task_GEN-Run3Summer22wmLHEGS-00649__v1_T_231124_061031_2943/JobCluster_6435/Job_6435263.tar.bz2
WMTimes collected: {'WM_wrapper': 57.0, 'cleanupUnmergedPREMIXRAWoutput': 53.44249105453491}
Efficiency of SumOfAllSteps vs Wrapper (WC time) = 93.75875623602616 %
- cmsRun metrics
---------------------------------
Report file: ../pdmvserv_task_GEN-Run3Summer22wmLHEGS-00649__v1_T_231124_061031_2943/JobCluster_6466/Job_6466487.tar.bz2
WMTimes collected: {'WM_wrapper': 7.0, 'cleanupUnmergedPREMIXRAWoutput': 3.0220491886138916}
Efficiency of SumOfAllSteps vs Wrapper (WC time) = 43.17213126591274 %
- cmsRun metrics
---------------------------------
Report file: ../pdmvserv_task_GEN-Run3Summer22wmLHEGS-00649__v1_T_231124_061031_2943/JobCluster_6672/Job_6672270.tar.bz2
WMTimes collected: {'WM_wrapper': 3.0, 'cleanupUnmergedPREMIXRAWoutput': 0.8261363506317139}
Efficiency of SumOfAllSteps vs Wrapper (WC time) = 27.53787835439046 %
- cmsRun metrics
---------------------------------
Report file: ../pdmvserv_task_GEN-Run3Summer22wmLHEGS-00649__v1_T_231124_061031_2943/JobCluster_6050/Job_6050984.tar.bz2
WMTimes collected: {'WM_wrapper': 1396.0, 'cmsRun1': 1383.5291647911072, 'cmsRun1--WMCMSSWSubprocess': 1288.8709108829498, 'cmsRun1--TotalJobTime': 1284.91, 'stageOut1': 8.479605913162231, 'logArch1': 1.153287649154663}
Efficiency of SumOfAllSteps vs Wrapper (WC time) = 99.79670905110488 %
- cmsRun metrics
[cmsRun1] Efficiency of cmsRun step TotalJobTime vs WMCMSSWSubprocess = 99.6926836621492
Total Efficiency of cmsRuns totalJobTime vs Wrapper WC Time= 92.04226361031519 %
Total Efficiency of cmsRuns SubProcess WC Times vs Wrapper WC Time = 92.32599648158666 %
WM_subprocess_eff[cmsRun1] = 99.6926836621492 %
---------------------------------
Report file: ../pdmvserv_task_GEN-Run3Summer22wmLHEGS-00649__v1_T_231124_061031_2943/JobCluster_6418/Job_6418240.tar.bz2
WMTimes collected: {'WM_wrapper': 6963.0, 'cmsRun1': 6954.187507152557, 'cmsRun1--WMCMSSWSubprocess': 6898.5851328372955, 'cmsRun1--TotalJobTime': 6894.82, 'stageOut1': 4.6896021366119385, 'logArch1': 1.2667725086212158}
Efficiency of SumOfAllSteps vs Wrapper (WC time) = 99.958981499322 %
- cmsRun metrics
[cmsRun1] Efficiency of cmsRun step TotalJobTime vs WMCMSSWSubprocess = 99.9454216659678
Total Efficiency of cmsRuns totalJobTime vs Wrapper WC Time= 99.02082435731724 %
Total Efficiency of cmsRuns SubProcess WC Times vs Wrapper WC Time = 99.07489778597294 %
WM_subprocess_eff[cmsRun1] = 99.9454216659678 %
---------------------------------
Report file: ../pdmvserv_task_GEN-Run3Summer22wmLHEGS-00649__v1_T_231124_061031_2943/JobCluster_6439/Job_6439968.tar.bz2
WMTimes collected: {'WM_wrapper': 4238.0, 'cmsRun1': 4223.35143661499, 'cmsRun1--WMCMSSWSubprocess': 4154.347691774368, 'cmsRun1--TotalJobTime': 4146.46, 'stageOut1': 9.32715654373169, 'logArch1': 2.70434308052063}
Efficiency of SumOfAllSteps vs Wrapper (WC time) = 99.93824766963762 %
- cmsRun metrics
[cmsRun1] Efficiency of cmsRun step TotalJobTime vs WMCMSSWSubprocess = 99.81013404848164
Total Efficiency of cmsRuns totalJobTime vs Wrapper WC Time= 97.8400188768287 %
Total Efficiency of cmsRuns SubProcess WC Times vs Wrapper WC Time = 98.02613713483645 %
WM_subprocess_eff[cmsRun1] = 99.81013404848164 %
